Execute pipeline with following supplementary args: --smtpPort 25 --listenerMode NOOP --launcherMode FAULT_LOCALIZATION  --gitrepourl https://github.com/INRIA/spoon --gitrepopullrequest 4343
java -cp /usr/local/openjdk-11/lib/tools.jar:repairnator-pipeline.jar -Dlogback.configurationFile=/root/logback.xml fr.inria.spirals.repairnator.pipeline.Launcher -d --runId null -o /var/log --ghOauth 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 --faultLocalization --flacocoThreshold 0.0 --flacocoTopK null --ghOauth  --smtpPort 25 --listenerMode NOOP --launcherMode FAULT_LOCALIZATION  --gitrepourl https://github.com/INRIA/spoon --gitrepopullrequest 4343

10:36:40.684 [main] INFO  f.i.s.r.p.g.GithubInitSerializerEngines - Initialize file serializer engines.
10:36:40.686 [main] INFO  f.i.s.r.p.g.GithubInitSerializerEngines - MongoDB won't be used for serialization.
10:36:40.686 [main] INFO  f.i.s.r.p.github.GithubInitNotifiers - The email notifier engine won't be used.
10:36:40.698 [main] INFO  f.i.s.r.p.i.ProjectInspector - ----------------------------------------------------------------------
10:36:40.698 [main] INFO  f.i.s.r.p.i.ProjectInspector - PIPELINE STEPS
10:36:40.698 [main] INFO  f.i.s.r.p.i.ProjectInspector - ----------------------------------------------------------------------
10:36:40.698 [main] INFO  f.i.s.r.p.i.ProjectInspector - CloneCheckoutGitPullRequest
10:36:40.698 [main] INFO  f.i.s.r.p.i.ProjectInspector - BuildProject
10:36:40.698 [main] INFO  f.i.s.r.p.i.ProjectInspector - TestProject
10:36:40.698 [main] INFO  f.i.s.r.p.i.ProjectInspector - ComputeClasspath
10:36:40.698 [main] INFO  f.i.s.r.p.i.ProjectInspector - ComputeSourceDir
10:36:40.698 [main] INFO  f.i.s.r.p.i.ProjectInspector - ComputeTestDir
10:36:40.698 [main] INFO  f.i.s.r.p.i.ProjectInspector - GatherTestInformation
10:36:40.698 [main] INFO  f.i.s.r.p.i.ProjectInspector - FlacocoLocalization
10:36:40.698 [main] INFO  f.i.s.r.p.i.ProjectInspector - PushFaultLocalizationSuggestions
10:36:40.698 [main] INFO  f.i.s.r.p.s.CloneCheckoutGitPullRequest - Cloning repository https://github.com/INRIA/spoon.git in the following directory: ./workspace/INRIA-spoon-master-4343_repo
10:39:44.078 [Thread-7] ERROR f.i.s.r.p.m.o.MavenFilterOutputHandler - [ERROR] Tests run: 4, Failures: 1, Errors: 0, Skipped: 0, Time elapsed: 4.217 s <<< FAILURE! - in spoon.reflect.visitor.CtScannerTest
10:39:44.078 [Thread-7] ERROR f.i.s.r.p.m.o.MavenFilterOutputHandler - [ERROR] spoon.reflect.visitor.CtScannerTest.testScan  Time elapsed: 0.023 s  <<< FAILURE!
10:40:04.254 [Thread-7] ERROR f.i.s.r.p.m.o.MavenFilterOutputHandler - [ERROR] Tests run: 3, Failures: 0, Errors: 1, Skipped: 0, Time elapsed: 0.021 s <<< FAILURE! - in spoon.test.filters.CUFilterTest
10:40:04.254 [Thread-7] ERROR f.i.s.r.p.m.o.MavenFilterOutputHandler - [ERROR] spoon.test.filters.CUFilterTest.testSingleExcludeWithoutFilter  Time elapsed: 0.006 s  <<< ERROR!
10:40:05.443 [Thread-7] ERROR f.i.s.r.p.m.o.MavenFilterOutputHandler - [ERROR] Tests run: 8, Failures: 3, Errors: 0, Skipped: 0, Time elapsed: 0.248 s <<< FAILURE! - in spoon.test.constructorcallnewclass.NewClassTest
10:40:05.443 [Thread-7] ERROR f.i.s.r.p.m.o.MavenFilterOutputHandler - [ERROR] spoon.test.constructorcallnewclass.NewClassTest.testNewClassInterfaceWithParameters  Time elapsed: 0.011 s  <<< FAILURE!
10:40:05.443 [Thread-7] ERROR f.i.s.r.p.m.o.MavenFilterOutputHandler - [ERROR] spoon.test.constructorcallnewclass.NewClassTest.testNewClassWithObjectClass  Time elapsed: 0.01 s  <<< FAILURE!
10:40:05.443 [Thread-7] ERROR f.i.s.r.p.m.o.MavenFilterOutputHandler - [ERROR] spoon.test.constructorcallnewclass.NewClassTest.testNewClassWithInterface  Time elapsed: 0.009 s  <<< FAILURE!
10:40:05.719 [Thread-7] ERROR f.i.s.r.p.m.o.MavenFilterOutputHandler - [ERROR] Tests run: 10, Failures: 4, Errors: 0, Skipped: 0, Time elapsed: 0.283 s <<< FAILURE! - in spoon.test.constructorcallnewclass.ConstructorCallTest
10:40:05.719 [Thread-7] ERROR f.i.s.r.p.m.o.MavenFilterOutputHandler - [ERROR] spoon.test.constructorcallnewclass.ConstructorCallTest.testConstructorCallObjectWithParameters  Time elapsed: 0.022 s  <<< FAILURE!
10:40:05.719 [Thread-7] ERROR f.i.s.r.p.m.o.MavenFilterOutputHandler - [ERROR] spoon.test.constructorcallnewclass.ConstructorCallTest.testConstructorCallStringWithoutParameters  Time elapsed: 0.024 s  <<< FAILURE!
10:40:05.719 [Thread-7] ERROR f.i.s.r.p.m.o.MavenFilterOutputHandler - [ERROR] spoon.test.constructorcallnewclass.ConstructorCallTest.testConstructorCallStringWithParameters  Time elapsed: 0.02 s  <<< FAILURE!
10:40:05.719 [Thread-7] ERROR f.i.s.r.p.m.o.MavenFilterOutputHandler - [ERROR] spoon.test.constructorcallnewclass.ConstructorCallTest.testConstructorCallObjectWithoutParameters  Time elapsed: 0.02 s  <<< FAILURE!
10:40:06.685 [Thread-7] ERROR f.i.s.r.p.m.o.MavenFilterOutputHandler - [ERROR] Tests run: 56, Failures: 2, Errors: 0, Skipped: 0, Time elapsed: 0.567 s <<< FAILURE! - in spoon.test.annotation.AnnotationTest
10:40:06.685 [Thread-7] ERROR f.i.s.r.p.m.o.MavenFilterOutputHandler - [ERROR] spoon.test.annotation.AnnotationTest.testAbstractAllAnnotationProcessor  Time elapsed: 0.02 s  <<< FAILURE!
10:40:06.685 [Thread-7] ERROR f.i.s.r.p.m.o.MavenFilterOutputHandler - [ERROR] spoon.test.annotation.AnnotationTest.testUsageOfTypeAnnotationInNewInstance  Time elapsed: 0.015 s  <<< FAILURE!
10:40:06.722 [Thread-7] ERROR f.i.s.r.p.m.o.MavenFilterOutputHandler - [ERROR] Tests run: 7, Failures: 1, Errors: 0, Skipped: 0, Time elapsed: 0.039 s <<< FAILURE! - in spoon.test.annotation.AnnotationValuesTest
10:40:06.723 [Thread-7] ERROR f.i.s.r.p.m.o.MavenFilterOutputHandler - [ERROR] spoon.test.annotation.AnnotationValuesTest.testValuesOnJava8Annotation  Time elapsed: 0.013 s  <<< FAILURE!
10:40:09.544 [Thread-7] ERROR f.i.s.r.p.m.o.MavenFilterOutputHandler - [ERROR] Tests run: 9, Failures: 3, Errors: 0, Skipped: 0, Time elapsed: 0.18 s <<< FAILURE! - in spoon.test.variable.AccessFullyQualifiedFieldTest
10:40:09.545 [Thread-7] ERROR f.i.s.r.p.m.o.MavenFilterOutputHandler - [ERROR] spoon.test.variable.AccessFullyQualifiedFieldTest.testNoFQNAndStaticImport  Time elapsed: 0.028 s  <<< FAILURE!
10:40:09.545 [Thread-7] ERROR f.i.s.r.p.m.o.MavenFilterOutputHandler - [ERROR] spoon.test.variable.AccessFullyQualifiedFieldTest.testStaticImportWithAutoImport  Time elapsed: 0.026 s  <<< FAILURE!
10:40:09.546 [Thread-7] ERROR f.i.s.r.p.m.o.MavenFilterOutputHandler - [ERROR] spoon.test.variable.AccessFullyQualifiedFieldTest.testNoFQNWhenUsedInInnerClassAndShadowedByLocalVariable  Time elapsed: 0.019 s  <<< FAILURE!
10:40:09.631 [Thread-7] ERROR f.i.s.r.p.m.o.MavenFilterOutputHandler - [ERROR] Tests run: 8, Failures: 1, Errors: 0, Skipped: 0, Time elapsed: 0.086 s <<< FAILURE! - in spoon.test.variable.AccessTest
10:40:09.631 [Thread-7] ERROR f.i.s.r.p.m.o.MavenFilterOutputHandler - [ERROR] spoon.test.variable.AccessTest.testVariableAccessInNoClasspath  Time elapsed: 0.026 s  <<< FAILURE!
10:40:36.503 [Thread-7] ERROR f.i.s.r.p.m.o.MavenFilterOutputHandler - [ERROR] Tests run: 8, Failures: 1, Errors: 0, Skipped: 0, Time elapsed: 13.591 s <<< FAILURE! - in spoon.test.architecture.SpoonArchitectureEnforcerTest
10:40:36.504 [Thread-7] ERROR f.i.s.r.p.m.o.MavenFilterOutputHandler - [ERROR] spoon.test.architecture.SpoonArchitectureEnforcerTest.testSrcMainJava  Time elapsed: 4.236 s  <<< FAILURE!
10:40:41.002 [Thread-7] ERROR f.i.s.r.p.m.o.MavenFilterOutputHandler - [ERROR] Tests run: 52, Failures: 4, Errors: 2, Skipped: 0, Time elapsed: 0.732 s <<< FAILURE! - in spoon.test.generics.GenericsTest
10:40:41.002 [Thread-7] ERROR f.i.s.r.p.m.o.MavenFilterOutputHandler - [ERROR] spoon.test.generics.GenericsTest.testConstructorCallGenerics  Time elapsed: 0.038 s  <<< FAILURE!
10:40:41.002 [Thread-7] ERROR f.i.s.r.p.m.o.MavenFilterOutputHandler - [ERROR] spoon.test.generics.GenericsTest.testGenericsInConstructorCall  Time elapsed: 0.005 s  <<< FAILURE!
10:40:41.002 [Thread-7] ERROR f.i.s.r.p.m.o.MavenFilterOutputHandler - [ERROR] spoon.test.generics.GenericsTest.testInvocationGenerics  Time elapsed: 0.035 s  <<< FAILURE!
10:40:41.002 [Thread-7] ERROR f.i.s.r.p.m.o.MavenFilterOutputHandler - [ERROR] spoon.test.generics.GenericsTest.testExecutableTypeParameter  Time elapsed: 0.005 s  <<< ERROR!
10:40:41.002 [Thread-7] ERROR f.i.s.r.p.m.o.MavenFilterOutputHandler - [ERROR] spoon.test.generics.GenericsTest.testMethodsWithGenericsWhoExtendsObject  Time elapsed: 0.036 s  <<< FAILURE!
10:40:41.002 [Thread-7] ERROR f.i.s.r.p.m.o.MavenFilterOutputHandler - [ERROR] spoon.test.generics.GenericsTest.testMethodTypingContext  Time elapsed: 0.023 s  <<< ERROR!
10:40:43.379 [Thread-7] ERROR f.i.s.r.p.m.o.MavenFilterOutputHandler - [ERROR] Tests run: 2, Failures: 1, Errors: 0, Skipped: 0, Time elapsed: 0.024 s <<< FAILURE! - in spoon.test.staticFieldAccess.StaticAccessTest
10:40:43.379 [Thread-7] ERROR f.i.s.r.p.m.o.MavenFilterOutputHandler - [ERROR] spoon.test.staticFieldAccess.StaticAccessTest.testProcessAndCompile  Time elapsed: 0.017 s  <<< FAILURE!
10:40:43.704 [Thread-7] ERROR f.i.s.r.p.m.o.MavenFilterOutputHandler - [ERROR] Tests run: 32, Failures: 0, Errors: 1, Skipped: 0, Time elapsed: 0.277 s <<< FAILURE! - in spoon.test.reference.TypeReferenceTest
10:40:43.704 [Thread-7] ERROR f.i.s.r.p.m.o.MavenFilterOutputHandler - [ERROR] spoon.test.reference.TypeReferenceTest.testConstructorCallInNoClasspath  Time elapsed: 0.007 s  <<< ERROR!
10:40:43.828 [Thread-7] ERROR f.i.s.r.p.m.o.MavenFilterOutputHandler - [ERROR] Tests run: 9, Failures: 1, Errors: 0, Skipped: 0, Time elapsed: 0.123 s <<< FAILURE! - in spoon.test.reference.ExecutableReferenceTest
10:40:43.828 [Thread-7] ERROR f.i.s.r.p.m.o.MavenFilterOutputHandler - [ERROR] spoon.test.reference.ExecutableReferenceTest.testCallMethodOfClassNotPresent  Time elapsed: 0.008 s  <<< FAILURE!
10:40:45.644 [Thread-7] ERROR f.i.s.r.p.m.o.MavenFilterOutputHandler - [ERROR] Tests run: 15, Failures: 2, Errors: 0, Skipped: 0, Time elapsed: 1.354 s <<< FAILURE! - in spoon.test.prettyprinter.PrinterTest
10:40:45.644 [Thread-7] ERROR f.i.s.r.p.m.o.MavenFilterOutputHandler - [ERROR] spoon.test.prettyprinter.PrinterTest.testPrinterTokenListener  Time elapsed: 0.28 s  <<< FAILURE!
10:40:45.644 [Thread-7] ERROR f.i.s.r.p.m.o.MavenFilterOutputHandler - [ERROR] spoon.test.prettyprinter.PrinterTest.testJDTBatchCompilerCanBeBuild  Time elapsed: 0.232 s  <<< FAILURE!
10:40:46.252 [Thread-7] ERROR f.i.s.r.p.m.o.MavenFilterOutputHandler - [ERROR] Tests run: 20, Failures: 1, Errors: 0, Skipped: 0, Time elapsed: 0.174 s <<< FAILURE! - in spoon.test.targeted.TargetedExpressionTest
10:40:46.253 [Thread-7] ERROR f.i.s.r.p.m.o.MavenFilterOutputHandler - [ERROR] spoon.test.targeted.TargetedExpressionTest.testCtSuperAccess  Time elapsed: 0.007 s  <<< FAILURE!
10:40:50.273 [Thread-7] ERROR f.i.s.r.p.m.o.MavenFilterOutputHandler - [ERROR] Tests run: 11, Failures: 1, Errors: 0, Skipped: 0, Time elapsed: 1.199 s <<< FAILURE! - in spoon.test.ctClass.CtClassTest
10:40:50.274 [Thread-7] ERROR f.i.s.r.p.m.o.MavenFilterOutputHandler - [ERROR] spoon.test.ctClass.CtClassTest.testParentOfTheEnclosingClassOfStaticClass  Time elapsed: 0.974 s  <<< FAILURE!
10:40:50.807 [Thread-7] ERROR f.i.s.r.p.m.o.MavenFilterOutputHandler - [ERROR] Tests run: 15, Failures: 0, Errors: 1, Skipped: 0, Time elapsed: 0.227 s <<< FAILURE! - in spoon.test.type.TypeTest
10:40:50.807 [Thread-7] ERROR f.i.s.r.p.m.o.MavenFilterOutputHandler - [ERROR] spoon.test.type.TypeTest.testPolyTypBindingInTernaryExpression  Time elapsed: 0.032 s  <<< ERROR!
10:40:50.917 [Thread-7] ERROR f.i.s.r.p.m.o.MavenFilterOutputHandler - [ERROR] Tests run: 6, Failures: 1, Errors: 0, Skipped: 0, Time elapsed: 0.059 s <<< FAILURE! - in spoon.test.secondaryclasses.ClassesTest
10:40:50.917 [Thread-7] ERROR f.i.s.r.p.m.o.MavenFilterOutputHandler - [ERROR] spoon.test.secondaryclasses.ClassesTest.testAnonymousClass  Time elapsed: 0.011 s  <<< FAILURE!
10:40:54.445 [Thread-7] ERROR f.i.s.r.p.m.o.MavenFilterOutputHandler - [ERROR] Tests run: 17, Failures: 1, Errors: 1, Skipped: 0, Time elapsed: 0.139 s <<< FAILURE! - in spoon.test.trycatch.TryCatchTest
10:40:54.445 [Thread-7] ERROR f.i.s.r.p.m.o.MavenFilterOutputHandler - [ERROR] spoon.test.trycatch.TryCatchTest.testCompileMultiTryCatchWithCustomExceptions  Time elapsed: 0.024 s  <<< FAILURE!
10:40:54.445 [Thread-7] ERROR f.i.s.r.p.m.o.MavenFilterOutputHandler - [ERROR] spoon.test.trycatch.TryCatchTest.testCatchWithExplicitFinalVariable  Time elapsed: 0.019 s  <<< ERROR!
10:41:31.562 [Thread-7] ERROR f.i.s.r.p.m.o.MavenFilterOutputHandler - [ERROR] Tests run: 49, Failures: 6, Errors: 0, Skipped: 0, Time elapsed: 0.844 s <<< FAILURE! - in spoon.test.filters.FilterTest
10:41:31.562 [Thread-7] ERROR f.i.s.r.p.m.o.MavenFilterOutputHandler - [ERROR] spoon.test.filters.FilterTest.testOverridingMethodFromSubClassOfInterface  Time elapsed: 0.025 s  <<< FAILURE!
10:41:31.563 [Thread-7] ERROR f.i.s.r.p.m.o.MavenFilterOutputHandler - [ERROR] spoon.test.filters.FilterTest.testOverridingMethodFromAbstractClass  Time elapsed: 0.022 s  <<< FAILURE!
10:41:31.563 [Thread-7] ERROR f.i.s.r.p.m.o.MavenFilterOutputHandler - [ERROR] spoon.test.filters.FilterTest.testOverridingMethodFromSubClassOfAbstractClass  Time elapsed: 0.022 s  <<< FAILURE!
10:41:31.563 [Thread-7] ERROR f.i.s.r.p.m.o.MavenFilterOutputHandler - [ERROR] spoon.test.filters.FilterTest.testSubInheritanceHierarchyResolver  Time elapsed: 0.023 s  <<< FAILURE!
10:41:31.563 [Thread-7] ERROR f.i.s.r.p.m.o.MavenFilterOutputHandler - [ERROR] spoon.test.filters.FilterTest.testSubTypeFilter  Time elapsed: 0.022 s  <<< FAILURE!
10:41:31.563 [Thread-7] ERROR f.i.s.r.p.m.o.MavenFilterOutputHandler - [ERROR] spoon.test.filters.FilterTest.testOverridingMethodFromInterface  Time elapsed: 0.023 s  <<< FAILURE!
10:41:35.372 [Thread-7] ERROR f.i.s.r.p.m.o.MavenFilterOutputHandler - [ERROR] Tests run: 5, Failures: 3, Errors: 0, Skipped: 0, Time elapsed: 0.095 s <<< FAILURE! - in spoon.test.refactoring.MethodsRefactoringTest
10:41:35.373 [Thread-7] ERROR f.i.s.r.p.m.o.MavenFilterOutputHandler - [ERROR] spoon.test.refactoring.MethodsRefactoringTest.testAllMethodsSameSignatureFunction  Time elapsed: 0.015 s  <<< FAILURE!
10:41:35.373 [Thread-7] ERROR f.i.s.r.p.m.o.MavenFilterOutputHandler - [ERROR] spoon.test.refactoring.MethodsRefactoringTest.testCtParameterRemoveRefactoring  Time elapsed: 0.029 s  <<< FAILURE!
10:41:35.374 [Thread-7] ERROR f.i.s.r.p.m.o.MavenFilterOutputHandler - [ERROR] spoon.test.refactoring.MethodsRefactoringTest.testSubInheritanceHierarchyFunction  Time elapsed: 0.011 s  <<< FAILURE!
10:41:49.615 [Thread-7] ERROR f.i.s.r.p.m.o.MavenFilterOutputHandler - [ERROR] Tests run: 51, Failures: 0, Errors: 1, Skipped: 0, Time elapsed: 4.629 s <<< FAILURE! - in spoon.test.imports.ImportTest
10:41:49.616 [Thread-7] ERROR f.i.s.r.p.m.o.MavenFilterOutputHandler - [ERROR] spoon.test.imports.ImportTest.testSortImportPutStaticImportAfterTypeImport  Time elapsed: 0.017 s  <<< ERROR!
10:41:49.884 [Thread-7] ERROR f.i.s.r.p.m.o.MavenFilterOutputHandler - [ERROR] Failures: 
10:41:49.884 [Thread-7] ERROR f.i.s.r.p.m.o.MavenFilterOutputHandler - [ERROR]   CtScannerTest.testScan:273 expected:<3655> but was:<3651>
10:41:49.884 [Thread-7] ERROR f.i.s.r.p.m.o.MavenFilterOutputHandler - [ERROR]   AnnotationTest.testAbstractAllAnnotationProcessor:981 expected:<29> but was:<28>
10:41:49.884 [Thread-7] ERROR f.i.s.r.p.m.o.MavenFilterOutputHandler - [ERROR]   AnnotationTest.testUsageOfTypeAnnotationInNewInstance:522 Type of the new class must use an annotation expected:<1> but was:<0>
10:41:49.884 [Thread-7] ERROR f.i.s.r.p.m.o.MavenFilterOutputHandler - [ERROR]   AnnotationValuesTest.testValuesOnJava8Annotation:77 Annotation isn't present on the current element.
10:41:49.885 [Thread-7] ERROR f.i.s.r.p.m.o.MavenFilterOutputHandler - [ERROR]   SpoonArchitectureEnforcerTest.testSrcMainJava:199 22 public methods should be documented with proper API documentation: 
10:41:49.886 [Thread-7] ERROR f.i.s.r.p.m.o.MavenFilterOutputHandler - [ERROR]   ConstructorCallTest.testConstructorCallObjectWithParameters:100->assertConstructorCallWithType:133 Constructor call is typed by the class of the constructor expected same:<class spoon.test.constructorcallnewclass.testclasses.Foo> was not:<class spoon.test.constructorcallnewclass.testclasses.Foo$1>
10:41:49.886 [Thread-7] ERROR f.i.s.r.p.m.o.MavenFilterOutputHandler - [ERROR]   ConstructorCallTest.testConstructorCallObjectWithoutParameters:94->assertHasParameters:122 Constructor call without parameter expected:<0> but was:<1>
10:41:49.886 [Thread-7] ERROR f.i.s.r.p.m.o.MavenFilterOutputHandler - [ERROR]   ConstructorCallTest.testConstructorCallStringWithParameters:86->assertHasParameters:124 Constructor call with parameters expected:<1> but was:<0>
10:41:49.887 [Thread-7] ERROR f.i.s.r.p.m.o.MavenFilterOutputHandler - [ERROR]   ConstructorCallTest.testConstructorCallStringWithoutParameters:76->assertConstructorCallWithType:133 Constructor call is typed by the class of the constructor expected same:<class java.lang.String> was not:<class spoon.test.constructorcallnewclass.testclasses.Foo>
10:41:49.887 [Thread-7] ERROR f.i.s.r.p.m.o.MavenFilterOutputHandler - [ERROR]   NewClassTest.testNewClassInterfaceWithParameters:116->assertType:167 New class is typed by the class of the constructor expected same:<class spoon.test.constructorcallnewclass.testclasses.Foo$BarImpl> was not:<class spoon.test.constructorcallnewclass.testclasses.Foo$4>
10:41:49.887 [Thread-7] ERROR f.i.s.r.p.m.o.MavenFilterOutputHandler - [ERROR]   NewClassTest.testNewClassWithInterface:84->assertType:167 New class is typed by the class of the constructor expected same:<interface spoon.test.constructorcallnewclass.testclasses.Foo$Bar> was not:<class spoon.test.constructorcallnewclass.testclasses.Foo$2>
10:41:49.887 [Thread-7] ERROR f.i.s.r.p.m.o.MavenFilterOutputHandler - [ERROR]   NewClassTest.testNewClassWithObjectClass:70->assertType:167 New class is typed by the class of the constructor expected same:<class java.lang.Object> was not:<class spoon.test.constructorcallnewclass.testclasses.Foo$1>
10:41:49.888 [Thread-7] ERROR f.i.s.r.p.m.o.MavenFilterOutputHandler - [ERROR]   CtClassTest.testParentOfTheEnclosingClassOfStaticClass:150 Can't compile class because Inconsistent Stack protected static daikon.Daikon.FileOptions read_options(java.lang.String[] args, java.lang.String usage) {
10:41:49.891 [Thread-7] ERROR f.i.s.r.p.m.o.MavenFilterOutputHandler - [ERROR]   FilterTest.testOverridingMethodFromAbstractClass:331 expected: <5> but was: <3>
10:41:49.891 [Thread-7] ERROR f.i.s.r.p.m.o.MavenFilterOutputHandler - [ERROR]   FilterTest.testOverridingMethodFromInterface:381 expected: <4> but was: <3>
10:41:49.891 [Thread-7] ERROR f.i.s.r.p.m.o.MavenFilterOutputHandler - [ERROR]   FilterTest.testOverridingMethodFromSubClassOfAbstractClass:357 expected: <3> but was: <1>
10:41:49.891 [Thread-7] ERROR f.i.s.r.p.m.o.MavenFilterOutputHandler - [ERROR]   FilterTest.testOverridingMethodFromSubClassOfInterface:400 expected: <2> but was: <1>
10:41:49.891 [Thread-7] ERROR f.i.s.r.p.m.o.MavenFilterOutputHandler - [ERROR]   FilterTest.testSubInheritanceHierarchyResolver:1355 expected: <5> but was: <3>
10:41:49.892 [Thread-7] ERROR f.i.s.r.p.m.o.MavenFilterOutputHandler - [ERROR]   FilterTest.testSubTypeFilter:1409 expected: <6> but was: <4>
10:41:49.892 [Thread-7] ERROR f.i.s.r.p.m.o.MavenFilterOutputHandler - [ERROR]   GenericsTest.testConstructorCallGenerics:434 expected:<1> but was:<0>
10:41:49.892 [Thread-7] ERROR f.i.s.r.p.m.o.MavenFilterOutputHandler - [ERROR]   GenericsTest.testGenericsInConstructorCall:607 expected:<1> but was:<0>
10:41:49.892 [Thread-7] ERROR f.i.s.r.p.m.o.MavenFilterOutputHandler - [ERROR]   GenericsTest.testInvocationGenerics:458 expected:<1> but was:<0>
10:41:49.892 [Thread-7] ERROR f.i.s.r.p.m.o.MavenFilterOutputHandler - [ERROR]   GenericsTest.testMethodsWithGenericsWhoExtendsObject:509 expected:<2> but was:<0>
10:41:49.892 [Thread-7] ERROR f.i.s.r.p.m.o.MavenFilterOutputHandler - [ERROR]   PrinterTest.testJDTBatchCompilerCanBeBuild:254
10:41:49.892 [Thread-7] ERROR f.i.s.r.p.m.o.MavenFilterOutputHandler - [ERROR]   PrinterTest.testPrinterTokenListener:520
10:41:49.892 [Thread-7] ERROR f.i.s.r.p.m.o.MavenFilterOutputHandler - [ERROR]   MethodsRefactoringTest.testAllMethodsSameSignatureFunction:134->checkMethodHierarchies:165->checkMethodHierarchy:180->lambda$checkMethodHierarchy$6:186 The signature spoon.test.refactoring.parameter.testclasses.TypeB$1#method1(java.lang.Exception) not found ==> expected: <true> but was: <false>
10:41:49.892 [Thread-7] ERROR f.i.s.r.p.m.o.MavenFilterOutputHandler - [ERROR]   MethodsRefactoringTest.testCtParameterRemoveRefactoring:358 Can't compile testclasses because Syntax error on token ".1", delete this token at /root/workspace/INRIA-spoon-master-4343_repo/target/spooned/spoon/test/refactoring/parameter/testclasses/TypeB.java:7
10:41:49.893 [Thread-7] ERROR f.i.s.r.p.m.o.MavenFilterOutputHandler - [ERROR]   MethodsRefactoringTest.testSubInheritanceHierarchyFunction:74->checkContainsOnly:119 The spoon.test.refactoring.parameter.testclasses.TypeB$1 not found ==> expected: <true> but was: <false>
10:41:49.893 [Thread-7] ERROR f.i.s.r.p.m.o.MavenFilterOutputHandler - [ERROR]   ExecutableReferenceTest.testCallMethodOfClassNotPresent:72 expected:<new [Bar]().m()> but was:<new []().m()>
10:41:49.893 [Thread-7] ERROR f.i.s.r.p.m.o.MavenFilterOutputHandler - [ERROR]   ClassesTest.testAnonymousClass:106 expected null, but was:<{
10:41:49.893 [Thread-7] ERROR f.i.s.r.p.m.o.MavenFilterOutputHandler - [ERROR]   StaticAccessTest.testProcessAndCompile:81
10:41:49.893 [Thread-7] ERROR f.i.s.r.p.m.o.MavenFilterOutputHandler - [ERROR]   TargetedExpressionTest.testCtSuperAccess:73 expected:<s[poon.test.targeted.testclasses.InternalSuperCall.s]uper.toString()> but was:<s[]uper.toString()>
10:41:49.893 [Thread-7] ERROR f.i.s.r.p.m.o.MavenFilterOutputHandler - [ERROR]   TryCatchTest.testCompileMultiTryCatchWithCustomExceptions:224
10:41:49.893 [Thread-7] ERROR f.i.s.r.p.m.o.MavenFilterOutputHandler - [ERROR]   AccessFullyQualifiedFieldTest.testNoFQNAndStaticImport:158 Can't compile spooned-AccessFullyQualifiedFieldTest-MultiNoAutoImport because Syntax error on token ".1", delete this token at /root/workspace/INRIA-spoon-master-4343_repo/target/spooned-AccessFullyQualifiedFieldTest-MultiNoAutoImport/spoon/test/variable/testclasses/MultiBurritos.java:19
10:41:49.894 [Thread-7] ERROR f.i.s.r.p.m.o.MavenFilterOutputHandler - [ERROR]   AccessFullyQualifiedFieldTest.testNoFQNWhenUsedInInnerClassAndShadowedByLocalVariable:95 Can't compile spooned-AccessFullyQualifiedFieldTest-StaticMethod because Syntax error on token ".1", delete this token at /root/workspace/INRIA-spoon-master-4343_repo/target/spooned-AccessFullyQualifiedFieldTest-StaticMethod/spoon/test/variable/testclasses/BurritosStaticMethod.java:8
10:41:49.894 [Thread-7] ERROR f.i.s.r.p.m.o.MavenFilterOutputHandler - [ERROR]   AccessFullyQualifiedFieldTest.testStaticImportWithAutoImport:146 Can't compile spooned-AccessFullyQualifiedFieldTest-MultiAutoImport because Syntax error on token "1", invalid ClassType at /root/workspace/INRIA-spoon-master-4343_repo/target/spooned-AccessFullyQualifiedFieldTest-MultiAutoImport/spoon/test/variable/testclasses/MultiBurritos.java:20
10:41:49.894 [Thread-7] ERROR f.i.s.r.p.m.o.MavenFilterOutputHandler - [ERROR]   AccessTest.testVariableAccessInNoClasspath:214 expected:<new [org.argouml.uml.ui.PropPanelButton](this, buttonPanel, ...> but was:<new [java.lang.Object](this, buttonPanel, ...>
10:41:49.894 [Thread-7] ERROR f.i.s.r.p.m.o.MavenFilterOutputHandler - [ERROR] Errors: 
10:41:49.894 [Thread-7] ERROR f.i.s.r.p.m.o.MavenFilterOutputHandler - [ERROR]   CUFilterTest.testSingleExcludeWithoutFilter:83 NullPointer
10:41:49.894 [Thread-7] ERROR f.i.s.r.p.m.o.MavenFilterOutputHandler - [ERROR]   GenericsTest.testExecutableTypeParameter:1565 » IndexOutOfBounds Index: 0
10:41:49.894 [Thread-7] ERROR f.i.s.r.p.m.o.MavenFilterOutputHandler - [ERROR]   GenericsTest.testMethodTypingContext:1067 » IndexOutOfBounds Index: 0
10:41:49.895 [Thread-7] ERROR f.i.s.r.p.m.o.MavenFilterOutputHandler - [ERROR]   ImportTest.testSortImportPutStaticImportAfterTypeImport:1217 » SnippetCompilation
10:41:49.895 [Thread-7] ERROR f.i.s.r.p.m.o.MavenFilterOutputHandler - [ERROR]   TypeReferenceTest.testConstructorCallInNoClasspath:516 NullPointer
10:41:49.895 [Thread-7] ERROR f.i.s.r.p.m.o.MavenFilterOutputHandler - [ERROR]   TryCatchTest.testCatchWithExplicitFinalVariable:305 » SnippetCompilation Synta...
10:41:49.895 [Thread-7] ERROR f.i.s.r.p.m.o.MavenFilterOutputHandler - [ERROR]   TypeTest.testPolyTypBindingInTernaryExpression:338 » NullPointer
10:41:49.895 [Thread-7] ERROR f.i.s.r.p.m.o.MavenFilterOutputHandler - [ERROR] Tests run: 2143, Failures: 37, Errors: 7, Skipped: 18
10:41:50.391 [Thread-7] ERROR f.i.s.r.p.m.o.MavenFilterOutputHandler - [ERROR] Failed to execute goal org.apache.maven.plugins:maven-surefire-plugin:3.0.0-M5:test (default-test) on project spoon-core: There are test failures.
10:41:50.392 [Thread-7] ERROR f.i.s.r.p.m.o.MavenFilterOutputHandler - [ERROR] 
10:41:50.392 [Thread-7] ERROR f.i.s.r.p.m.o.MavenFilterOutputHandler - [ERROR] Please refer to /root/workspace/INRIA-spoon-master-4343_repo/target/surefire-reports for the individual test results.
10:41:50.392 [Thread-7] ERROR f.i.s.r.p.m.o.MavenFilterOutputHandler - [ERROR] Please refer to dump files (if any exist) [date].dump, [date]-jvmRun[N].dump and [date].dumpstream.
10:41:50.392 [Thread-7] ERROR f.i.s.r.p.m.o.MavenFilterOutputHandler - [ERROR] -> [Help 1]
10:41:50.396 [Thread-7] ERROR f.i.s.r.p.m.o.MavenFilterOutputHandler - [ERROR] 
10:41:50.396 [Thread-7] ERROR f.i.s.r.p.m.o.MavenFilterOutputHandler - [ERROR] Re-run Maven using the -X switch to enable full debug logging.
10:41:50.396 [Thread-7] ERROR f.i.s.r.p.m.o.MavenFilterOutputHandler - [ERROR] 
10:41:50.396 [Thread-7] ERROR f.i.s.r.p.m.o.MavenFilterOutputHandler - [ERROR] For more information about the errors and possible solutions, please read the following articles:
10:41:50.396 [Thread-7] ERROR f.i.s.r.p.m.o.MavenFilterOutputHandler - [ERROR] [Help 1] http://cwiki.apache.org/confluence/display/MAVEN/MojoFailureException
10:41:57.817 [main] INFO  f.i.s.r.p.s.paths.ComputeSourceDir - 1 source dir was found:
10:41:57.817 [main] INFO  f.i.s.r.p.s.paths.ComputeSourceDir - /root/workspace/INRIA-spoon-master-4343_repo/src/main/java
10:41:57.861 [main] INFO  f.i.s.r.p.step.paths.ComputeTestDir - It seems the step is entering in a loop while searching the test dir. The following file has already been visited: /root/workspace/INRIA-spoon-master-4343_repo/pom.xml
10:41:57.861 [main] INFO  f.i.s.r.p.step.paths.ComputeTestDir - 1 test dir was found:
10:41:57.861 [main] INFO  f.i.s.r.p.step.paths.ComputeTestDir - /root/workspace/INRIA-spoon-master-4343_repo/src/test/java
10:41:58.126 [main] INFO  f.i.s.r.p.s.g.GatherTestInformation - Get the following failing module path: /root/workspace/INRIA-spoon-master-4343_repo
10:41:58.130 [main] INFO  f.i.s.r.p.s.g.GatherTestInformation - Get the following failing module path: /root/workspace/INRIA-spoon-master-4343_repo
10:41:58.130 [main] INFO  f.i.s.r.p.s.g.GatherTestInformation - Get the following failing module path: /root/workspace/INRIA-spoon-master-4343_repo
10:41:58.130 [main] INFO  f.i.s.r.p.s.g.GatherTestInformation - Get the following failing module path: /root/workspace/INRIA-spoon-master-4343_repo
10:41:58.130 [main] INFO  f.i.s.r.p.s.g.GatherTestInformation - Get the following failing module path: /root/workspace/INRIA-spoon-master-4343_repo
10:41:58.130 [main] INFO  f.i.s.r.p.s.g.GatherTestInformation - Get the following failing module path: /root/workspace/INRIA-spoon-master-4343_repo
10:41:58.130 [main] INFO  f.i.s.r.p.s.g.GatherTestInformation - Get the following failing module path: /root/workspace/INRIA-spoon-master-4343_repo
10:41:58.131 [main] INFO  f.i.s.r.p.s.g.GatherTestInformation - Get the following failing module path: /root/workspace/INRIA-spoon-master-4343_repo
10:41:58.132 [main] INFO  f.i.s.r.p.s.g.GatherTestInformation - Get the following failing module path: /root/workspace/INRIA-spoon-master-4343_repo
10:41:58.132 [main] INFO  f.i.s.r.p.s.g.GatherTestInformation - Get the following failing module path: /root/workspace/INRIA-spoon-master-4343_repo
10:41:58.132 [main] INFO  f.i.s.r.p.s.g.GatherTestInformation - Get the following failing module path: /root/workspace/INRIA-spoon-master-4343_repo
10:41:58.132 [main] INFO  f.i.s.r.p.s.g.GatherTestInformation - Get the following failing module path: /root/workspace/INRIA-spoon-master-4343_repo
10:41:58.132 [main] INFO  f.i.s.r.p.s.g.GatherTestInformation - Get the following failing module path: /root/workspace/INRIA-spoon-master-4343_repo
10:41:58.132 [main] INFO  f.i.s.r.p.s.g.GatherTestInformation - Get the following failing module path: /root/workspace/INRIA-spoon-master-4343_repo
10:41:58.132 [main] INFO  f.i.s.r.p.s.g.GatherTestInformation - Get the following failing module path: /root/workspace/INRIA-spoon-master-4343_repo
10:41:58.132 [main] INFO  f.i.s.r.p.s.g.GatherTestInformation - Get the following failing module path: /root/workspace/INRIA-spoon-master-4343_repo
10:41:58.132 [main] INFO  f.i.s.r.p.s.g.GatherTestInformation - Get the following failing module path: /root/workspace/INRIA-spoon-master-4343_repo
10:41:58.132 [main] INFO  f.i.s.r.p.s.g.GatherTestInformation - Get the following failing module path: /root/workspace/INRIA-spoon-master-4343_repo
10:41:58.132 [main] INFO  f.i.s.r.p.s.g.GatherTestInformation - Get the following failing module path: /root/workspace/INRIA-spoon-master-4343_repo
10:41:58.133 [main] INFO  f.i.s.r.p.s.g.GatherTestInformation - Get the following failing module path: /root/workspace/INRIA-spoon-master-4343_repo
10:41:58.133 [main] INFO  f.i.s.r.p.s.g.GatherTestInformation - Get the following failing module path: /root/workspace/INRIA-spoon-master-4343_repo
10:41:58.133 [main] INFO  f.i.s.r.p.s.g.GatherTestInformation - Get the following failing module path: /root/workspace/INRIA-spoon-master-4343_repo
10:41:58.133 [main] INFO  f.i.s.r.p.s.g.GatherTestInformation - ---Test results---
10:41:58.133 [main] INFO  f.i.s.r.p.s.g.GatherTestInformation -    Total tests: 2143
10:41:58.133 [main] INFO  f.i.s.r.p.s.g.GatherTestInformation -    Tests run: 2125
10:41:58.133 [main] INFO  f.i.s.r.p.s.g.GatherTestInformation -    Tests passing: 2081
10:41:58.133 [main] INFO  f.i.s.r.p.s.g.GatherTestInformation -    Failures: 37
10:41:58.133 [main] INFO  f.i.s.r.p.s.g.GatherTestInformation -    Errors: 7
10:41:58.133 [main] INFO  f.i.s.r.p.s.g.GatherTestInformation -    Skipped: 18
[0] INFO Flacoco - Running Flacoco...
[179] WARN Processor - ClassNotFoundException: spoon.support.visitor.java.internal.RecordComponentRuntimeBuilderContext
[179] WARN Processor - [file:/root/workspace/INRIA-spoon-master-4343_repo/target/classes/, file:/root/workspace/INRIA-spoon-master-4343_repo/target/test-classes/, file:/root/./workspace/INRIA-spoon-master-4343_repo/.m2/org/eclipse/jdt/org.eclipse.jdt.core/3.28.0/org.eclipse.jdt.core-3.28.0.jar, file:/root/./workspace/INRIA-spoon-master-4343_repo/.m2/com/martiansoftware/jsap/2.1/jsap-2.1.jar, file:/root/./workspace/INRIA-spoon-master-4343_repo/.m2/org/slf4j/slf4j-api/1.7.32/slf4j-api-1.7.32.jar, file:/root/./workspace/INRIA-spoon-master-4343_repo/.m2/commons-io/commons-io/2.11.0/commons-io-2.11.0.jar, file:/root/./workspace/INRIA-spoon-master-4343_repo/.m2/org/apache/maven/maven-model/3.8.4/maven-model-3.8.4.jar, file:/root/./workspace/INRIA-spoon-master-4343_repo/.m2/org/codehaus/plexus/plexus-utils/3.3.0/plexus-utils-3.3.0.jar, file:/root/./workspace/INRIA-spoon-master-4343_repo/.m2/org/apache/commons/commons-lang3/3.12.0/commons-lang3-3.12.0.jar, file:/root/./workspace/INRIA-spoon-master-4343_repo/.m2/org/tukaani/xz/1.9/xz-1.9.jar, file:/root/./workspace/INRIA-spoon-master-4343_repo/.m2/com/fasterxml/jackson/core/jackson-databind/2.13.0/jackson-databind-2.13.0.jar, file:/root/./workspace/INRIA-spoon-master-4343_repo/.m2/com/fasterxml/jackson/core/jackson-annotations/2.13.0/jackson-annotations-2.13.0.jar, file:/root/./workspace/INRIA-spoon-master-4343_repo/.m2/com/fasterxml/jackson/core/jackson-core/2.13.0/jackson-core-2.13.0.jar, file:/root/./workspace/INRIA-spoon-master-4343_repo/.m2/org/apache/commons/commons-compress/1.21/commons-compress-1.21.jar, file:/root/./workspace/INRIA-spoon-master-4343_repo/.m2/com/google/guava/guava/31.0.1-jre/guava-31.0.1-jre.jar, file:/root/./workspace/INRIA-spoon-master-4343_repo/.m2/com/google/guava/failureaccess/1.0.1/failureaccess-1.0.1.jar, file:/root/./workspace/INRIA-spoon-master-4343_repo/.m2/com/google/guava/listenablefuture/9999.0-empty-to-avoid-conflict-with-guava/listenablefuture-9999.0-empty-to-avoid-conflict-with-guava.jar, file:/root/./workspace/INRIA-spoon-master-4343_repo/.m2/com/google/code/findbugs/jsr305/3.0.2/jsr305-3.0.2.jar, file:/root/./workspace/INRIA-spoon-master-4343_repo/.m2/org/checkerframework/checker-qual/3.12.0/checker-qual-3.12.0.jar, file:/root/./workspace/INRIA-spoon-master-4343_repo/.m2/com/google/errorprone/error_prone_annotations/2.7.1/error_prone_annotations-2.7.1.jar, file:/root/./workspace/INRIA-spoon-master-4343_repo/.m2/com/google/j2objc/j2objc-annotations/1.3/j2objc-annotations-1.3.jar, file:/root/./workspace/INRIA-spoon-master-4343_repo/.m2/ch/qos/logback/logback-classic/1.2.7/logback-classic-1.2.7.jar, file:/root/./workspace/INRIA-spoon-master-4343_repo/.m2/ch/qos/logback/logback-core/1.2.7/logback-core-1.2.7.jar, file:/root/./workspace/INRIA-spoon-master-4343_repo/.m2/com/mysema/querydsl/querydsl-core/3.6.9/querydsl-core-3.6.9.jar, file:/root/./workspace/INRIA-spoon-master-4343_repo/.m2/org/apache/maven/shared/maven-invoker/3.1.0/maven-invoker-3.1.0.jar, file:/root/./workspace/INRIA-spoon-master-4343_repo/.m2/org/apache/maven/shared/maven-shared-utils/3.3.3/maven-shared-utils-3.3.3.jar, file:/root/./workspace/INRIA-spoon-master-4343_repo/.m2/javax/inject/javax.inject/1/javax.inject-1.jar, file:/root/./workspace/INRIA-spoon-master-4343_repo/.m2/javax/validation/validation-api/2.0.1.Final/validation-api-2.0.1.Final.jar, file:/root/./workspace/INRIA-spoon-master-4343_repo/.m2/com/google/code/gson/gson/2.8.9/gson-2.8.9.jar, file:/root/./workspace/INRIA-spoon-master-4343_repo/.m2/uk/org/lidalia/slf4j-test/1.2.0/slf4j-test-1.2.0.jar, file:/root/./workspace/INRIA-spoon-master-4343_repo/.m2/uk/org/lidalia/lidalia-lang/1.0.0/lidalia-lang-1.0.0.jar, file:/root/./workspace/INRIA-spoon-master-4343_repo/.m2/uk/org/lidalia/lidalia-slf4j-ext/1.0.0/lidalia-slf4j-ext-1.0.0.jar, file:/root/./workspace/INRIA-spoon-master-4343_repo/.m2/joda-time/joda-time/2.2/joda-time-2.2.jar, file:/root/./workspace/INRIA-spoon-master-4343_repo/.m2/org/junit/vintage/junit-vintage-engine/5.8.2/junit-vintage-engine-5.8.2.jar, file:/root/./workspace/INRIA-spoon-master-4343_repo/.m2/org/junit/platform/junit-platform-engine/1.8.2/junit-platform-engine-1.8.2.jar, file:/root/./workspace/INRIA-spoon-master-4343_repo/.m2/org/opentest4j/opentest4j/1.2.0/opentest4j-1.2.0.jar, file:/root/./workspace/INRIA-spoon-master-4343_repo/.m2/org/junit/platform/junit-platform-commons/1.8.2/junit-platform-commons-1.8.2.jar, file:/root/./workspace/INRIA-spoon-master-4343_repo/.m2/junit/junit/4.13.2/junit-4.13.2.jar, file:/root/./workspace/INRIA-spoon-master-4343_repo/.m2/org/hamcrest/hamcrest-core/1.3/hamcrest-core-1.3.jar, file:/root/./workspace/INRIA-spoon-master-4343_repo/.m2/org/apiguardian/apiguardian-api/1.1.2/apiguardian-api-1.1.2.jar, file:/root/./workspace/INRIA-spoon-master-4343_repo/.m2/org/mockito/mockito-core/4.1.0/mockito-core-4.1.0.jar, file:/root/./workspace/INRIA-spoon-master-4343_repo/.m2/net/bytebuddy/byte-buddy/1.12.1/byte-buddy-1.12.1.jar, file:/root/./workspace/INRIA-spoon-master-4343_repo/.m2/net/bytebuddy/byte-buddy-agent/1.12.1/byte-buddy-agent-1.12.1.jar, file:/root/./workspace/INRIA-spoon-master-4343_repo/.m2/org/objenesis/objenesis/3.2/objenesis-3.2.jar, file:/root/./workspace/INRIA-spoon-master-4343_repo/.m2/org/junit/jupiter/junit-jupiter-engine/5.8.2/junit-jupiter-engine-5.8.2.jar, file:/root/./workspace/INRIA-spoon-master-4343_repo/.m2/org/junit/jupiter/junit-jupiter-api/5.8.2/junit-jupiter-api-5.8.2.jar, file:/root/./workspace/INRIA-spoon-master-4343_repo/.m2/org/junit/jupiter/junit-jupiter-params/5.8.2/junit-jupiter-params-5.8.2.jar, file:/root/./workspace/INRIA-spoon-master-4343_repo/.m2/org/mockito/mockito-junit-jupiter/4.1.0/mockito-junit-jupiter-4.1.0.jar, file:/root/./workspace/INRIA-spoon-master-4343_repo/.m2/com/github/stefanbirkner/system-rules/1.19.0/system-rules-1.19.0.jar, file:/root/./workspace/INRIA-spoon-master-4343_repo/target/classes/, file:/root/./workspace/INRIA-spoon-master-4343_repo/target/test-classes/]
[597] WARN Processor - ClassNotFoundException: spoon.support.visitor.java.internal.RecordComponentRuntimeBuilderContext
[597] WARN Processor - [file:/root/workspace/INRIA-spoon-master-4343_repo/target/classes/, file:/root/workspace/INRIA-spoon-master-4343_repo/target/test-classes/, file:/root/./workspace/INRIA-spoon-master-4343_repo/.m2/org/eclipse/jdt/org.eclipse.jdt.core/3.28.0/org.eclipse.jdt.core-3.28.0.jar, file:/root/./workspace/INRIA-spoon-master-4343_repo/.m2/com/martiansoftware/jsap/2.1/jsap-2.1.jar, file:/root/./workspace/INRIA-spoon-master-4343_repo/.m2/org/slf4j/slf4j-api/1.7.32/slf4j-api-1.7.32.jar, file:/root/./workspace/INRIA-spoon-master-4343_repo/.m2/commons-io/commons-io/2.11.0/commons-io-2.11.0.jar, file:/root/./workspace/INRIA-spoon-master-4343_repo/.m2/org/apache/maven/maven-model/3.8.4/maven-model-3.8.4.jar, file:/root/./workspace/INRIA-spoon-master-4343_repo/.m2/org/codehaus/plexus/plexus-utils/3.3.0/plexus-utils-3.3.0.jar, file:/root/./workspace/INRIA-spoon-master-4343_repo/.m2/org/apache/commons/commons-lang3/3.12.0/commons-lang3-3.12.0.jar, file:/root/./workspace/INRIA-spoon-master-4343_repo/.m2/org/tukaani/xz/1.9/xz-1.9.jar, file:/root/./workspace/INRIA-spoon-master-4343_repo/.m2/com/fasterxml/jackson/core/jackson-databind/2.13.0/jackson-databind-2.13.0.jar, file:/root/./workspace/INRIA-spoon-master-4343_repo/.m2/com/fasterxml/jackson/core/jackson-annotations/2.13.0/jackson-annotations-2.13.0.jar, file:/root/./workspace/INRIA-spoon-master-4343_repo/.m2/com/fasterxml/jackson/core/jackson-core/2.13.0/jackson-core-2.13.0.jar, file:/root/./workspace/INRIA-spoon-master-4343_repo/.m2/org/apache/commons/commons-compress/1.21/commons-compress-1.21.jar, file:/root/./workspace/INRIA-spoon-master-4343_repo/.m2/com/google/guava/guava/31.0.1-jre/guava-31.0.1-jre.jar, file:/root/./workspace/INRIA-spoon-master-4343_repo/.m2/com/google/guava/failureaccess/1.0.1/failureaccess-1.0.1.jar, file:/root/./workspace/INRIA-spoon-master-4343_repo/.m2/com/google/guava/listenablefuture/9999.0-empty-to-avoid-conflict-with-guava/listenablefuture-9999.0-empty-to-avoid-conflict-with-guava.jar, file:/root/./workspace/INRIA-spoon-master-4343_repo/.m2/com/google/code/findbugs/jsr305/3.0.2/jsr305-3.0.2.jar, file:/root/./workspace/INRIA-spoon-master-4343_repo/.m2/org/checkerframework/checker-qual/3.12.0/checker-qual-3.12.0.jar, file:/root/./workspace/INRIA-spoon-master-4343_repo/.m2/com/google/errorprone/error_prone_annotations/2.7.1/error_prone_annotations-2.7.1.jar, file:/root/./workspace/INRIA-spoon-master-4343_repo/.m2/com/google/j2objc/j2objc-annotations/1.3/j2objc-annotations-1.3.jar, file:/root/./workspace/INRIA-spoon-master-4343_repo/.m2/ch/qos/logback/logback-classic/1.2.7/logback-classic-1.2.7.jar, file:/root/./workspace/INRIA-spoon-master-4343_repo/.m2/ch/qos/logback/logback-core/1.2.7/logback-core-1.2.7.jar, file:/root/./workspace/INRIA-spoon-master-4343_repo/.m2/com/mysema/querydsl/querydsl-core/3.6.9/querydsl-core-3.6.9.jar, file:/root/./workspace/INRIA-spoon-master-4343_repo/.m2/org/apache/maven/shared/maven-invoker/3.1.0/maven-invoker-3.1.0.jar, file:/root/./workspace/INRIA-spoon-master-4343_repo/.m2/org/apache/maven/shared/maven-shared-utils/3.3.3/maven-shared-utils-3.3.3.jar, file:/root/./workspace/INRIA-spoon-master-4343_repo/.m2/javax/inject/javax.inject/1/javax.inject-1.jar, file:/root/./workspace/INRIA-spoon-master-4343_repo/.m2/javax/validation/validation-api/2.0.1.Final/validation-api-2.0.1.Final.jar, file:/root/./workspace/INRIA-spoon-master-4343_repo/.m2/com/google/code/gson/gson/2.8.9/gson-2.8.9.jar, file:/root/./workspace/INRIA-spoon-master-4343_repo/.m2/uk/org/lidalia/slf4j-test/1.2.0/slf4j-test-1.2.0.jar, file:/root/./workspace/INRIA-spoon-master-4343_repo/.m2/uk/org/lidalia/lidalia-lang/1.0.0/lidalia-lang-1.0.0.jar, file:/root/./workspace/INRIA-spoon-master-4343_repo/.m2/uk/org/lidalia/lidalia-slf4j-ext/1.0.0/lidalia-slf4j-ext-1.0.0.jar, file:/root/./workspace/INRIA-spoon-master-4343_repo/.m2/joda-time/joda-time/2.2/joda-time-2.2.jar, file:/root/./workspace/INRIA-spoon-master-4343_repo/.m2/org/junit/vintage/junit-vintage-engine/5.8.2/junit-vintage-engine-5.8.2.jar, file:/root/./workspace/INRIA-spoon-master-4343_repo/.m2/org/junit/platform/junit-platform-engine/1.8.2/junit-platform-engine-1.8.2.jar, file:/root/./workspace/INRIA-spoon-master-4343_repo/.m2/org/opentest4j/opentest4j/1.2.0/opentest4j-1.2.0.jar, file:/root/./workspace/INRIA-spoon-master-4343_repo/.m2/org/junit/platform/junit-platform-commons/1.8.2/junit-platform-commons-1.8.2.jar, file:/root/./workspace/INRIA-spoon-master-4343_repo/.m2/junit/junit/4.13.2/junit-4.13.2.jar, file:/root/./workspace/INRIA-spoon-master-4343_repo/.m2/org/hamcrest/hamcrest-core/1.3/hamcrest-core-1.3.jar, file:/root/./workspace/INRIA-spoon-master-4343_repo/.m2/org/apiguardian/apiguardian-api/1.1.2/apiguardian-api-1.1.2.jar, file:/root/./workspace/INRIA-spoon-master-4343_repo/.m2/org/mockito/mockito-core/4.1.0/mockito-core-4.1.0.jar, file:/root/./workspace/INRIA-spoon-master-4343_repo/.m2/net/bytebuddy/byte-buddy/1.12.1/byte-buddy-1.12.1.jar, file:/root/./workspace/INRIA-spoon-master-4343_repo/.m2/net/bytebuddy/byte-buddy-agent/1.12.1/byte-buddy-agent-1.12.1.jar, file:/root/./workspace/INRIA-spoon-master-4343_repo/.m2/org/objenesis/objenesis/3.2/objenesis-3.2.jar, file:/root/./workspace/INRIA-spoon-master-4343_repo/.m2/org/junit/jupiter/junit-jupiter-engine/5.8.2/junit-jupiter-engine-5.8.2.jar, file:/root/./workspace/INRIA-spoon-master-4343_repo/.m2/org/junit/jupiter/junit-jupiter-api/5.8.2/junit-jupiter-api-5.8.2.jar, file:/root/./workspace/INRIA-spoon-master-4343_repo/.m2/org/junit/jupiter/junit-jupiter-params/5.8.2/junit-jupiter-params-5.8.2.jar, file:/root/./workspace/INRIA-spoon-master-4343_repo/.m2/org/mockito/mockito-junit-jupiter/4.1.0/mockito-junit-jupiter-4.1.0.jar, file:/root/./workspace/INRIA-spoon-master-4343_repo/.m2/com/github/stefanbirkner/system-rules/1.19.0/system-rules-1.19.0.jar, file:/root/./workspace/INRIA-spoon-master-4343_repo/target/classes/, file:/root/./workspace/INRIA-spoon-master-4343_repo/target/test-classes/]
[649] WARN Processor - ClassNotFoundException: spoon.support.visitor.java.internal.RecordComponentRuntimeBuilderContext
[649] WARN Processor - [file:/root/workspace/INRIA-spoon-master-4343_repo/target/classes/, file:/root/workspace/INRIA-spoon-master-4343_repo/target/test-classes/, file:/root/./workspace/INRIA-spoon-master-4343_repo/.m2/org/eclipse/jdt/org.eclipse.jdt.core/3.28.0/org.eclipse.jdt.core-3.28.0.jar, file:/root/./workspace/INRIA-spoon-master-4343_repo/.m2/com/martiansoftware/jsap/2.1/jsap-2.1.jar, file:/root/./workspace/INRIA-spoon-master-4343_repo/.m2/org/slf4j/slf4j-api/1.7.32/slf4j-api-1.7.32.jar, file:/root/./workspace/INRIA-spoon-master-4343_repo/.m2/commons-io/commons-io/2.11.0/commons-io-2.11.0.jar, file:/root/./workspace/INRIA-spoon-master-4343_repo/.m2/org/apache/maven/maven-model/3.8.4/maven-model-3.8.4.jar, file:/root/./workspace/INRIA-spoon-master-4343_repo/.m2/org/codehaus/plexus/plexus-utils/3.3.0/plexus-utils-3.3.0.jar, file:/root/./workspace/INRIA-spoon-master-4343_repo/.m2/org/apache/commons/commons-lang3/3.12.0/commons-lang3-3.12.0.jar, file:/root/./workspace/INRIA-spoon-master-4343_repo/.m2/org/tukaani/xz/1.9/xz-1.9.jar, file:/root/./workspace/INRIA-spoon-master-4343_repo/.m2/com/fasterxml/jackson/core/jackson-databind/2.13.0/jackson-databind-2.13.0.jar, file:/root/./workspace/INRIA-spoon-master-4343_repo/.m2/com/fasterxml/jackson/core/jackson-annotations/2.13.0/jackson-annotations-2.13.0.jar, file:/root/./workspace/INRIA-spoon-master-4343_repo/.m2/com/fasterxml/jackson/core/jackson-core/2.13.0/jackson-core-2.13.0.jar, file:/root/./workspace/INRIA-spoon-master-4343_repo/.m2/org/apache/commons/commons-compress/1.21/commons-compress-1.21.jar, file:/root/./workspace/INRIA-spoon-master-4343_repo/.m2/com/google/guava/guava/31.0.1-jre/guava-31.0.1-jre.jar, file:/root/./workspace/INRIA-spoon-master-4343_repo/.m2/com/google/guava/failureaccess/1.0.1/failureaccess-1.0.1.jar, file:/root/./workspace/INRIA-spoon-master-4343_repo/.m2/com/google/guava/listenablefuture/9999.0-empty-to-avoid-conflict-with-guava/listenablefuture-9999.0-empty-to-avoid-conflict-with-guava.jar, file:/root/./workspace/INRIA-spoon-master-4343_repo/.m2/com/google/code/findbugs/jsr305/3.0.2/jsr305-3.0.2.jar, file:/root/./workspace/INRIA-spoon-master-4343_repo/.m2/org/checkerframework/checker-qual/3.12.0/checker-qual-3.12.0.jar, file:/root/./workspace/INRIA-spoon-master-4343_repo/.m2/com/google/errorprone/error_prone_annotations/2.7.1/error_prone_annotations-2.7.1.jar, file:/root/./workspace/INRIA-spoon-master-4343_repo/.m2/com/google/j2objc/j2objc-annotations/1.3/j2objc-annotations-1.3.jar, file:/root/./workspace/INRIA-spoon-master-4343_repo/.m2/ch/qos/logback/logback-classic/1.2.7/logback-classic-1.2.7.jar, file:/root/./workspace/INRIA-spoon-master-4343_repo/.m2/ch/qos/logback/logback-core/1.2.7/logback-core-1.2.7.jar, file:/root/./workspace/INRIA-spoon-master-4343_repo/.m2/com/mysema/querydsl/querydsl-core/3.6.9/querydsl-core-3.6.9.jar, file:/root/./workspace/INRIA-spoon-master-4343_repo/.m2/org/apache/maven/shared/maven-invoker/3.1.0/maven-invoker-3.1.0.jar, file:/root/./workspace/INRIA-spoon-master-4343_repo/.m2/org/apache/maven/shared/maven-shared-utils/3.3.3/maven-shared-utils-3.3.3.jar, file:/root/./workspace/INRIA-spoon-master-4343_repo/.m2/javax/inject/javax.inject/1/javax.inject-1.jar, file:/root/./workspace/INRIA-spoon-master-4343_repo/.m2/javax/validation/validation-api/2.0.1.Final/validation-api-2.0.1.Final.jar, file:/root/./workspace/INRIA-spoon-master-4343_repo/.m2/com/google/code/gson/gson/2.8.9/gson-2.8.9.jar, file:/root/./workspace/INRIA-spoon-master-4343_repo/.m2/uk/org/lidalia/slf4j-test/1.2.0/slf4j-test-1.2.0.jar, file:/root/./workspace/INRIA-spoon-master-4343_repo/.m2/uk/org/lidalia/lidalia-lang/1.0.0/lidalia-lang-1.0.0.jar, file:/root/./workspace/INRIA-spoon-master-4343_repo/.m2/uk/org/lidalia/lidalia-slf4j-ext/1.0.0/lidalia-slf4j-ext-1.0.0.jar, file:/root/./workspace/INRIA-spoon-master-4343_repo/.m2/joda-time/joda-time/2.2/joda-time-2.2.jar, file:/root/./workspace/INRIA-spoon-master-4343_repo/.m2/org/junit/vintage/junit-vintage-engine/5.8.2/junit-vintage-engine-5.8.2.jar, file:/root/./workspace/INRIA-spoon-master-4343_repo/.m2/org/junit/platform/junit-platform-engine/1.8.2/junit-platform-engine-1.8.2.jar, file:/root/./workspace/INRIA-spoon-master-4343_repo/.m2/org/opentest4j/opentest4j/1.2.0/opentest4j-1.2.0.jar, file:/root/./workspace/INRIA-spoon-master-4343_repo/.m2/org/junit/platform/junit-platform-commons/1.8.2/junit-platform-commons-1.8.2.jar, file:/root/./workspace/INRIA-spoon-master-4343_repo/.m2/junit/junit/4.13.2/junit-4.13.2.jar, file:/root/./workspace/INRIA-spoon-master-4343_repo/.m2/org/hamcrest/hamcrest-core/1.3/hamcrest-core-1.3.jar, file:/root/./workspace/INRIA-spoon-master-4343_repo/.m2/org/apiguardian/apiguardian-api/1.1.2/apiguardian-api-1.1.2.jar, file:/root/./workspace/INRIA-spoon-master-4343_repo/.m2/org/mockito/mockito-core/4.1.0/mockito-core-4.1.0.jar, file:/root/./workspace/INRIA-spoon-master-4343_repo/.m2/net/bytebuddy/byte-buddy/1.12.1/byte-buddy-1.12.1.jar, file:/root/./workspace/INRIA-spoon-master-4343_repo/.m2/net/bytebuddy/byte-buddy-agent/1.12.1/byte-buddy-agent-1.12.1.jar, file:/root/./workspace/INRIA-spoon-master-4343_repo/.m2/org/objenesis/objenesis/3.2/objenesis-3.2.jar, file:/root/./workspace/INRIA-spoon-master-4343_repo/.m2/org/junit/jupiter/junit-jupiter-engine/5.8.2/junit-jupiter-engine-5.8.2.jar, file:/root/./workspace/INRIA-spoon-master-4343_repo/.m2/org/junit/jupiter/junit-jupiter-api/5.8.2/junit-jupiter-api-5.8.2.jar, file:/root/./workspace/INRIA-spoon-master-4343_repo/.m2/org/junit/jupiter/junit-jupiter-params/5.8.2/junit-jupiter-params-5.8.2.jar, file:/root/./workspace/INRIA-spoon-master-4343_repo/.m2/org/mockito/mockito-junit-jupiter/4.1.0/mockito-junit-jupiter-4.1.0.jar, file:/root/./workspace/INRIA-spoon-master-4343_repo/.m2/com/github/stefanbirkner/system-rules/1.19.0/system-rules-1.19.0.jar, file:/root/./workspace/INRIA-spoon-master-4343_repo/target/classes/, file:/root/./workspace/INRIA-spoon-master-4343_repo/target/test-classes/]
[696] WARN Processor - ClassNotFoundException: spoon.support.visitor.java.internal.RecordComponentRuntimeBuilderContext
[696] WARN Processor - [file:/root/workspace/INRIA-spoon-master-4343_repo/target/classes/, file:/root/workspace/INRIA-spoon-master-4343_repo/target/test-classes/, file:/root/./workspace/INRIA-spoon-master-4343_repo/.m2/org/eclipse/jdt/org.eclipse.jdt.core/3.28.0/org.eclipse.jdt.core-3.28.0.jar, file:/root/./workspace/INRIA-spoon-master-4343_repo/.m2/com/martiansoftware/jsap/2.1/jsap-2.1.jar, file:/root/./workspace/INRIA-spoon-master-4343_repo/.m2/org/slf4j/slf4j-api/1.7.32/slf4j-api-1.7.32.jar, file:/root/./workspace/INRIA-spoon-master-4343_repo/.m2/commons-io/commons-io/2.11.0/commons-io-2.11.0.jar, file:/root/./workspace/INRIA-spoon-master-4343_repo/.m2/org/apache/maven/maven-model/3.8.4/maven-model-3.8.4.jar, file:/root/./workspace/INRIA-spoon-master-4343_repo/.m2/org/codehaus/plexus/plexus-utils/3.3.0/plexus-utils-3.3.0.jar, file:/root/./workspace/INRIA-spoon-master-4343_repo/.m2/org/apache/commons/commons-lang3/3.12.0/commons-lang3-3.12.0.jar, file:/root/./workspace/INRIA-spoon-master-4343_repo/.m2/org/tukaani/xz/1.9/xz-1.9.jar, file:/root/./workspace/INRIA-spoon-master-4343_repo/.m2/com/fasterxml/jackson/core/jackson-databind/2.13.0/jackson-databind-2.13.0.jar, file:/root/./workspace/INRIA-spoon-master-4343_repo/.m2/com/fasterxml/jackson/core/jackson-annotations/2.13.0/jackson-annotations-2.13.0.jar, file:/root/./workspace/INRIA-spoon-master-4343_repo/.m2/com/fasterxml/jackson/core/jackson-core/2.13.0/jackson-core-2.13.0.jar, file:/root/./workspace/INRIA-spoon-master-4343_repo/.m2/org/apache/commons/commons-compress/1.21/commons-compress-1.21.jar, file:/root/./workspace/INRIA-spoon-master-4343_repo/.m2/com/google/guava/guava/31.0.1-jre/guava-31.0.1-jre.jar, file:/root/./workspace/INRIA-spoon-master-4343_repo/.m2/com/google/guava/failureaccess/1.0.1/failureaccess-1.0.1.jar, file:/root/./workspace/INRIA-spoon-master-4343_repo/.m2/com/google/guava/listenablefuture/9999.0-empty-to-avoid-conflict-with-guava/listenablefuture-9999.0-empty-to-avoid-conflict-with-guava.jar, file:/root/./workspace/INRIA-spoon-master-4343_repo/.m2/com/google/code/findbugs/jsr305/3.0.2/jsr305-3.0.2.jar, file:/root/./workspace/INRIA-spoon-master-4343_repo/.m2/org/checkerframework/checker-qual/3.12.0/checker-qual-3.12.0.jar, file:/root/./workspace/INRIA-spoon-master-4343_repo/.m2/com/google/errorprone/error_prone_annotations/2.7.1/error_prone_annotations-2.7.1.jar, file:/root/./workspace/INRIA-spoon-master-4343_repo/.m2/com/google/j2objc/j2objc-annotations/1.3/j2objc-annotations-1.3.jar, file:/root/./workspace/INRIA-spoon-master-4343_repo/.m2/ch/qos/logback/logback-classic/1.2.7/logback-classic-1.2.7.jar, file:/root/./workspace/INRIA-spoon-master-4343_repo/.m2/ch/qos/logback/logback-core/1.2.7/logback-core-1.2.7.jar, file:/root/./workspace/INRIA-spoon-master-4343_repo/.m2/com/mysema/querydsl/querydsl-core/3.6.9/querydsl-core-3.6.9.jar, file:/root/./workspace/INRIA-spoon-master-4343_repo/.m2/org/apache/maven/shared/maven-invoker/3.1.0/maven-invoker-3.1.0.jar, file:/root/./workspace/INRIA-spoon-master-4343_repo/.m2/org/apache/maven/shared/maven-shared-utils/3.3.3/maven-shared-utils-3.3.3.jar, file:/root/./workspace/INRIA-spoon-master-4343_repo/.m2/javax/inject/javax.inject/1/javax.inject-1.jar, file:/root/./workspace/INRIA-spoon-master-4343_repo/.m2/javax/validation/validation-api/2.0.1.Final/validation-api-2.0.1.Final.jar, file:/root/./workspace/INRIA-spoon-master-4343_repo/.m2/com/google/code/gson/gson/2.8.9/gson-2.8.9.jar, file:/root/./workspace/INRIA-spoon-master-4343_repo/.m2/uk/org/lidalia/slf4j-test/1.2.0/slf4j-test-1.2.0.jar, file:/root/./workspace/INRIA-spoon-master-4343_repo/.m2/uk/org/lidalia/lidalia-lang/1.0.0/lidalia-lang-1.0.0.jar, file:/root/./workspace/INRIA-spoon-master-4343_repo/.m2/uk/org/lidalia/lidalia-slf4j-ext/1.0.0/lidalia-slf4j-ext-1.0.0.jar, file:/root/./workspace/INRIA-spoon-master-4343_repo/.m2/joda-time/joda-time/2.2/joda-time-2.2.jar, file:/root/./workspace/INRIA-spoon-master-4343_repo/.m2/org/junit/vintage/junit-vintage-engine/5.8.2/junit-vintage-engine-5.8.2.jar, file:/root/./workspace/INRIA-spoon-master-4343_repo/.m2/org/junit/platform/junit-platform-engine/1.8.2/junit-platform-engine-1.8.2.jar, file:/root/./workspace/INRIA-spoon-master-4343_repo/.m2/org/opentest4j/opentest4j/1.2.0/opentest4j-1.2.0.jar, file:/root/./workspace/INRIA-spoon-master-4343_repo/.m2/org/junit/platform/junit-platform-commons/1.8.2/junit-platform-commons-1.8.2.jar, file:/root/./workspace/INRIA-spoon-master-4343_repo/.m2/junit/junit/4.13.2/junit-4.13.2.jar, file:/root/./workspace/INRIA-spoon-master-4343_repo/.m2/org/hamcrest/hamcrest-core/1.3/hamcrest-core-1.3.jar, file:/root/./workspace/INRIA-spoon-master-4343_repo/.m2/org/apiguardian/apiguardian-api/1.1.2/apiguardian-api-1.1.2.jar, file:/root/./workspace/INRIA-spoon-master-4343_repo/.m2/org/mockito/mockito-core/4.1.0/mockito-core-4.1.0.jar, file:/root/./workspace/INRIA-spoon-master-4343_repo/.m2/net/bytebuddy/byte-buddy/1.12.1/byte-buddy-1.12.1.jar, file:/root/./workspace/INRIA-spoon-master-4343_repo/.m2/net/bytebuddy/byte-buddy-agent/1.12.1/byte-buddy-agent-1.12.1.jar, file:/root/./workspace/INRIA-spoon-master-4343_repo/.m2/org/objenesis/objenesis/3.2/objenesis-3.2.jar, file:/root/./workspace/INRIA-spoon-master-4343_repo/.m2/org/junit/jupiter/junit-jupiter-engine/5.8.2/junit-jupiter-engine-5.8.2.jar, file:/root/./workspace/INRIA-spoon-master-4343_repo/.m2/org/junit/jupiter/junit-jupiter-api/5.8.2/junit-jupiter-api-5.8.2.jar, file:/root/./workspace/INRIA-spoon-master-4343_repo/.m2/org/junit/jupiter/junit-jupiter-params/5.8.2/junit-jupiter-params-5.8.2.jar, file:/root/./workspace/INRIA-spoon-master-4343_repo/.m2/org/mockito/mockito-junit-jupiter/4.1.0/mockito-junit-jupiter-4.1.0.jar, file:/root/./workspace/INRIA-spoon-master-4343_repo/.m2/com/github/stefanbirkner/system-rules/1.19.0/system-rules-1.19.0.jar, file:/root/./workspace/INRIA-spoon-master-4343_repo/target/classes/, file:/root/./workspace/INRIA-spoon-master-4343_repo/target/test-classes/]
[33680] WARN CoverageRunner - Test [Manual]TestMethod=spoon.MavenLauncherTest#testTypeResolution result was not reported by test-runner.
[43645] WARN CoverageRunner - Test [Manual]TestMethod=spoon.reflect.visitor.CtInheritanceScannerTest#testCtInheritanceScanner result was not reported by test-runner.
[189453] WARN CoverageRunner - Test [Manual]TestMethod=spoon.test.intercession.IntercessionTest#testResetCollectionInSetters result was not reported by test-runner.
[189453] WARN CoverageRunner - Test [Manual]TestMethod=spoon.test.intercession.OneCanCallSetterWithNullParameterizedTest#testContract result was not reported by test-runner.
[249334] WARN CoverageRunner - Test [Manual]TestMethod=spoon.test.UnresolvedBugTest#checkGithubIssueAnnotations result was not reported by test-runner.
[296923] WARN CoverageRunner - Test [Manual]TestMethod=spoon.test.spoonifier.SpoonifierTest#testOnAllTestClasses result was not reported by test-runner.
[298328] WARN CoverageRunner - Test [Manual]TestMethod=spoon.test.spoonifier.SpoonifierTest#testSpoonifierElement result was not reported by test-runner.
[333097] WARN CoverageRunner - Test [Manual]TestMethod=spoon.test.replace.ReplaceParametrizedTest#testContract result was not reported by test-runner.
[415896] WARN CoverageRunner - Test [Manual]TestMethod=spoon.test.parent.SetParentTest#testContract result was not reported by test-runner.
[419542] WARN CoverageRunner - Test [Manual]TestMethod=spoon.test.parent.ContractOnSettersParametrizedTest#testContract result was not reported by test-runner.
[424132] WARN CoverageRunner - Test [Manual]TestMethod=spoon.test.parent.ParentTest#testParentSetInSetter result was not reported by test-runner.
[453333] WARN CoverageRunner - Test [Manual]TestMethod=spoon.test.issue3321.AnnotationPositionTest#testUsageOfTypeAnnotationOnParameterInMethod result was not reported by test-runner.
[453333] WARN CoverageRunner - Test [Manual]TestMethod=spoon.test.issue3321.AnnotationPositionTest#testSneakyAnnotationsOnParameters result was not reported by test-runner.
[520782] WARN CoverageRunner - Test [Manual]TestMethod=spoon.test.prettyprinter.LoopSniperJavaPrettyPrinterTest#whileWithBraces result was not reported by test-runner.
[563722] WARN CoverageRunner - Test [Manual]TestMethod=spoon.test.prettyprinter.DefaultPrettyPrinterTest#testCheckstyleCompliance result was not reported by test-runner.
[563722] WARN CoverageRunner - Test [Manual]TestMethod=spoon.test.module.TestModule#testMultipleModulesAndParents result was not reported by test-runner.
[563722] WARN CoverageRunner - Test [Manual]TestMethod=spoon.test.module.TestModule#testModuleComplianceLevelException result was not reported by test-runner.
[563722] WARN CoverageRunner - Test [Manual]TestMethod=spoon.test.module.TestModule#testModuleOverlappingPackages result was not reported by test-runner.
[563722] WARN CoverageRunner - Test [Manual]TestMethod=spoon.test.module.TestModule#testCompleteModuleInfoContentNoClasspath result was not reported by test-runner.
[563722] WARN CoverageRunner - Test [Manual]TestMethod=spoon.test.module.TestModule#testModuleInfoShouldBeCorrectlyPrettyPrinted result was not reported by test-runner.
[563722] WARN CoverageRunner - Test [Manual]TestMethod=spoon.test.module.TestModule#testModuleInfoWithComments result was not reported by test-runner.
[563723] WARN CoverageRunner - Test [Manual]TestMethod=spoon.test.module.TestModule#testDirectiveOrders result was not reported by test-runner.
[563723] WARN CoverageRunner - Test [Manual]TestMethod=spoon.test.module.TestModule#testGetParentOfRootPackageOfModule result was not reported by test-runner.
[563723] WARN CoverageRunner - Test [Manual]TestMethod=spoon.test.module.TestModule#testGetModuleAfterChangingItsName result was not reported by test-runner.
[563723] WARN CoverageRunner - Test [Manual]TestMethod=spoon.test.module.TestModule#testModuleNames result was not reported by test-runner.
[796444] WARN CoverageRunner - Test [Manual]TestMethod=spoon.MavenLauncherTest#testTypeResolution result was not reported by test-runner.
[806969] WARN CoverageRunner - Test [Manual]TestMethod=spoon.reflect.visitor.CtInheritanceScannerTest#testCtInheritanceScanner result was not reported by test-runner.
[957254] WARN CoverageRunner - Test [Manual]TestMethod=spoon.test.intercession.IntercessionTest#testResetCollectionInSetters result was not reported by test-runner.
[957254] WARN CoverageRunner - Test [Manual]TestMethod=spoon.test.intercession.OneCanCallSetterWithNullParameterizedTest#testContract result was not reported by test-runner.
[1017074] WARN CoverageRunner - Test [Manual]TestMethod=spoon.test.UnresolvedBugTest#checkGithubIssueAnnotations result was not reported by test-runner.
[1064735] WARN CoverageRunner - Test [Manual]TestMethod=spoon.test.spoonifier.SpoonifierTest#testOnAllTestClasses result was not reported by test-runner.
[1066142] WARN CoverageRunner - Test [Manual]TestMethod=spoon.test.spoonifier.SpoonifierTest#testSpoonifierElement result was not reported by test-runner.
[1100983] WARN CoverageRunner - Test [Manual]TestMethod=spoon.test.replace.ReplaceParametrizedTest#testContract result was not reported by test-runner.
[1183825] WARN CoverageRunner - Test [Manual]TestMethod=spoon.test.parent.SetParentTest#testContract result was not reported by test-runner.
[1187406] WARN CoverageRunner - Test [Manual]TestMethod=spoon.test.parent.ContractOnSettersParametrizedTest#testContract result was not reported by test-runner.
[1191914] WARN CoverageRunner - Test [Manual]TestMethod=spoon.test.parent.ParentTest#testParentSetInSetter result was not reported by test-runner.
[1220724] WARN CoverageRunner - Test [Manual]TestMethod=spoon.test.issue3321.AnnotationPositionTest#testUsageOfTypeAnnotationOnParameterInMethod result was not reported by test-runner.
[1220724] WARN CoverageRunner - Test [Manual]TestMethod=spoon.test.issue3321.AnnotationPositionTest#testSneakyAnnotationsOnParameters result was not reported by test-runner.
[1288294] WARN CoverageRunner - Test [Manual]TestMethod=spoon.test.prettyprinter.LoopSniperJavaPrettyPrinterTest#whileWithBraces result was not reported by test-runner.
[1331201] WARN CoverageRunner - Test [Manual]TestMethod=spoon.test.prettyprinter.DefaultPrettyPrinterTest#testCheckstyleCompliance result was not reported by test-runner.
[1331201] WARN CoverageRunner - Test [Manual]TestMethod=spoon.test.module.TestModule#testMultipleModulesAndParents result was not reported by test-runner.
[1331201] WARN CoverageRunner - Test [Manual]TestMethod=spoon.test.module.TestModule#testModuleComplianceLevelException result was not reported by test-runner.
[1331201] WARN CoverageRunner - Test [Manual]TestMethod=spoon.test.module.TestModule#testModuleOverlappingPackages result was not reported by test-runner.
[1331201] WARN CoverageRunner - Test [Manual]TestMethod=spoon.test.module.TestModule#testCompleteModuleInfoContentNoClasspath result was not reported by test-runner.
[1331201] WARN CoverageRunner - Test [Manual]TestMethod=spoon.test.module.TestModule#testModuleInfoShouldBeCorrectlyPrettyPrinted result was not reported by test-runner.
[1331201] WARN CoverageRunner - Test [Manual]TestMethod=spoon.test.module.TestModule#testModuleInfoWithComments result was not reported by test-runner.
[1331201] WARN CoverageRunner - Test [Manual]TestMethod=spoon.test.module.TestModule#testDirectiveOrders result was not reported by test-runner.
[1331201] WARN CoverageRunner - Test [Manual]TestMethod=spoon.test.module.TestModule#testGetParentOfRootPackageOfModule result was not reported by test-runner.
[1331201] WARN CoverageRunner - Test [Manual]TestMethod=spoon.test.module.TestModule#testGetModuleAfterChangingItsName result was not reported by test-runner.
[1331201] WARN CoverageRunner - Test [Manual]TestMethod=spoon.test.module.TestModule#testModuleNames result was not reported by test-runner.
[1574526] WARN CoverageRunner - Test [Manual]TestMethod=spoon.generating.CorrectIdentifierTest#keyWord result was not reported by test-runner.
[1574526] WARN CoverageRunner - Test [Manual]TestMethod=spoon.generating.CorrectIdentifierTest#keyWord2 result was not reported by test-runner.
[1574526] WARN CoverageRunner - Test [Manual]TestMethod=spoon.generating.CorrectIdentifierTest#keyWord3 result was not reported by test-runner.
[1581687] WARN CoverageRunner - Test [Manual]TestMethod=spoon.support.visitor.java.JavaReflectionTreeBuilderTest#testShadowRecords result was not reported by test-runner.
[1782546] WARN CoverageRunner - Test [Manual]TestMethod=spoon.test.comment.CommentTest#testDocumentationContract result was not reported by test-runner.
[1830552] WARN CoverageRunner - Test [Manual]TestMethod=spoon.test.prettyprinter.TestSniperPrinter#testRoundBracketPrintingInComplexArithmeticExpression result was not reported by test-runner.
[1970636] WARN CoverageRunner - Test [Manual]TestMethod=spoon.generating.CorrectIdentifierTest#keyWord result was not reported by test-runner.
[1970636] WARN CoverageRunner - Test [Manual]TestMethod=spoon.generating.CorrectIdentifierTest#keyWord2 result was not reported by test-runner.
[1970636] WARN CoverageRunner - Test [Manual]TestMethod=spoon.generating.CorrectIdentifierTest#keyWord3 result was not reported by test-runner.
[1977823] WARN CoverageRunner - Test [Manual]TestMethod=spoon.support.visitor.java.JavaReflectionTreeBuilderTest#testShadowRecords result was not reported by test-runner.
[2178093] WARN CoverageRunner - Test [Manual]TestMethod=spoon.test.comment.CommentTest#testDocumentationContract result was not reported by test-runner.
[2226303] WARN CoverageRunner - Test [Manual]TestMethod=spoon.test.prettyprinter.TestSniperPrinter#testRoundBracketPrintingInComplexArithmeticExpression result was not reported by test-runner.
[2333957] INFO CoverageRunner - Tests found: 3100
[2333957] INFO CoverageRunner - Tests executed: 3038
11:20:53.533 [main] INFO  fr.inria.jtravis.JTravis - GitHub ratelimit: Limit: 5000 Remaining: 4789 Reset hour: 00:18:53
11:20:56.939 [main] INFO  f.i.s.r.p.s.f.FlacocoLocalization - 
11:20:57.672 [main] INFO  f.i.s.r.p.i.ProjectInspector - ----------------------------------------------------------------------
11:20:57.672 [main] INFO  f.i.s.r.p.i.ProjectInspector - PIPELINE EXECUTION SUMMARY
11:20:57.672 [main] INFO  f.i.s.r.p.i.ProjectInspector - ----------------------------------------------------------------------
11:20:57.672 [main] INFO  f.i.s.r.p.i.ProjectInspector - CloneCheckoutGitPullRequest.........................SUCCESS [    9 s ]
11:20:57.672 [main] INFO  f.i.s.r.p.i.ProjectInspector - BuildProject........................................SUCCESS [   65 s ]
11:20:57.672 [main] INFO  f.i.s.r.p.i.ProjectInspector - TestProject.........................................SUCCESS [  236 s ]
11:20:57.672 [main] INFO  f.i.s.r.p.i.ProjectInspector - ComputeClasspath....................................SUCCESS [    7 s ]
11:20:57.672 [main] INFO  f.i.s.r.p.i.ProjectInspector - ComputeSourceDir....................................SUCCESS [    0 s ]
11:20:57.672 [main] INFO  f.i.s.r.p.i.ProjectInspector - ComputeTestDir......................................SUCCESS [    0 s ]
11:20:57.673 [main] INFO  f.i.s.r.p.i.ProjectInspector - GatherTestInformation...............................SUCCESS [    0 s ]
11:20:57.673 [main] INFO  f.i.s.r.p.i.ProjectInspector - FlacocoLocalization.................................SUCCESS [ 2334 s ]
11:20:57.673 [main] INFO  f.i.s.r.p.i.ProjectInspector - PushFaultLocalizationSuggestions....................SUCCESS [    3 s ]
11:20:57.673 [main] INFO  f.i.s.r.p.i.ProjectInspector - ----------------------------------------------------------------------
11:20:57.673 [main] INFO  f.i.s.r.p.i.ProjectInspector - PIPELINE FINDING: TEST FAILURE
11:20:57.673 [main] INFO  f.i.s.r.p.i.ProjectInspector - ----------------------------------------------------------------------
11:20:57.673 [main] INFO  f.i.s.r.p.github.GithubMainProcess - Inspector is finished. The process will exit now.