Execute pipeline with following supplementary args: --smtpPort 25 --listenerMode NOOP --launcherMode FAULT_LOCALIZATION  --gitrepourl https://github.com/INRIA/spoon --gitrepopullrequest 4322
java -cp /usr/local/openjdk-11/lib/tools.jar:repairnator-pipeline.jar -Dlogback.configurationFile=/root/logback.xml fr.inria.spirals.repairnator.pipeline.Launcher -d --runId null -o /var/log --ghOauth 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 --faultLocalization --flacocoThreshold 0.0 --flacocoTopK null --ghOauth  --smtpPort 25 --listenerMode NOOP --launcherMode FAULT_LOCALIZATION  --gitrepourl https://github.com/INRIA/spoon --gitrepopullrequest 4322

23:53:38.911 [main] INFO  f.i.s.r.p.g.GithubInitSerializerEngines - Initialize file serializer engines.
23:53:38.913 [main] INFO  f.i.s.r.p.g.GithubInitSerializerEngines - MongoDB won't be used for serialization.
23:53:38.913 [main] INFO  f.i.s.r.p.github.GithubInitNotifiers - The email notifier engine won't be used.
23:53:38.927 [main] INFO  f.i.s.r.p.i.ProjectInspector - ----------------------------------------------------------------------
23:53:38.927 [main] INFO  f.i.s.r.p.i.ProjectInspector - PIPELINE STEPS
23:53:38.927 [main] INFO  f.i.s.r.p.i.ProjectInspector - ----------------------------------------------------------------------
23:53:38.927 [main] INFO  f.i.s.r.p.i.ProjectInspector - CloneCheckoutGitPullRequest
23:53:38.927 [main] INFO  f.i.s.r.p.i.ProjectInspector - BuildProject
23:53:38.927 [main] INFO  f.i.s.r.p.i.ProjectInspector - TestProject
23:53:38.927 [main] INFO  f.i.s.r.p.i.ProjectInspector - ComputeClasspath
23:53:38.927 [main] INFO  f.i.s.r.p.i.ProjectInspector - ComputeSourceDir
23:53:38.927 [main] INFO  f.i.s.r.p.i.ProjectInspector - ComputeTestDir
23:53:38.927 [main] INFO  f.i.s.r.p.i.ProjectInspector - GatherTestInformation
23:53:38.927 [main] INFO  f.i.s.r.p.i.ProjectInspector - FlacocoLocalization
23:53:38.928 [main] INFO  f.i.s.r.p.i.ProjectInspector - PushFaultLocalizationSuggestions
23:53:38.928 [main] INFO  f.i.s.r.p.s.CloneCheckoutGitPullRequest - Cloning repository https://github.com/INRIA/spoon.git in the following directory: ./workspace/INRIA-spoon-master-4322_repo
23:57:47.163 [Thread-7] ERROR f.i.s.r.p.m.o.MavenFilterOutputHandler - [ERROR] Tests run: 23, Failures: 1, Errors: 0, Skipped: 0, Time elapsed: 4.48 s <<< FAILURE! - in spoon.test.api.APITest
23:57:47.164 [Thread-7] ERROR f.i.s.r.p.m.o.MavenFilterOutputHandler - [ERROR] spoon.test.api.APITest.testSetterInNodes  Time elapsed: 1.672 s  <<< FAILURE!
23:58:19.548 [Thread-7] ERROR f.i.s.r.p.m.o.MavenFilterOutputHandler - [ERROR] Tests run: 34, Failures: 0, Errors: 25, Skipped: 0, Time elapsed: 1.317 s <<< FAILURE! - in spoon.test.template.PatternTest
23:58:19.549 [Thread-7] ERROR f.i.s.r.p.m.o.MavenFilterOutputHandler - [ERROR] spoon.test.template.PatternTest.testMatchGreedyMultiValueMaxCountLimit  Time elapsed: 0.043 s  <<< ERROR!
23:58:19.549 [Thread-7] ERROR f.i.s.r.p.m.o.MavenFilterOutputHandler - [ERROR] spoon.test.template.PatternTest.testMatchGreedyMultiValueMinCount2  Time elapsed: 0.024 s  <<< ERROR!
23:58:19.549 [Thread-7] ERROR f.i.s.r.p.m.o.MavenFilterOutputHandler - [ERROR] spoon.test.template.PatternTest.testMatchReluctantMultivalueExactly2  Time elapsed: 0.035 s  <<< ERROR!
23:58:19.549 [Thread-7] ERROR f.i.s.r.p.m.o.MavenFilterOutputHandler - [ERROR] spoon.test.template.PatternTest.testMatchPossesiveMultiValueUnlimited  Time elapsed: 0.034 s  <<< ERROR!
23:58:19.549 [Thread-7] ERROR f.i.s.r.p.m.o.MavenFilterOutputHandler - [ERROR] spoon.test.template.PatternTest.testMatchForeachWithOuterSubstitution  Time elapsed: 0.018 s  <<< ERROR!
23:58:19.549 [Thread-7] ERROR f.i.s.r.p.m.o.MavenFilterOutputHandler - [ERROR] spoon.test.template.PatternTest.testMatchOfMapAttribute  Time elapsed: 0.017 s  <<< ERROR!
23:58:19.549 [Thread-7] ERROR f.i.s.r.p.m.o.MavenFilterOutputHandler - [ERROR] spoon.test.template.PatternTest.testMatchReluctantMultivalue  Time elapsed: 0.038 s  <<< ERROR!
23:58:19.549 [Thread-7] ERROR f.i.s.r.p.m.o.MavenFilterOutputHandler - [ERROR] spoon.test.template.PatternTest.testMatchOfMapAttributeAndOtherAnnotations  Time elapsed: 0.013 s  <<< ERROR!
23:58:19.549 [Thread-7] ERROR f.i.s.r.p.m.o.MavenFilterOutputHandler - [ERROR] spoon.test.template.PatternTest.testPatternMatchOfMultipleElements  Time elapsed: 0.087 s  <<< ERROR!
23:58:19.549 [Thread-7] ERROR f.i.s.r.p.m.o.MavenFilterOutputHandler - [ERROR] spoon.test.template.PatternTest.testSubstituteExactElements  Time elapsed: 0.047 s  <<< ERROR!
23:58:19.549 [Thread-7] ERROR f.i.s.r.p.m.o.MavenFilterOutputHandler - [ERROR] spoon.test.template.PatternTest.testMatchParameterValue  Time elapsed: 0.038 s  <<< ERROR!
23:58:19.550 [Thread-7] ERROR f.i.s.r.p.m.o.MavenFilterOutputHandler - [ERROR] spoon.test.template.PatternTest.testMatchSample1  Time elapsed: 0.098 s  <<< ERROR!
23:58:19.550 [Thread-7] ERROR f.i.s.r.p.m.o.MavenFilterOutputHandler - [ERROR] spoon.test.template.PatternTest.testMatchPossesiveMultiValueMinCount  Time elapsed: 0.053 s  <<< ERROR!
23:58:19.550 [Thread-7] ERROR f.i.s.r.p.m.o.MavenFilterOutputHandler - [ERROR] spoon.test.template.PatternTest.testMatchPossesiveMultiValueMaxCount4  Time elapsed: 0.039 s  <<< ERROR!
23:58:19.550 [Thread-7] ERROR f.i.s.r.p.m.o.MavenFilterOutputHandler - [ERROR] spoon.test.template.PatternTest.testMatchGreedyMultiValueUnlimited  Time elapsed: 0.075 s  <<< ERROR!
23:58:19.550 [Thread-7] ERROR f.i.s.r.p.m.o.MavenFilterOutputHandler - [ERROR] spoon.test.template.PatternTest.testMatchIfElse  Time elapsed: 0.08 s  <<< ERROR!
23:58:19.550 [Thread-7] ERROR f.i.s.r.p.m.o.MavenFilterOutputHandler - [ERROR] spoon.test.template.PatternTest.testMatchOfMapKeySubstring  Time elapsed: 0.038 s  <<< ERROR!
23:58:19.550 [Thread-7] ERROR f.i.s.r.p.m.o.MavenFilterOutputHandler - [ERROR] spoon.test.template.PatternTest.testMatchPossesiveMultiValueMinCount2  Time elapsed: 0.064 s  <<< ERROR!
23:58:19.550 [Thread-7] ERROR f.i.s.r.p.m.o.MavenFilterOutputHandler - [ERROR] spoon.test.template.PatternTest.testMatchInSet  Time elapsed: 0.038 s  <<< ERROR!
23:58:19.550 [Thread-7] ERROR f.i.s.r.p.m.o.MavenFilterOutputHandler - [ERROR] spoon.test.template.PatternTest.testMatchType  Time elapsed: 0.041 s  <<< ERROR!
23:58:19.551 [Thread-7] ERROR f.i.s.r.p.m.o.MavenFilterOutputHandler - [ERROR] spoon.test.template.PatternTest.testMatchOfAttribute  Time elapsed: 0.041 s  <<< ERROR!
23:58:19.551 [Thread-7] ERROR f.i.s.r.p.m.o.MavenFilterOutputHandler - [ERROR] spoon.test.template.PatternTest.testMatchReluctantMultivalueMinCount1  Time elapsed: 0.067 s  <<< ERROR!
23:58:19.551 [Thread-7] ERROR f.i.s.r.p.m.o.MavenFilterOutputHandler - [ERROR] spoon.test.template.PatternTest.testMatchForeach  Time elapsed: 0.015 s  <<< ERROR!
23:58:19.551 [Thread-7] ERROR f.i.s.r.p.m.o.MavenFilterOutputHandler - [ERROR] spoon.test.template.PatternTest.testMatchParameterCondition  Time elapsed: 0.013 s  <<< ERROR!
23:58:19.551 [Thread-7] ERROR f.i.s.r.p.m.o.MavenFilterOutputHandler - [ERROR] spoon.test.template.PatternTest.testMatchParameterValueType  Time elapsed: 0.012 s  <<< ERROR!
23:58:20.274 [Thread-7] ERROR f.i.s.r.p.m.o.MavenFilterOutputHandler - [ERROR] Tests run: 25, Failures: 4, Errors: 0, Skipped: 0, Time elapsed: 0.554 s <<< FAILURE! - in spoon.test.template.TemplateTest
23:58:20.274 [Thread-7] ERROR f.i.s.r.p.m.o.MavenFilterOutputHandler - [ERROR] spoon.test.template.TemplateTest.testMethodCast  Time elapsed: 0.018 s  <<< FAILURE!
23:58:20.274 [Thread-7] ERROR f.i.s.r.p.m.o.MavenFilterOutputHandler - [ERROR] spoon.test.template.TemplateTest.testTemplateMatcher  Time elapsed: 0.023 s  <<< FAILURE!
23:58:20.275 [Thread-7] ERROR f.i.s.r.p.m.o.MavenFilterOutputHandler - [ERROR] spoon.test.template.TemplateTest.testTemplateMatcherMatchTwoSnippets  Time elapsed: 0.018 s  <<< FAILURE!
23:58:20.275 [Thread-7] ERROR f.i.s.r.p.m.o.MavenFilterOutputHandler - [ERROR] spoon.test.template.TemplateTest.testTemplateMatcherWithWholePackage  Time elapsed: 0.016 s  <<< FAILURE!
23:58:38.352 [Thread-7] ERROR f.i.s.r.p.m.o.MavenFilterOutputHandler - [ERROR] Failures: 
23:58:38.353 [Thread-7] ERROR f.i.s.r.p.m.o.MavenFilterOutputHandler - [ERROR]   APITest.testSetterInNodes:436 Check the number of if in method setIndexExpression(spoon.reflect.code.CtExpression) in the declaring class spoon.support.reflect.code.CtArrayAccessImpl expected:<1> but was:<0>
23:58:38.353 [Thread-7] ERROR f.i.s.r.p.m.o.MavenFilterOutputHandler - [ERROR]   TemplateTest.testMethodCast:1141 expected: <2> but was: <0>
23:58:38.353 [Thread-7] ERROR f.i.s.r.p.m.o.MavenFilterOutputHandler - [ERROR]   TemplateTest.testTemplateMatcher:449 expected: <2> but was: <0>
23:58:38.353 [Thread-7] ERROR f.i.s.r.p.m.o.MavenFilterOutputHandler - [ERROR]   TemplateTest.testTemplateMatcherMatchTwoSnippets:779 expected: <2> but was: <0>
23:58:38.353 [Thread-7] ERROR f.i.s.r.p.m.o.MavenFilterOutputHandler - [ERROR]   TemplateTest.testTemplateMatcherWithWholePackage:735 expected: <1> but was: <0>
23:58:38.353 [Thread-7] ERROR f.i.s.r.p.m.o.MavenFilterOutputHandler - [ERROR] Errors: 
23:58:38.353 [Thread-7] ERROR f.i.s.r.p.m.o.MavenFilterOutputHandler - [ERROR]   PatternTest.testMatchForeach » StackOverflow
23:58:38.353 [Thread-7] ERROR f.i.s.r.p.m.o.MavenFilterOutputHandler - [ERROR]   PatternTest.testMatchForeachWithOuterSubstitution » StackOverflow
23:58:38.353 [Thread-7] ERROR f.i.s.r.p.m.o.MavenFilterOutputHandler - [ERROR]   PatternTest.testMatchGreedyMultiValueMaxCountLimit » StackOverflow
23:58:38.353 [Thread-7] ERROR f.i.s.r.p.m.o.MavenFilterOutputHandler - [ERROR]   PatternTest.testMatchGreedyMultiValueMinCount2 » StackOverflow
23:58:38.353 [Thread-7] ERROR f.i.s.r.p.m.o.MavenFilterOutputHandler - [ERROR]   PatternTest.testMatchGreedyMultiValueUnlimited » StackOverflow
23:58:38.353 [Thread-7] ERROR f.i.s.r.p.m.o.MavenFilterOutputHandler - [ERROR]   PatternTest.testMatchIfElse » StackOverflow
23:58:38.353 [Thread-7] ERROR f.i.s.r.p.m.o.MavenFilterOutputHandler - [ERROR]   PatternTest.testMatchInSet » StackOverflow
23:58:38.353 [Thread-7] ERROR f.i.s.r.p.m.o.MavenFilterOutputHandler - [ERROR]   PatternTest.testMatchOfAttribute » StackOverflow
23:58:38.353 [Thread-7] ERROR f.i.s.r.p.m.o.MavenFilterOutputHandler - [ERROR]   PatternTest.testMatchOfMapAttribute » StackOverflow
23:58:38.353 [Thread-7] ERROR f.i.s.r.p.m.o.MavenFilterOutputHandler - [ERROR]   PatternTest.testMatchOfMapAttributeAndOtherAnnotations » StackOverflow
23:58:38.353 [Thread-7] ERROR f.i.s.r.p.m.o.MavenFilterOutputHandler - [ERROR]   PatternTest.testMatchOfMapKeySubstring » StackOverflow
23:58:38.354 [Thread-7] ERROR f.i.s.r.p.m.o.MavenFilterOutputHandler - [ERROR]   PatternTest.testMatchParameterCondition » StackOverflow
23:58:38.354 [Thread-7] ERROR f.i.s.r.p.m.o.MavenFilterOutputHandler - [ERROR]   PatternTest.testMatchParameterValue » StackOverflow
23:58:38.354 [Thread-7] ERROR f.i.s.r.p.m.o.MavenFilterOutputHandler - [ERROR]   PatternTest.testMatchParameterValueType » StackOverflow
23:58:38.354 [Thread-7] ERROR f.i.s.r.p.m.o.MavenFilterOutputHandler - [ERROR]   PatternTest.testMatchPossesiveMultiValueMaxCount4 » StackOverflow
23:58:38.354 [Thread-7] ERROR f.i.s.r.p.m.o.MavenFilterOutputHandler - [ERROR]   PatternTest.testMatchPossesiveMultiValueMinCount » StackOverflow
23:58:38.354 [Thread-7] ERROR f.i.s.r.p.m.o.MavenFilterOutputHandler - [ERROR]   PatternTest.testMatchPossesiveMultiValueMinCount2 » StackOverflow
23:58:38.354 [Thread-7] ERROR f.i.s.r.p.m.o.MavenFilterOutputHandler - [ERROR]   PatternTest.testMatchPossesiveMultiValueUnlimited » StackOverflow
23:58:38.354 [Thread-7] ERROR f.i.s.r.p.m.o.MavenFilterOutputHandler - [ERROR]   PatternTest.testMatchReluctantMultivalue » StackOverflow
23:58:38.354 [Thread-7] ERROR f.i.s.r.p.m.o.MavenFilterOutputHandler - [ERROR]   PatternTest.testMatchReluctantMultivalueExactly2 » StackOverflow
23:58:38.354 [Thread-7] ERROR f.i.s.r.p.m.o.MavenFilterOutputHandler - [ERROR]   PatternTest.testMatchReluctantMultivalueMinCount1 » StackOverflow
23:58:38.354 [Thread-7] ERROR f.i.s.r.p.m.o.MavenFilterOutputHandler - [ERROR]   PatternTest.testMatchSample1 » StackOverflow
23:58:38.354 [Thread-7] ERROR f.i.s.r.p.m.o.MavenFilterOutputHandler - [ERROR]   PatternTest.testMatchType » StackOverflow
23:58:38.354 [Thread-7] ERROR f.i.s.r.p.m.o.MavenFilterOutputHandler - [ERROR]   PatternTest.testPatternMatchOfMultipleElements » StackOverflow
23:58:38.354 [Thread-7] ERROR f.i.s.r.p.m.o.MavenFilterOutputHandler - [ERROR]   PatternTest.testSubstituteExactElements » StackOverflow
23:58:38.354 [Thread-7] ERROR f.i.s.r.p.m.o.MavenFilterOutputHandler - [ERROR] Tests run: 2139, Failures: 5, Errors: 25, Skipped: 18
23:58:38.772 [Thread-7] ERROR f.i.s.r.p.m.o.MavenFilterOutputHandler - [ERROR] Failed to execute goal org.apache.maven.plugins:maven-surefire-plugin:3.0.0-M5:test (default-test) on project spoon-core: There are test failures.
23:58:38.772 [Thread-7] ERROR f.i.s.r.p.m.o.MavenFilterOutputHandler - [ERROR] 
23:58:38.773 [Thread-7] ERROR f.i.s.r.p.m.o.MavenFilterOutputHandler - [ERROR] Please refer to /root/workspace/INRIA-spoon-master-4322_repo/target/surefire-reports for the individual test results.
23:58:38.773 [Thread-7] ERROR f.i.s.r.p.m.o.MavenFilterOutputHandler - [ERROR] Please refer to dump files (if any exist) [date].dump, [date]-jvmRun[N].dump and [date].dumpstream.
23:58:38.773 [Thread-7] ERROR f.i.s.r.p.m.o.MavenFilterOutputHandler - [ERROR] -> [Help 1]
23:58:38.778 [Thread-7] ERROR f.i.s.r.p.m.o.MavenFilterOutputHandler - [ERROR] 
23:58:38.778 [Thread-7] ERROR f.i.s.r.p.m.o.MavenFilterOutputHandler - [ERROR] Re-run Maven using the -X switch to enable full debug logging.
23:58:38.778 [Thread-7] ERROR f.i.s.r.p.m.o.MavenFilterOutputHandler - [ERROR] 
23:58:38.778 [Thread-7] ERROR f.i.s.r.p.m.o.MavenFilterOutputHandler - [ERROR] For more information about the errors and possible solutions, please read the following articles:
23:58:38.778 [Thread-7] ERROR f.i.s.r.p.m.o.MavenFilterOutputHandler - [ERROR] [Help 1] http://cwiki.apache.org/confluence/display/MAVEN/MojoFailureException
23:58:43.337 [main] INFO  f.i.s.r.p.s.paths.ComputeSourceDir - 1 source dir was found:
23:58:43.337 [main] INFO  f.i.s.r.p.s.paths.ComputeSourceDir - /root/workspace/INRIA-spoon-master-4322_repo/src/main/java
23:58:43.386 [main] INFO  f.i.s.r.p.step.paths.ComputeTestDir - It seems the step is entering in a loop while searching the test dir. The following file has already been visited: /root/workspace/INRIA-spoon-master-4322_repo/pom.xml
23:58:43.386 [main] INFO  f.i.s.r.p.step.paths.ComputeTestDir - 1 test dir was found:
23:58:43.386 [main] INFO  f.i.s.r.p.step.paths.ComputeTestDir - /root/workspace/INRIA-spoon-master-4322_repo/src/test/java
23:58:43.680 [main] INFO  f.i.s.r.p.s.g.GatherTestInformation - Get the following failing module path: /root/workspace/INRIA-spoon-master-4322_repo
23:58:43.681 [main] INFO  f.i.s.r.p.s.g.GatherTestInformation - Get the following failing module path: /root/workspace/INRIA-spoon-master-4322_repo
23:58:43.685 [main] ERROR f.i.s.r.p.s.g.GatherTestInformation - Error while parsing stack trace.
exceptionparser.StackTraceParser$ParseException: Can't match exactly one stacktrace in given String. Matches: 0 stacktraces.
	at exceptionparser.StackTraceParser.parse(StackTraceParser.java:243)
	at fr.inria.spirals.repairnator.process.step.gatherinfo.GatherTestInformation.businessExecute(GatherTestInformation.java:180)
	at fr.inria.spirals.repairnator.process.step.AbstractStep.execute(AbstractStep.java:361)
	at fr.inria.spirals.repairnator.process.step.AbstractStep.executeNextStep(AbstractStep.java:213)
	at fr.inria.spirals.repairnator.process.step.AbstractStep.execute(AbstractStep.java:378)
	at fr.inria.spirals.repairnator.process.step.AbstractStep.executeNextStep(AbstractStep.java:213)
	at fr.inria.spirals.repairnator.process.step.AbstractStep.execute(AbstractStep.java:378)
	at fr.inria.spirals.repairnator.process.step.AbstractStep.executeNextStep(AbstractStep.java:213)
	at fr.inria.spirals.repairnator.process.step.AbstractStep.execute(AbstractStep.java:378)
	at fr.inria.spirals.repairnator.process.step.AbstractStep.executeNextStep(AbstractStep.java:213)
	at fr.inria.spirals.repairnator.process.step.AbstractStep.execute(AbstractStep.java:378)
	at fr.inria.spirals.repairnator.process.step.AbstractStep.executeNextStep(AbstractStep.java:213)
	at fr.inria.spirals.repairnator.process.step.AbstractStep.execute(AbstractStep.java:378)
	at fr.inria.spirals.repairnator.process.step.AbstractStep.executeNextStep(AbstractStep.java:213)
	at fr.inria.spirals.repairnator.process.step.AbstractStep.execute(AbstractStep.java:378)
	at fr.inria.spirals.repairnator.process.inspectors.components.RunInspector4FaultLocalization.run(RunInspector4FaultLocalization.java:42)
	at fr.inria.spirals.repairnator.process.inspectors.ProjectInspector.run(ProjectInspector.java:307)
	at fr.inria.spirals.repairnator.pipeline.github.GithubMainProcess.run(GithubMainProcess.java:112)
	at fr.inria.spirals.repairnator.pipeline.BranchLauncher.main(BranchLauncher.java:92)
	at fr.inria.spirals.repairnator.pipeline.BranchLauncher.launch(BranchLauncher.java:98)
	at fr.inria.spirals.repairnator.pipeline.Launcher.main(Launcher.java:28)
23:58:43.685 [main] ERROR f.i.s.r.p.s.g.GatherTestInformation - Error while parsing stack trace.
exceptionparser.StackTraceParser$ParseException: Can't match exactly one stacktrace in given String. Matches: 0 stacktraces.
	at exceptionparser.StackTraceParser.parse(StackTraceParser.java:243)
	at fr.inria.spirals.repairnator.process.step.gatherinfo.GatherTestInformation.businessExecute(GatherTestInformation.java:180)
	at fr.inria.spirals.repairnator.process.step.AbstractStep.execute(AbstractStep.java:361)
	at fr.inria.spirals.repairnator.process.step.AbstractStep.executeNextStep(AbstractStep.java:213)
	at fr.inria.spirals.repairnator.process.step.AbstractStep.execute(AbstractStep.java:378)
	at fr.inria.spirals.repairnator.process.step.AbstractStep.executeNextStep(AbstractStep.java:213)
	at fr.inria.spirals.repairnator.process.step.AbstractStep.execute(AbstractStep.java:378)
	at fr.inria.spirals.repairnator.process.step.AbstractStep.executeNextStep(AbstractStep.java:213)
	at fr.inria.spirals.repairnator.process.step.AbstractStep.execute(AbstractStep.java:378)
	at fr.inria.spirals.repairnator.process.step.AbstractStep.executeNextStep(AbstractStep.java:213)
	at fr.inria.spirals.repairnator.process.step.AbstractStep.execute(AbstractStep.java:378)
	at fr.inria.spirals.repairnator.process.step.AbstractStep.executeNextStep(AbstractStep.java:213)
	at fr.inria.spirals.repairnator.process.step.AbstractStep.execute(AbstractStep.java:378)
	at fr.inria.spirals.repairnator.process.step.AbstractStep.executeNextStep(AbstractStep.java:213)
	at fr.inria.spirals.repairnator.process.step.AbstractStep.execute(AbstractStep.java:378)
	at fr.inria.spirals.repairnator.process.inspectors.components.RunInspector4FaultLocalization.run(RunInspector4FaultLocalization.java:42)
	at fr.inria.spirals.repairnator.process.inspectors.ProjectInspector.run(ProjectInspector.java:307)
	at fr.inria.spirals.repairnator.pipeline.github.GithubMainProcess.run(GithubMainProcess.java:112)
	at fr.inria.spirals.repairnator.pipeline.BranchLauncher.main(BranchLauncher.java:92)
	at fr.inria.spirals.repairnator.pipeline.BranchLauncher.launch(BranchLauncher.java:98)
	at fr.inria.spirals.repairnator.pipeline.Launcher.main(Launcher.java:28)
23:58:43.685 [main] ERROR f.i.s.r.p.s.g.GatherTestInformation - Error while parsing stack trace.
exceptionparser.StackTraceParser$ParseException: Can't match exactly one stacktrace in given String. Matches: 0 stacktraces.
	at exceptionparser.StackTraceParser.parse(StackTraceParser.java:243)
	at fr.inria.spirals.repairnator.process.step.gatherinfo.GatherTestInformation.businessExecute(GatherTestInformation.java:180)
	at fr.inria.spirals.repairnator.process.step.AbstractStep.execute(AbstractStep.java:361)
	at fr.inria.spirals.repairnator.process.step.AbstractStep.executeNextStep(AbstractStep.java:213)
	at fr.inria.spirals.repairnator.process.step.AbstractStep.execute(AbstractStep.java:378)
	at fr.inria.spirals.repairnator.process.step.AbstractStep.executeNextStep(AbstractStep.java:213)
	at fr.inria.spirals.repairnator.process.step.AbstractStep.execute(AbstractStep.java:378)
	at fr.inria.spirals.repairnator.process.step.AbstractStep.executeNextStep(AbstractStep.java:213)
	at fr.inria.spirals.repairnator.process.step.AbstractStep.execute(AbstractStep.java:378)
	at fr.inria.spirals.repairnator.process.step.AbstractStep.executeNextStep(AbstractStep.java:213)
	at fr.inria.spirals.repairnator.process.step.AbstractStep.execute(AbstractStep.java:378)
	at fr.inria.spirals.repairnator.process.step.AbstractStep.executeNextStep(AbstractStep.java:213)
	at fr.inria.spirals.repairnator.process.step.AbstractStep.execute(AbstractStep.java:378)
	at fr.inria.spirals.repairnator.process.step.AbstractStep.executeNextStep(AbstractStep.java:213)
	at fr.inria.spirals.repairnator.process.step.AbstractStep.execute(AbstractStep.java:378)
	at fr.inria.spirals.repairnator.process.inspectors.components.RunInspector4FaultLocalization.run(RunInspector4FaultLocalization.java:42)
	at fr.inria.spirals.repairnator.process.inspectors.ProjectInspector.run(ProjectInspector.java:307)
	at fr.inria.spirals.repairnator.pipeline.github.GithubMainProcess.run(GithubMainProcess.java:112)
	at fr.inria.spirals.repairnator.pipeline.BranchLauncher.main(BranchLauncher.java:92)
	at fr.inria.spirals.repairnator.pipeline.BranchLauncher.launch(BranchLauncher.java:98)
	at fr.inria.spirals.repairnator.pipeline.Launcher.main(Launcher.java:28)
23:58:43.686 [main] ERROR f.i.s.r.p.s.g.GatherTestInformation - Error while parsing stack trace.
exceptionparser.StackTraceParser$ParseException: Can't match exactly one stacktrace in given String. Matches: 0 stacktraces.
	at exceptionparser.StackTraceParser.parse(StackTraceParser.java:243)
	at fr.inria.spirals.repairnator.process.step.gatherinfo.GatherTestInformation.businessExecute(GatherTestInformation.java:180)
	at fr.inria.spirals.repairnator.process.step.AbstractStep.execute(AbstractStep.java:361)
	at fr.inria.spirals.repairnator.process.step.AbstractStep.executeNextStep(AbstractStep.java:213)
	at fr.inria.spirals.repairnator.process.step.AbstractStep.execute(AbstractStep.java:378)
	at fr.inria.spirals.repairnator.process.step.AbstractStep.executeNextStep(AbstractStep.java:213)
	at fr.inria.spirals.repairnator.process.step.AbstractStep.execute(AbstractStep.java:378)
	at fr.inria.spirals.repairnator.process.step.AbstractStep.executeNextStep(AbstractStep.java:213)
	at fr.inria.spirals.repairnator.process.step.AbstractStep.execute(AbstractStep.java:378)
	at fr.inria.spirals.repairnator.process.step.AbstractStep.executeNextStep(AbstractStep.java:213)
	at fr.inria.spirals.repairnator.process.step.AbstractStep.execute(AbstractStep.java:378)
	at fr.inria.spirals.repairnator.process.step.AbstractStep.executeNextStep(AbstractStep.java:213)
	at fr.inria.spirals.repairnator.process.step.AbstractStep.execute(AbstractStep.java:378)
	at fr.inria.spirals.repairnator.process.step.AbstractStep.executeNextStep(AbstractStep.java:213)
	at fr.inria.spirals.repairnator.process.step.AbstractStep.execute(AbstractStep.java:378)
	at fr.inria.spirals.repairnator.process.inspectors.components.RunInspector4FaultLocalization.run(RunInspector4FaultLocalization.java:42)
	at fr.inria.spirals.repairnator.process.inspectors.ProjectInspector.run(ProjectInspector.java:307)
	at fr.inria.spirals.repairnator.pipeline.github.GithubMainProcess.run(GithubMainProcess.java:112)
	at fr.inria.spirals.repairnator.pipeline.BranchLauncher.main(BranchLauncher.java:92)
	at fr.inria.spirals.repairnator.pipeline.BranchLauncher.launch(BranchLauncher.java:98)
	at fr.inria.spirals.repairnator.pipeline.Launcher.main(Launcher.java:28)
23:58:43.686 [main] ERROR f.i.s.r.p.s.g.GatherTestInformation - Error while parsing stack trace.
exceptionparser.StackTraceParser$ParseException: Can't match exactly one stacktrace in given String. Matches: 0 stacktraces.
	at exceptionparser.StackTraceParser.parse(StackTraceParser.java:243)
	at fr.inria.spirals.repairnator.process.step.gatherinfo.GatherTestInformation.businessExecute(GatherTestInformation.java:180)
	at fr.inria.spirals.repairnator.process.step.AbstractStep.execute(AbstractStep.java:361)
	at fr.inria.spirals.repairnator.process.step.AbstractStep.executeNextStep(AbstractStep.java:213)
	at fr.inria.spirals.repairnator.process.step.AbstractStep.execute(AbstractStep.java:378)
	at fr.inria.spirals.repairnator.process.step.AbstractStep.executeNextStep(AbstractStep.java:213)
	at fr.inria.spirals.repairnator.process.step.AbstractStep.execute(AbstractStep.java:378)
	at fr.inria.spirals.repairnator.process.step.AbstractStep.executeNextStep(AbstractStep.java:213)
	at fr.inria.spirals.repairnator.process.step.AbstractStep.execute(AbstractStep.java:378)
	at fr.inria.spirals.repairnator.process.step.AbstractStep.executeNextStep(AbstractStep.java:213)
	at fr.inria.spirals.repairnator.process.step.AbstractStep.execute(AbstractStep.java:378)
	at fr.inria.spirals.repairnator.process.step.AbstractStep.executeNextStep(AbstractStep.java:213)
	at fr.inria.spirals.repairnator.process.step.AbstractStep.execute(AbstractStep.java:378)
	at fr.inria.spirals.repairnator.process.step.AbstractStep.executeNextStep(AbstractStep.java:213)
	at fr.inria.spirals.repairnator.process.step.AbstractStep.execute(AbstractStep.java:378)
	at fr.inria.spirals.repairnator.process.inspectors.components.RunInspector4FaultLocalization.run(RunInspector4FaultLocalization.java:42)
	at fr.inria.spirals.repairnator.process.inspectors.ProjectInspector.run(ProjectInspector.java:307)
	at fr.inria.spirals.repairnator.pipeline.github.GithubMainProcess.run(GithubMainProcess.java:112)
	at fr.inria.spirals.repairnator.pipeline.BranchLauncher.main(BranchLauncher.java:92)
	at fr.inria.spirals.repairnator.pipeline.BranchLauncher.launch(BranchLauncher.java:98)
	at fr.inria.spirals.repairnator.pipeline.Launcher.main(Launcher.java:28)
23:58:43.686 [main] ERROR f.i.s.r.p.s.g.GatherTestInformation - Error while parsing stack trace.
exceptionparser.StackTraceParser$ParseException: Can't match exactly one stacktrace in given String. Matches: 0 stacktraces.
	at exceptionparser.StackTraceParser.parse(StackTraceParser.java:243)
	at fr.inria.spirals.repairnator.process.step.gatherinfo.GatherTestInformation.businessExecute(GatherTestInformation.java:180)
	at fr.inria.spirals.repairnator.process.step.AbstractStep.execute(AbstractStep.java:361)
	at fr.inria.spirals.repairnator.process.step.AbstractStep.executeNextStep(AbstractStep.java:213)
	at fr.inria.spirals.repairnator.process.step.AbstractStep.execute(AbstractStep.java:378)
	at fr.inria.spirals.repairnator.process.step.AbstractStep.executeNextStep(AbstractStep.java:213)
	at fr.inria.spirals.repairnator.process.step.AbstractStep.execute(AbstractStep.java:378)
	at fr.inria.spirals.repairnator.process.step.AbstractStep.executeNextStep(AbstractStep.java:213)
	at fr.inria.spirals.repairnator.process.step.AbstractStep.execute(AbstractStep.java:378)
	at fr.inria.spirals.repairnator.process.step.AbstractStep.executeNextStep(AbstractStep.java:213)
	at fr.inria.spirals.repairnator.process.step.AbstractStep.execute(AbstractStep.java:378)
	at fr.inria.spirals.repairnator.process.step.AbstractStep.executeNextStep(AbstractStep.java:213)
	at fr.inria.spirals.repairnator.process.step.AbstractStep.execute(AbstractStep.java:378)
	at fr.inria.spirals.repairnator.process.step.AbstractStep.executeNextStep(AbstractStep.java:213)
	at fr.inria.spirals.repairnator.process.step.AbstractStep.execute(AbstractStep.java:378)
	at fr.inria.spirals.repairnator.process.inspectors.components.RunInspector4FaultLocalization.run(RunInspector4FaultLocalization.java:42)
	at fr.inria.spirals.repairnator.process.inspectors.ProjectInspector.run(ProjectInspector.java:307)
	at fr.inria.spirals.repairnator.pipeline.github.GithubMainProcess.run(GithubMainProcess.java:112)
	at fr.inria.spirals.repairnator.pipeline.BranchLauncher.main(BranchLauncher.java:92)
	at fr.inria.spirals.repairnator.pipeline.BranchLauncher.launch(BranchLauncher.java:98)
	at fr.inria.spirals.repairnator.pipeline.Launcher.main(Launcher.java:28)
23:58:43.686 [main] ERROR f.i.s.r.p.s.g.GatherTestInformation - Error while parsing stack trace.
exceptionparser.StackTraceParser$ParseException: Can't match exactly one stacktrace in given String. Matches: 0 stacktraces.
	at exceptionparser.StackTraceParser.parse(StackTraceParser.java:243)
	at fr.inria.spirals.repairnator.process.step.gatherinfo.GatherTestInformation.businessExecute(GatherTestInformation.java:180)
	at fr.inria.spirals.repairnator.process.step.AbstractStep.execute(AbstractStep.java:361)
	at fr.inria.spirals.repairnator.process.step.AbstractStep.executeNextStep(AbstractStep.java:213)
	at fr.inria.spirals.repairnator.process.step.AbstractStep.execute(AbstractStep.java:378)
	at fr.inria.spirals.repairnator.process.step.AbstractStep.executeNextStep(AbstractStep.java:213)
	at fr.inria.spirals.repairnator.process.step.AbstractStep.execute(AbstractStep.java:378)
	at fr.inria.spirals.repairnator.process.step.AbstractStep.executeNextStep(AbstractStep.java:213)
	at fr.inria.spirals.repairnator.process.step.AbstractStep.execute(AbstractStep.java:378)
	at fr.inria.spirals.repairnator.process.step.AbstractStep.executeNextStep(AbstractStep.java:213)
	at fr.inria.spirals.repairnator.process.step.AbstractStep.execute(AbstractStep.java:378)
	at fr.inria.spirals.repairnator.process.step.AbstractStep.executeNextStep(AbstractStep.java:213)
	at fr.inria.spirals.repairnator.process.step.AbstractStep.execute(AbstractStep.java:378)
	at fr.inria.spirals.repairnator.process.step.AbstractStep.executeNextStep(AbstractStep.java:213)
	at fr.inria.spirals.repairnator.process.step.AbstractStep.execute(AbstractStep.java:378)
	at fr.inria.spirals.repairnator.process.inspectors.components.RunInspector4FaultLocalization.run(RunInspector4FaultLocalization.java:42)
	at fr.inria.spirals.repairnator.process.inspectors.ProjectInspector.run(ProjectInspector.java:307)
	at fr.inria.spirals.repairnator.pipeline.github.GithubMainProcess.run(GithubMainProcess.java:112)
	at fr.inria.spirals.repairnator.pipeline.BranchLauncher.main(BranchLauncher.java:92)
	at fr.inria.spirals.repairnator.pipeline.BranchLauncher.launch(BranchLauncher.java:98)
	at fr.inria.spirals.repairnator.pipeline.Launcher.main(Launcher.java:28)
23:58:43.686 [main] ERROR f.i.s.r.p.s.g.GatherTestInformation - Error while parsing stack trace.
exceptionparser.StackTraceParser$ParseException: Can't match exactly one stacktrace in given String. Matches: 0 stacktraces.
	at exceptionparser.StackTraceParser.parse(StackTraceParser.java:243)
	at fr.inria.spirals.repairnator.process.step.gatherinfo.GatherTestInformation.businessExecute(GatherTestInformation.java:180)
	at fr.inria.spirals.repairnator.process.step.AbstractStep.execute(AbstractStep.java:361)
	at fr.inria.spirals.repairnator.process.step.AbstractStep.executeNextStep(AbstractStep.java:213)
	at fr.inria.spirals.repairnator.process.step.AbstractStep.execute(AbstractStep.java:378)
	at fr.inria.spirals.repairnator.process.step.AbstractStep.executeNextStep(AbstractStep.java:213)
	at fr.inria.spirals.repairnator.process.step.AbstractStep.execute(AbstractStep.java:378)
	at fr.inria.spirals.repairnator.process.step.AbstractStep.executeNextStep(AbstractStep.java:213)
	at fr.inria.spirals.repairnator.process.step.AbstractStep.execute(AbstractStep.java:378)
	at fr.inria.spirals.repairnator.process.step.AbstractStep.executeNextStep(AbstractStep.java:213)
	at fr.inria.spirals.repairnator.process.step.AbstractStep.execute(AbstractStep.java:378)
	at fr.inria.spirals.repairnator.process.step.AbstractStep.executeNextStep(AbstractStep.java:213)
	at fr.inria.spirals.repairnator.process.step.AbstractStep.execute(AbstractStep.java:378)
	at fr.inria.spirals.repairnator.process.step.AbstractStep.executeNextStep(AbstractStep.java:213)
	at fr.inria.spirals.repairnator.process.step.AbstractStep.execute(AbstractStep.java:378)
	at fr.inria.spirals.repairnator.process.inspectors.components.RunInspector4FaultLocalization.run(RunInspector4FaultLocalization.java:42)
	at fr.inria.spirals.repairnator.process.inspectors.ProjectInspector.run(ProjectInspector.java:307)
	at fr.inria.spirals.repairnator.pipeline.github.GithubMainProcess.run(GithubMainProcess.java:112)
	at fr.inria.spirals.repairnator.pipeline.BranchLauncher.main(BranchLauncher.java:92)
	at fr.inria.spirals.repairnator.pipeline.BranchLauncher.launch(BranchLauncher.java:98)
	at fr.inria.spirals.repairnator.pipeline.Launcher.main(Launcher.java:28)
23:58:43.687 [main] ERROR f.i.s.r.p.s.g.GatherTestInformation - Error while parsing stack trace.
exceptionparser.StackTraceParser$ParseException: Can't match exactly one stacktrace in given String. Matches: 0 stacktraces.
	at exceptionparser.StackTraceParser.parse(StackTraceParser.java:243)
	at fr.inria.spirals.repairnator.process.step.gatherinfo.GatherTestInformation.businessExecute(GatherTestInformation.java:180)
	at fr.inria.spirals.repairnator.process.step.AbstractStep.execute(AbstractStep.java:361)
	at fr.inria.spirals.repairnator.process.step.AbstractStep.executeNextStep(AbstractStep.java:213)
	at fr.inria.spirals.repairnator.process.step.AbstractStep.execute(AbstractStep.java:378)
	at fr.inria.spirals.repairnator.process.step.AbstractStep.executeNextStep(AbstractStep.java:213)
	at fr.inria.spirals.repairnator.process.step.AbstractStep.execute(AbstractStep.java:378)
	at fr.inria.spirals.repairnator.process.step.AbstractStep.executeNextStep(AbstractStep.java:213)
	at fr.inria.spirals.repairnator.process.step.AbstractStep.execute(AbstractStep.java:378)
	at fr.inria.spirals.repairnator.process.step.AbstractStep.executeNextStep(AbstractStep.java:213)
	at fr.inria.spirals.repairnator.process.step.AbstractStep.execute(AbstractStep.java:378)
	at fr.inria.spirals.repairnator.process.step.AbstractStep.executeNextStep(AbstractStep.java:213)
	at fr.inria.spirals.repairnator.process.step.AbstractStep.execute(AbstractStep.java:378)
	at fr.inria.spirals.repairnator.process.step.AbstractStep.executeNextStep(AbstractStep.java:213)
	at fr.inria.spirals.repairnator.process.step.AbstractStep.execute(AbstractStep.java:378)
	at fr.inria.spirals.repairnator.process.inspectors.components.RunInspector4FaultLocalization.run(RunInspector4FaultLocalization.java:42)
	at fr.inria.spirals.repairnator.process.inspectors.ProjectInspector.run(ProjectInspector.java:307)
	at fr.inria.spirals.repairnator.pipeline.github.GithubMainProcess.run(GithubMainProcess.java:112)
	at fr.inria.spirals.repairnator.pipeline.BranchLauncher.main(BranchLauncher.java:92)
	at fr.inria.spirals.repairnator.pipeline.BranchLauncher.launch(BranchLauncher.java:98)
	at fr.inria.spirals.repairnator.pipeline.Launcher.main(Launcher.java:28)
23:58:43.687 [main] ERROR f.i.s.r.p.s.g.GatherTestInformation - Error while parsing stack trace.
exceptionparser.StackTraceParser$ParseException: Can't match exactly one stacktrace in given String. Matches: 0 stacktraces.
	at exceptionparser.StackTraceParser.parse(StackTraceParser.java:243)
	at fr.inria.spirals.repairnator.process.step.gatherinfo.GatherTestInformation.businessExecute(GatherTestInformation.java:180)
	at fr.inria.spirals.repairnator.process.step.AbstractStep.execute(AbstractStep.java:361)
	at fr.inria.spirals.repairnator.process.step.AbstractStep.executeNextStep(AbstractStep.java:213)
	at fr.inria.spirals.repairnator.process.step.AbstractStep.execute(AbstractStep.java:378)
	at fr.inria.spirals.repairnator.process.step.AbstractStep.executeNextStep(AbstractStep.java:213)
	at fr.inria.spirals.repairnator.process.step.AbstractStep.execute(AbstractStep.java:378)
	at fr.inria.spirals.repairnator.process.step.AbstractStep.executeNextStep(AbstractStep.java:213)
	at fr.inria.spirals.repairnator.process.step.AbstractStep.execute(AbstractStep.java:378)
	at fr.inria.spirals.repairnator.process.step.AbstractStep.executeNextStep(AbstractStep.java:213)
	at fr.inria.spirals.repairnator.process.step.AbstractStep.execute(AbstractStep.java:378)
	at fr.inria.spirals.repairnator.process.step.AbstractStep.executeNextStep(AbstractStep.java:213)
	at fr.inria.spirals.repairnator.process.step.AbstractStep.execute(AbstractStep.java:378)
	at fr.inria.spirals.repairnator.process.step.AbstractStep.executeNextStep(AbstractStep.java:213)
	at fr.inria.spirals.repairnator.process.step.AbstractStep.execute(AbstractStep.java:378)
	at fr.inria.spirals.repairnator.process.inspectors.components.RunInspector4FaultLocalization.run(RunInspector4FaultLocalization.java:42)
	at fr.inria.spirals.repairnator.process.inspectors.ProjectInspector.run(ProjectInspector.java:307)
	at fr.inria.spirals.repairnator.pipeline.github.GithubMainProcess.run(GithubMainProcess.java:112)
	at fr.inria.spirals.repairnator.pipeline.BranchLauncher.main(BranchLauncher.java:92)
	at fr.inria.spirals.repairnator.pipeline.BranchLauncher.launch(BranchLauncher.java:98)
	at fr.inria.spirals.repairnator.pipeline.Launcher.main(Launcher.java:28)
23:58:43.687 [main] ERROR f.i.s.r.p.s.g.GatherTestInformation - Error while parsing stack trace.
exceptionparser.StackTraceParser$ParseException: Can't match exactly one stacktrace in given String. Matches: 0 stacktraces.
	at exceptionparser.StackTraceParser.parse(StackTraceParser.java:243)
	at fr.inria.spirals.repairnator.process.step.gatherinfo.GatherTestInformation.businessExecute(GatherTestInformation.java:180)
	at fr.inria.spirals.repairnator.process.step.AbstractStep.execute(AbstractStep.java:361)
	at fr.inria.spirals.repairnator.process.step.AbstractStep.executeNextStep(AbstractStep.java:213)
	at fr.inria.spirals.repairnator.process.step.AbstractStep.execute(AbstractStep.java:378)
	at fr.inria.spirals.repairnator.process.step.AbstractStep.executeNextStep(AbstractStep.java:213)
	at fr.inria.spirals.repairnator.process.step.AbstractStep.execute(AbstractStep.java:378)
	at fr.inria.spirals.repairnator.process.step.AbstractStep.executeNextStep(AbstractStep.java:213)
	at fr.inria.spirals.repairnator.process.step.AbstractStep.execute(AbstractStep.java:378)
	at fr.inria.spirals.repairnator.process.step.AbstractStep.executeNextStep(AbstractStep.java:213)
	at fr.inria.spirals.repairnator.process.step.AbstractStep.execute(AbstractStep.java:378)
	at fr.inria.spirals.repairnator.process.step.AbstractStep.executeNextStep(AbstractStep.java:213)
	at fr.inria.spirals.repairnator.process.step.AbstractStep.execute(AbstractStep.java:378)
	at fr.inria.spirals.repairnator.process.step.AbstractStep.executeNextStep(AbstractStep.java:213)
	at fr.inria.spirals.repairnator.process.step.AbstractStep.execute(AbstractStep.java:378)
	at fr.inria.spirals.repairnator.process.inspectors.components.RunInspector4FaultLocalization.run(RunInspector4FaultLocalization.java:42)
	at fr.inria.spirals.repairnator.process.inspectors.ProjectInspector.run(ProjectInspector.java:307)
	at fr.inria.spirals.repairnator.pipeline.github.GithubMainProcess.run(GithubMainProcess.java:112)
	at fr.inria.spirals.repairnator.pipeline.BranchLauncher.main(BranchLauncher.java:92)
	at fr.inria.spirals.repairnator.pipeline.BranchLauncher.launch(BranchLauncher.java:98)
	at fr.inria.spirals.repairnator.pipeline.Launcher.main(Launcher.java:28)
23:58:43.687 [main] ERROR f.i.s.r.p.s.g.GatherTestInformation - Error while parsing stack trace.
exceptionparser.StackTraceParser$ParseException: Can't match exactly one stacktrace in given String. Matches: 0 stacktraces.
	at exceptionparser.StackTraceParser.parse(StackTraceParser.java:243)
	at fr.inria.spirals.repairnator.process.step.gatherinfo.GatherTestInformation.businessExecute(GatherTestInformation.java:180)
	at fr.inria.spirals.repairnator.process.step.AbstractStep.execute(AbstractStep.java:361)
	at fr.inria.spirals.repairnator.process.step.AbstractStep.executeNextStep(AbstractStep.java:213)
	at fr.inria.spirals.repairnator.process.step.AbstractStep.execute(AbstractStep.java:378)
	at fr.inria.spirals.repairnator.process.step.AbstractStep.executeNextStep(AbstractStep.java:213)
	at fr.inria.spirals.repairnator.process.step.AbstractStep.execute(AbstractStep.java:378)
	at fr.inria.spirals.repairnator.process.step.AbstractStep.executeNextStep(AbstractStep.java:213)
	at fr.inria.spirals.repairnator.process.step.AbstractStep.execute(AbstractStep.java:378)
	at fr.inria.spirals.repairnator.process.step.AbstractStep.executeNextStep(AbstractStep.java:213)
	at fr.inria.spirals.repairnator.process.step.AbstractStep.execute(AbstractStep.java:378)
	at fr.inria.spirals.repairnator.process.step.AbstractStep.executeNextStep(AbstractStep.java:213)
	at fr.inria.spirals.repairnator.process.step.AbstractStep.execute(AbstractStep.java:378)
	at fr.inria.spirals.repairnator.process.step.AbstractStep.executeNextStep(AbstractStep.java:213)
	at fr.inria.spirals.repairnator.process.step.AbstractStep.execute(AbstractStep.java:378)
	at fr.inria.spirals.repairnator.process.inspectors.components.RunInspector4FaultLocalization.run(RunInspector4FaultLocalization.java:42)
	at fr.inria.spirals.repairnator.process.inspectors.ProjectInspector.run(ProjectInspector.java:307)
	at fr.inria.spirals.repairnator.pipeline.github.GithubMainProcess.run(GithubMainProcess.java:112)
	at fr.inria.spirals.repairnator.pipeline.BranchLauncher.main(BranchLauncher.java:92)
	at fr.inria.spirals.repairnator.pipeline.BranchLauncher.launch(BranchLauncher.java:98)
	at fr.inria.spirals.repairnator.pipeline.Launcher.main(Launcher.java:28)
23:58:43.687 [main] ERROR f.i.s.r.p.s.g.GatherTestInformation - Error while parsing stack trace.
exceptionparser.StackTraceParser$ParseException: Can't match exactly one stacktrace in given String. Matches: 0 stacktraces.
	at exceptionparser.StackTraceParser.parse(StackTraceParser.java:243)
	at fr.inria.spirals.repairnator.process.step.gatherinfo.GatherTestInformation.businessExecute(GatherTestInformation.java:180)
	at fr.inria.spirals.repairnator.process.step.AbstractStep.execute(AbstractStep.java:361)
	at fr.inria.spirals.repairnator.process.step.AbstractStep.executeNextStep(AbstractStep.java:213)
	at fr.inria.spirals.repairnator.process.step.AbstractStep.execute(AbstractStep.java:378)
	at fr.inria.spirals.repairnator.process.step.AbstractStep.executeNextStep(AbstractStep.java:213)
	at fr.inria.spirals.repairnator.process.step.AbstractStep.execute(AbstractStep.java:378)
	at fr.inria.spirals.repairnator.process.step.AbstractStep.executeNextStep(AbstractStep.java:213)
	at fr.inria.spirals.repairnator.process.step.AbstractStep.execute(AbstractStep.java:378)
	at fr.inria.spirals.repairnator.process.step.AbstractStep.executeNextStep(AbstractStep.java:213)
	at fr.inria.spirals.repairnator.process.step.AbstractStep.execute(AbstractStep.java:378)
	at fr.inria.spirals.repairnator.process.step.AbstractStep.executeNextStep(AbstractStep.java:213)
	at fr.inria.spirals.repairnator.process.step.AbstractStep.execute(AbstractStep.java:378)
	at fr.inria.spirals.repairnator.process.step.AbstractStep.executeNextStep(AbstractStep.java:213)
	at fr.inria.spirals.repairnator.process.step.AbstractStep.execute(AbstractStep.java:378)
	at fr.inria.spirals.repairnator.process.inspectors.components.RunInspector4FaultLocalization.run(RunInspector4FaultLocalization.java:42)
	at fr.inria.spirals.repairnator.process.inspectors.ProjectInspector.run(ProjectInspector.java:307)
	at fr.inria.spirals.repairnator.pipeline.github.GithubMainProcess.run(GithubMainProcess.java:112)
	at fr.inria.spirals.repairnator.pipeline.BranchLauncher.main(BranchLauncher.java:92)
	at fr.inria.spirals.repairnator.pipeline.BranchLauncher.launch(BranchLauncher.java:98)
	at fr.inria.spirals.repairnator.pipeline.Launcher.main(Launcher.java:28)
23:58:43.688 [main] ERROR f.i.s.r.p.s.g.GatherTestInformation - Error while parsing stack trace.
exceptionparser.StackTraceParser$ParseException: Can't match exactly one stacktrace in given String. Matches: 0 stacktraces.
	at exceptionparser.StackTraceParser.parse(StackTraceParser.java:243)
	at fr.inria.spirals.repairnator.process.step.gatherinfo.GatherTestInformation.businessExecute(GatherTestInformation.java:180)
	at fr.inria.spirals.repairnator.process.step.AbstractStep.execute(AbstractStep.java:361)
	at fr.inria.spirals.repairnator.process.step.AbstractStep.executeNextStep(AbstractStep.java:213)
	at fr.inria.spirals.repairnator.process.step.AbstractStep.execute(AbstractStep.java:378)
	at fr.inria.spirals.repairnator.process.step.AbstractStep.executeNextStep(AbstractStep.java:213)
	at fr.inria.spirals.repairnator.process.step.AbstractStep.execute(AbstractStep.java:378)
	at fr.inria.spirals.repairnator.process.step.AbstractStep.executeNextStep(AbstractStep.java:213)
	at fr.inria.spirals.repairnator.process.step.AbstractStep.execute(AbstractStep.java:378)
	at fr.inria.spirals.repairnator.process.step.AbstractStep.executeNextStep(AbstractStep.java:213)
	at fr.inria.spirals.repairnator.process.step.AbstractStep.execute(AbstractStep.java:378)
	at fr.inria.spirals.repairnator.process.step.AbstractStep.executeNextStep(AbstractStep.java:213)
	at fr.inria.spirals.repairnator.process.step.AbstractStep.execute(AbstractStep.java:378)
	at fr.inria.spirals.repairnator.process.step.AbstractStep.executeNextStep(AbstractStep.java:213)
	at fr.inria.spirals.repairnator.process.step.AbstractStep.execute(AbstractStep.java:378)
	at fr.inria.spirals.repairnator.process.inspectors.components.RunInspector4FaultLocalization.run(RunInspector4FaultLocalization.java:42)
	at fr.inria.spirals.repairnator.process.inspectors.ProjectInspector.run(ProjectInspector.java:307)
	at fr.inria.spirals.repairnator.pipeline.github.GithubMainProcess.run(GithubMainProcess.java:112)
	at fr.inria.spirals.repairnator.pipeline.BranchLauncher.main(BranchLauncher.java:92)
	at fr.inria.spirals.repairnator.pipeline.BranchLauncher.launch(BranchLauncher.java:98)
	at fr.inria.spirals.repairnator.pipeline.Launcher.main(Launcher.java:28)
23:58:43.688 [main] ERROR f.i.s.r.p.s.g.GatherTestInformation - Error while parsing stack trace.
exceptionparser.StackTraceParser$ParseException: Can't match exactly one stacktrace in given String. Matches: 0 stacktraces.
	at exceptionparser.StackTraceParser.parse(StackTraceParser.java:243)
	at fr.inria.spirals.repairnator.process.step.gatherinfo.GatherTestInformation.businessExecute(GatherTestInformation.java:180)
	at fr.inria.spirals.repairnator.process.step.AbstractStep.execute(AbstractStep.java:361)
	at fr.inria.spirals.repairnator.process.step.AbstractStep.executeNextStep(AbstractStep.java:213)
	at fr.inria.spirals.repairnator.process.step.AbstractStep.execute(AbstractStep.java:378)
	at fr.inria.spirals.repairnator.process.step.AbstractStep.executeNextStep(AbstractStep.java:213)
	at fr.inria.spirals.repairnator.process.step.AbstractStep.execute(AbstractStep.java:378)
	at fr.inria.spirals.repairnator.process.step.AbstractStep.executeNextStep(AbstractStep.java:213)
	at fr.inria.spirals.repairnator.process.step.AbstractStep.execute(AbstractStep.java:378)
	at fr.inria.spirals.repairnator.process.step.AbstractStep.executeNextStep(AbstractStep.java:213)
	at fr.inria.spirals.repairnator.process.step.AbstractStep.execute(AbstractStep.java:378)
	at fr.inria.spirals.repairnator.process.step.AbstractStep.executeNextStep(AbstractStep.java:213)
	at fr.inria.spirals.repairnator.process.step.AbstractStep.execute(AbstractStep.java:378)
	at fr.inria.spirals.repairnator.process.step.AbstractStep.executeNextStep(AbstractStep.java:213)
	at fr.inria.spirals.repairnator.process.step.AbstractStep.execute(AbstractStep.java:378)
	at fr.inria.spirals.repairnator.process.inspectors.components.RunInspector4FaultLocalization.run(RunInspector4FaultLocalization.java:42)
	at fr.inria.spirals.repairnator.process.inspectors.ProjectInspector.run(ProjectInspector.java:307)
	at fr.inria.spirals.repairnator.pipeline.github.GithubMainProcess.run(GithubMainProcess.java:112)
	at fr.inria.spirals.repairnator.pipeline.BranchLauncher.main(BranchLauncher.java:92)
	at fr.inria.spirals.repairnator.pipeline.BranchLauncher.launch(BranchLauncher.java:98)
	at fr.inria.spirals.repairnator.pipeline.Launcher.main(Launcher.java:28)
23:58:43.688 [main] ERROR f.i.s.r.p.s.g.GatherTestInformation - Error while parsing stack trace.
exceptionparser.StackTraceParser$ParseException: Can't match exactly one stacktrace in given String. Matches: 0 stacktraces.
	at exceptionparser.StackTraceParser.parse(StackTraceParser.java:243)
	at fr.inria.spirals.repairnator.process.step.gatherinfo.GatherTestInformation.businessExecute(GatherTestInformation.java:180)
	at fr.inria.spirals.repairnator.process.step.AbstractStep.execute(AbstractStep.java:361)
	at fr.inria.spirals.repairnator.process.step.AbstractStep.executeNextStep(AbstractStep.java:213)
	at fr.inria.spirals.repairnator.process.step.AbstractStep.execute(AbstractStep.java:378)
	at fr.inria.spirals.repairnator.process.step.AbstractStep.executeNextStep(AbstractStep.java:213)
	at fr.inria.spirals.repairnator.process.step.AbstractStep.execute(AbstractStep.java:378)
	at fr.inria.spirals.repairnator.process.step.AbstractStep.executeNextStep(AbstractStep.java:213)
	at fr.inria.spirals.repairnator.process.step.AbstractStep.execute(AbstractStep.java:378)
	at fr.inria.spirals.repairnator.process.step.AbstractStep.executeNextStep(AbstractStep.java:213)
	at fr.inria.spirals.repairnator.process.step.AbstractStep.execute(AbstractStep.java:378)
	at fr.inria.spirals.repairnator.process.step.AbstractStep.executeNextStep(AbstractStep.java:213)
	at fr.inria.spirals.repairnator.process.step.AbstractStep.execute(AbstractStep.java:378)
	at fr.inria.spirals.repairnator.process.step.AbstractStep.executeNextStep(AbstractStep.java:213)
	at fr.inria.spirals.repairnator.process.step.AbstractStep.execute(AbstractStep.java:378)
	at fr.inria.spirals.repairnator.process.inspectors.components.RunInspector4FaultLocalization.run(RunInspector4FaultLocalization.java:42)
	at fr.inria.spirals.repairnator.process.inspectors.ProjectInspector.run(ProjectInspector.java:307)
	at fr.inria.spirals.repairnator.pipeline.github.GithubMainProcess.run(GithubMainProcess.java:112)
	at fr.inria.spirals.repairnator.pipeline.BranchLauncher.main(BranchLauncher.java:92)
	at fr.inria.spirals.repairnator.pipeline.BranchLauncher.launch(BranchLauncher.java:98)
	at fr.inria.spirals.repairnator.pipeline.Launcher.main(Launcher.java:28)
23:58:43.688 [main] ERROR f.i.s.r.p.s.g.GatherTestInformation - Error while parsing stack trace.
exceptionparser.StackTraceParser$ParseException: Can't match exactly one stacktrace in given String. Matches: 0 stacktraces.
	at exceptionparser.StackTraceParser.parse(StackTraceParser.java:243)
	at fr.inria.spirals.repairnator.process.step.gatherinfo.GatherTestInformation.businessExecute(GatherTestInformation.java:180)
	at fr.inria.spirals.repairnator.process.step.AbstractStep.execute(AbstractStep.java:361)
	at fr.inria.spirals.repairnator.process.step.AbstractStep.executeNextStep(AbstractStep.java:213)
	at fr.inria.spirals.repairnator.process.step.AbstractStep.execute(AbstractStep.java:378)
	at fr.inria.spirals.repairnator.process.step.AbstractStep.executeNextStep(AbstractStep.java:213)
	at fr.inria.spirals.repairnator.process.step.AbstractStep.execute(AbstractStep.java:378)
	at fr.inria.spirals.repairnator.process.step.AbstractStep.executeNextStep(AbstractStep.java:213)
	at fr.inria.spirals.repairnator.process.step.AbstractStep.execute(AbstractStep.java:378)
	at fr.inria.spirals.repairnator.process.step.AbstractStep.executeNextStep(AbstractStep.java:213)
	at fr.inria.spirals.repairnator.process.step.AbstractStep.execute(AbstractStep.java:378)
	at fr.inria.spirals.repairnator.process.step.AbstractStep.executeNextStep(AbstractStep.java:213)
	at fr.inria.spirals.repairnator.process.step.AbstractStep.execute(AbstractStep.java:378)
	at fr.inria.spirals.repairnator.process.step.AbstractStep.executeNextStep(AbstractStep.java:213)
	at fr.inria.spirals.repairnator.process.step.AbstractStep.execute(AbstractStep.java:378)
	at fr.inria.spirals.repairnator.process.inspectors.components.RunInspector4FaultLocalization.run(RunInspector4FaultLocalization.java:42)
	at fr.inria.spirals.repairnator.process.inspectors.ProjectInspector.run(ProjectInspector.java:307)
	at fr.inria.spirals.repairnator.pipeline.github.GithubMainProcess.run(GithubMainProcess.java:112)
	at fr.inria.spirals.repairnator.pipeline.BranchLauncher.main(BranchLauncher.java:92)
	at fr.inria.spirals.repairnator.pipeline.BranchLauncher.launch(BranchLauncher.java:98)
	at fr.inria.spirals.repairnator.pipeline.Launcher.main(Launcher.java:28)
23:58:43.689 [main] ERROR f.i.s.r.p.s.g.GatherTestInformation - Error while parsing stack trace.
exceptionparser.StackTraceParser$ParseException: Can't match exactly one stacktrace in given String. Matches: 0 stacktraces.
	at exceptionparser.StackTraceParser.parse(StackTraceParser.java:243)
	at fr.inria.spirals.repairnator.process.step.gatherinfo.GatherTestInformation.businessExecute(GatherTestInformation.java:180)
	at fr.inria.spirals.repairnator.process.step.AbstractStep.execute(AbstractStep.java:361)
	at fr.inria.spirals.repairnator.process.step.AbstractStep.executeNextStep(AbstractStep.java:213)
	at fr.inria.spirals.repairnator.process.step.AbstractStep.execute(AbstractStep.java:378)
	at fr.inria.spirals.repairnator.process.step.AbstractStep.executeNextStep(AbstractStep.java:213)
	at fr.inria.spirals.repairnator.process.step.AbstractStep.execute(AbstractStep.java:378)
	at fr.inria.spirals.repairnator.process.step.AbstractStep.executeNextStep(AbstractStep.java:213)
	at fr.inria.spirals.repairnator.process.step.AbstractStep.execute(AbstractStep.java:378)
	at fr.inria.spirals.repairnator.process.step.AbstractStep.executeNextStep(AbstractStep.java:213)
	at fr.inria.spirals.repairnator.process.step.AbstractStep.execute(AbstractStep.java:378)
	at fr.inria.spirals.repairnator.process.step.AbstractStep.executeNextStep(AbstractStep.java:213)
	at fr.inria.spirals.repairnator.process.step.AbstractStep.execute(AbstractStep.java:378)
	at fr.inria.spirals.repairnator.process.step.AbstractStep.executeNextStep(AbstractStep.java:213)
	at fr.inria.spirals.repairnator.process.step.AbstractStep.execute(AbstractStep.java:378)
	at fr.inria.spirals.repairnator.process.inspectors.components.RunInspector4FaultLocalization.run(RunInspector4FaultLocalization.java:42)
	at fr.inria.spirals.repairnator.process.inspectors.ProjectInspector.run(ProjectInspector.java:307)
	at fr.inria.spirals.repairnator.pipeline.github.GithubMainProcess.run(GithubMainProcess.java:112)
	at fr.inria.spirals.repairnator.pipeline.BranchLauncher.main(BranchLauncher.java:92)
	at fr.inria.spirals.repairnator.pipeline.BranchLauncher.launch(BranchLauncher.java:98)
	at fr.inria.spirals.repairnator.pipeline.Launcher.main(Launcher.java:28)
23:58:43.689 [main] ERROR f.i.s.r.p.s.g.GatherTestInformation - Error while parsing stack trace.
exceptionparser.StackTraceParser$ParseException: Can't match exactly one stacktrace in given String. Matches: 0 stacktraces.
	at exceptionparser.StackTraceParser.parse(StackTraceParser.java:243)
	at fr.inria.spirals.repairnator.process.step.gatherinfo.GatherTestInformation.businessExecute(GatherTestInformation.java:180)
	at fr.inria.spirals.repairnator.process.step.AbstractStep.execute(AbstractStep.java:361)
	at fr.inria.spirals.repairnator.process.step.AbstractStep.executeNextStep(AbstractStep.java:213)
	at fr.inria.spirals.repairnator.process.step.AbstractStep.execute(AbstractStep.java:378)
	at fr.inria.spirals.repairnator.process.step.AbstractStep.executeNextStep(AbstractStep.java:213)
	at fr.inria.spirals.repairnator.process.step.AbstractStep.execute(AbstractStep.java:378)
	at fr.inria.spirals.repairnator.process.step.AbstractStep.executeNextStep(AbstractStep.java:213)
	at fr.inria.spirals.repairnator.process.step.AbstractStep.execute(AbstractStep.java:378)
	at fr.inria.spirals.repairnator.process.step.AbstractStep.executeNextStep(AbstractStep.java:213)
	at fr.inria.spirals.repairnator.process.step.AbstractStep.execute(AbstractStep.java:378)
	at fr.inria.spirals.repairnator.process.step.AbstractStep.executeNextStep(AbstractStep.java:213)
	at fr.inria.spirals.repairnator.process.step.AbstractStep.execute(AbstractStep.java:378)
	at fr.inria.spirals.repairnator.process.step.AbstractStep.executeNextStep(AbstractStep.java:213)
	at fr.inria.spirals.repairnator.process.step.AbstractStep.execute(AbstractStep.java:378)
	at fr.inria.spirals.repairnator.process.inspectors.components.RunInspector4FaultLocalization.run(RunInspector4FaultLocalization.java:42)
	at fr.inria.spirals.repairnator.process.inspectors.ProjectInspector.run(ProjectInspector.java:307)
	at fr.inria.spirals.repairnator.pipeline.github.GithubMainProcess.run(GithubMainProcess.java:112)
	at fr.inria.spirals.repairnator.pipeline.BranchLauncher.main(BranchLauncher.java:92)
	at fr.inria.spirals.repairnator.pipeline.BranchLauncher.launch(BranchLauncher.java:98)
	at fr.inria.spirals.repairnator.pipeline.Launcher.main(Launcher.java:28)
23:58:43.689 [main] ERROR f.i.s.r.p.s.g.GatherTestInformation - Error while parsing stack trace.
exceptionparser.StackTraceParser$ParseException: Can't match exactly one stacktrace in given String. Matches: 0 stacktraces.
	at exceptionparser.StackTraceParser.parse(StackTraceParser.java:243)
	at fr.inria.spirals.repairnator.process.step.gatherinfo.GatherTestInformation.businessExecute(GatherTestInformation.java:180)
	at fr.inria.spirals.repairnator.process.step.AbstractStep.execute(AbstractStep.java:361)
	at fr.inria.spirals.repairnator.process.step.AbstractStep.executeNextStep(AbstractStep.java:213)
	at fr.inria.spirals.repairnator.process.step.AbstractStep.execute(AbstractStep.java:378)
	at fr.inria.spirals.repairnator.process.step.AbstractStep.executeNextStep(AbstractStep.java:213)
	at fr.inria.spirals.repairnator.process.step.AbstractStep.execute(AbstractStep.java:378)
	at fr.inria.spirals.repairnator.process.step.AbstractStep.executeNextStep(AbstractStep.java:213)
	at fr.inria.spirals.repairnator.process.step.AbstractStep.execute(AbstractStep.java:378)
	at fr.inria.spirals.repairnator.process.step.AbstractStep.executeNextStep(AbstractStep.java:213)
	at fr.inria.spirals.repairnator.process.step.AbstractStep.execute(AbstractStep.java:378)
	at fr.inria.spirals.repairnator.process.step.AbstractStep.executeNextStep(AbstractStep.java:213)
	at fr.inria.spirals.repairnator.process.step.AbstractStep.execute(AbstractStep.java:378)
	at fr.inria.spirals.repairnator.process.step.AbstractStep.executeNextStep(AbstractStep.java:213)
	at fr.inria.spirals.repairnator.process.step.AbstractStep.execute(AbstractStep.java:378)
	at fr.inria.spirals.repairnator.process.inspectors.components.RunInspector4FaultLocalization.run(RunInspector4FaultLocalization.java:42)
	at fr.inria.spirals.repairnator.process.inspectors.ProjectInspector.run(ProjectInspector.java:307)
	at fr.inria.spirals.repairnator.pipeline.github.GithubMainProcess.run(GithubMainProcess.java:112)
	at fr.inria.spirals.repairnator.pipeline.BranchLauncher.main(BranchLauncher.java:92)
	at fr.inria.spirals.repairnator.pipeline.BranchLauncher.launch(BranchLauncher.java:98)
	at fr.inria.spirals.repairnator.pipeline.Launcher.main(Launcher.java:28)
23:58:43.689 [main] ERROR f.i.s.r.p.s.g.GatherTestInformation - Error while parsing stack trace.
exceptionparser.StackTraceParser$ParseException: Can't match exactly one stacktrace in given String. Matches: 0 stacktraces.
	at exceptionparser.StackTraceParser.parse(StackTraceParser.java:243)
	at fr.inria.spirals.repairnator.process.step.gatherinfo.GatherTestInformation.businessExecute(GatherTestInformation.java:180)
	at fr.inria.spirals.repairnator.process.step.AbstractStep.execute(AbstractStep.java:361)
	at fr.inria.spirals.repairnator.process.step.AbstractStep.executeNextStep(AbstractStep.java:213)
	at fr.inria.spirals.repairnator.process.step.AbstractStep.execute(AbstractStep.java:378)
	at fr.inria.spirals.repairnator.process.step.AbstractStep.executeNextStep(AbstractStep.java:213)
	at fr.inria.spirals.repairnator.process.step.AbstractStep.execute(AbstractStep.java:378)
	at fr.inria.spirals.repairnator.process.step.AbstractStep.executeNextStep(AbstractStep.java:213)
	at fr.inria.spirals.repairnator.process.step.AbstractStep.execute(AbstractStep.java:378)
	at fr.inria.spirals.repairnator.process.step.AbstractStep.executeNextStep(AbstractStep.java:213)
	at fr.inria.spirals.repairnator.process.step.AbstractStep.execute(AbstractStep.java:378)
	at fr.inria.spirals.repairnator.process.step.AbstractStep.executeNextStep(AbstractStep.java:213)
	at fr.inria.spirals.repairnator.process.step.AbstractStep.execute(AbstractStep.java:378)
	at fr.inria.spirals.repairnator.process.step.AbstractStep.executeNextStep(AbstractStep.java:213)
	at fr.inria.spirals.repairnator.process.step.AbstractStep.execute(AbstractStep.java:378)
	at fr.inria.spirals.repairnator.process.inspectors.components.RunInspector4FaultLocalization.run(RunInspector4FaultLocalization.java:42)
	at fr.inria.spirals.repairnator.process.inspectors.ProjectInspector.run(ProjectInspector.java:307)
	at fr.inria.spirals.repairnator.pipeline.github.GithubMainProcess.run(GithubMainProcess.java:112)
	at fr.inria.spirals.repairnator.pipeline.BranchLauncher.main(BranchLauncher.java:92)
	at fr.inria.spirals.repairnator.pipeline.BranchLauncher.launch(BranchLauncher.java:98)
	at fr.inria.spirals.repairnator.pipeline.Launcher.main(Launcher.java:28)
23:58:43.689 [main] ERROR f.i.s.r.p.s.g.GatherTestInformation - Error while parsing stack trace.
exceptionparser.StackTraceParser$ParseException: Can't match exactly one stacktrace in given String. Matches: 0 stacktraces.
	at exceptionparser.StackTraceParser.parse(StackTraceParser.java:243)
	at fr.inria.spirals.repairnator.process.step.gatherinfo.GatherTestInformation.businessExecute(GatherTestInformation.java:180)
	at fr.inria.spirals.repairnator.process.step.AbstractStep.execute(AbstractStep.java:361)
	at fr.inria.spirals.repairnator.process.step.AbstractStep.executeNextStep(AbstractStep.java:213)
	at fr.inria.spirals.repairnator.process.step.AbstractStep.execute(AbstractStep.java:378)
	at fr.inria.spirals.repairnator.process.step.AbstractStep.executeNextStep(AbstractStep.java:213)
	at fr.inria.spirals.repairnator.process.step.AbstractStep.execute(AbstractStep.java:378)
	at fr.inria.spirals.repairnator.process.step.AbstractStep.executeNextStep(AbstractStep.java:213)
	at fr.inria.spirals.repairnator.process.step.AbstractStep.execute(AbstractStep.java:378)
	at fr.inria.spirals.repairnator.process.step.AbstractStep.executeNextStep(AbstractStep.java:213)
	at fr.inria.spirals.repairnator.process.step.AbstractStep.execute(AbstractStep.java:378)
	at fr.inria.spirals.repairnator.process.step.AbstractStep.executeNextStep(AbstractStep.java:213)
	at fr.inria.spirals.repairnator.process.step.AbstractStep.execute(AbstractStep.java:378)
	at fr.inria.spirals.repairnator.process.step.AbstractStep.executeNextStep(AbstractStep.java:213)
	at fr.inria.spirals.repairnator.process.step.AbstractStep.execute(AbstractStep.java:378)
	at fr.inria.spirals.repairnator.process.inspectors.components.RunInspector4FaultLocalization.run(RunInspector4FaultLocalization.java:42)
	at fr.inria.spirals.repairnator.process.inspectors.ProjectInspector.run(ProjectInspector.java:307)
	at fr.inria.spirals.repairnator.pipeline.github.GithubMainProcess.run(GithubMainProcess.java:112)
	at fr.inria.spirals.repairnator.pipeline.BranchLauncher.main(BranchLauncher.java:92)
	at fr.inria.spirals.repairnator.pipeline.BranchLauncher.launch(BranchLauncher.java:98)
	at fr.inria.spirals.repairnator.pipeline.Launcher.main(Launcher.java:28)
23:58:43.689 [main] ERROR f.i.s.r.p.s.g.GatherTestInformation - Error while parsing stack trace.
exceptionparser.StackTraceParser$ParseException: Can't match exactly one stacktrace in given String. Matches: 0 stacktraces.
	at exceptionparser.StackTraceParser.parse(StackTraceParser.java:243)
	at fr.inria.spirals.repairnator.process.step.gatherinfo.GatherTestInformation.businessExecute(GatherTestInformation.java:180)
	at fr.inria.spirals.repairnator.process.step.AbstractStep.execute(AbstractStep.java:361)
	at fr.inria.spirals.repairnator.process.step.AbstractStep.executeNextStep(AbstractStep.java:213)
	at fr.inria.spirals.repairnator.process.step.AbstractStep.execute(AbstractStep.java:378)
	at fr.inria.spirals.repairnator.process.step.AbstractStep.executeNextStep(AbstractStep.java:213)
	at fr.inria.spirals.repairnator.process.step.AbstractStep.execute(AbstractStep.java:378)
	at fr.inria.spirals.repairnator.process.step.AbstractStep.executeNextStep(AbstractStep.java:213)
	at fr.inria.spirals.repairnator.process.step.AbstractStep.execute(AbstractStep.java:378)
	at fr.inria.spirals.repairnator.process.step.AbstractStep.executeNextStep(AbstractStep.java:213)
	at fr.inria.spirals.repairnator.process.step.AbstractStep.execute(AbstractStep.java:378)
	at fr.inria.spirals.repairnator.process.step.AbstractStep.executeNextStep(AbstractStep.java:213)
	at fr.inria.spirals.repairnator.process.step.AbstractStep.execute(AbstractStep.java:378)
	at fr.inria.spirals.repairnator.process.step.AbstractStep.executeNextStep(AbstractStep.java:213)
	at fr.inria.spirals.repairnator.process.step.AbstractStep.execute(AbstractStep.java:378)
	at fr.inria.spirals.repairnator.process.inspectors.components.RunInspector4FaultLocalization.run(RunInspector4FaultLocalization.java:42)
	at fr.inria.spirals.repairnator.process.inspectors.ProjectInspector.run(ProjectInspector.java:307)
	at fr.inria.spirals.repairnator.pipeline.github.GithubMainProcess.run(GithubMainProcess.java:112)
	at fr.inria.spirals.repairnator.pipeline.BranchLauncher.main(BranchLauncher.java:92)
	at fr.inria.spirals.repairnator.pipeline.BranchLauncher.launch(BranchLauncher.java:98)
	at fr.inria.spirals.repairnator.pipeline.Launcher.main(Launcher.java:28)
23:58:43.689 [main] ERROR f.i.s.r.p.s.g.GatherTestInformation - Error while parsing stack trace.
exceptionparser.StackTraceParser$ParseException: Can't match exactly one stacktrace in given String. Matches: 0 stacktraces.
	at exceptionparser.StackTraceParser.parse(StackTraceParser.java:243)
	at fr.inria.spirals.repairnator.process.step.gatherinfo.GatherTestInformation.businessExecute(GatherTestInformation.java:180)
	at fr.inria.spirals.repairnator.process.step.AbstractStep.execute(AbstractStep.java:361)
	at fr.inria.spirals.repairnator.process.step.AbstractStep.executeNextStep(AbstractStep.java:213)
	at fr.inria.spirals.repairnator.process.step.AbstractStep.execute(AbstractStep.java:378)
	at fr.inria.spirals.repairnator.process.step.AbstractStep.executeNextStep(AbstractStep.java:213)
	at fr.inria.spirals.repairnator.process.step.AbstractStep.execute(AbstractStep.java:378)
	at fr.inria.spirals.repairnator.process.step.AbstractStep.executeNextStep(AbstractStep.java:213)
	at fr.inria.spirals.repairnator.process.step.AbstractStep.execute(AbstractStep.java:378)
	at fr.inria.spirals.repairnator.process.step.AbstractStep.executeNextStep(AbstractStep.java:213)
	at fr.inria.spirals.repairnator.process.step.AbstractStep.execute(AbstractStep.java:378)
	at fr.inria.spirals.repairnator.process.step.AbstractStep.executeNextStep(AbstractStep.java:213)
	at fr.inria.spirals.repairnator.process.step.AbstractStep.execute(AbstractStep.java:378)
	at fr.inria.spirals.repairnator.process.step.AbstractStep.executeNextStep(AbstractStep.java:213)
	at fr.inria.spirals.repairnator.process.step.AbstractStep.execute(AbstractStep.java:378)
	at fr.inria.spirals.repairnator.process.inspectors.components.RunInspector4FaultLocalization.run(RunInspector4FaultLocalization.java:42)
	at fr.inria.spirals.repairnator.process.inspectors.ProjectInspector.run(ProjectInspector.java:307)
	at fr.inria.spirals.repairnator.pipeline.github.GithubMainProcess.run(GithubMainProcess.java:112)
	at fr.inria.spirals.repairnator.pipeline.BranchLauncher.main(BranchLauncher.java:92)
	at fr.inria.spirals.repairnator.pipeline.BranchLauncher.launch(BranchLauncher.java:98)
	at fr.inria.spirals.repairnator.pipeline.Launcher.main(Launcher.java:28)
23:58:43.689 [main] ERROR f.i.s.r.p.s.g.GatherTestInformation - Error while parsing stack trace.
exceptionparser.StackTraceParser$ParseException: Can't match exactly one stacktrace in given String. Matches: 0 stacktraces.
	at exceptionparser.StackTraceParser.parse(StackTraceParser.java:243)
	at fr.inria.spirals.repairnator.process.step.gatherinfo.GatherTestInformation.businessExecute(GatherTestInformation.java:180)
	at fr.inria.spirals.repairnator.process.step.AbstractStep.execute(AbstractStep.java:361)
	at fr.inria.spirals.repairnator.process.step.AbstractStep.executeNextStep(AbstractStep.java:213)
	at fr.inria.spirals.repairnator.process.step.AbstractStep.execute(AbstractStep.java:378)
	at fr.inria.spirals.repairnator.process.step.AbstractStep.executeNextStep(AbstractStep.java:213)
	at fr.inria.spirals.repairnator.process.step.AbstractStep.execute(AbstractStep.java:378)
	at fr.inria.spirals.repairnator.process.step.AbstractStep.executeNextStep(AbstractStep.java:213)
	at fr.inria.spirals.repairnator.process.step.AbstractStep.execute(AbstractStep.java:378)
	at fr.inria.spirals.repairnator.process.step.AbstractStep.executeNextStep(AbstractStep.java:213)
	at fr.inria.spirals.repairnator.process.step.AbstractStep.execute(AbstractStep.java:378)
	at fr.inria.spirals.repairnator.process.step.AbstractStep.executeNextStep(AbstractStep.java:213)
	at fr.inria.spirals.repairnator.process.step.AbstractStep.execute(AbstractStep.java:378)
	at fr.inria.spirals.repairnator.process.step.AbstractStep.executeNextStep(AbstractStep.java:213)
	at fr.inria.spirals.repairnator.process.step.AbstractStep.execute(AbstractStep.java:378)
	at fr.inria.spirals.repairnator.process.inspectors.components.RunInspector4FaultLocalization.run(RunInspector4FaultLocalization.java:42)
	at fr.inria.spirals.repairnator.process.inspectors.ProjectInspector.run(ProjectInspector.java:307)
	at fr.inria.spirals.repairnator.pipeline.github.GithubMainProcess.run(GithubMainProcess.java:112)
	at fr.inria.spirals.repairnator.pipeline.BranchLauncher.main(BranchLauncher.java:92)
	at fr.inria.spirals.repairnator.pipeline.BranchLauncher.launch(BranchLauncher.java:98)
	at fr.inria.spirals.repairnator.pipeline.Launcher.main(Launcher.java:28)
23:58:43.690 [main] INFO  f.i.s.r.p.s.g.GatherTestInformation - Get the following failing module path: /root/workspace/INRIA-spoon-master-4322_repo
23:58:43.690 [main] INFO  f.i.s.r.p.s.g.GatherTestInformation - ---Test results---
23:58:43.690 [main] INFO  f.i.s.r.p.s.g.GatherTestInformation -    Total tests: 2139
23:58:43.690 [main] INFO  f.i.s.r.p.s.g.GatherTestInformation -    Tests run: 2121
23:58:43.690 [main] INFO  f.i.s.r.p.s.g.GatherTestInformation -    Tests passing: 2091
23:58:43.690 [main] INFO  f.i.s.r.p.s.g.GatherTestInformation -    Failures: 5
23:58:43.690 [main] INFO  f.i.s.r.p.s.g.GatherTestInformation -    Errors: 25
23:58:43.690 [main] INFO  f.i.s.r.p.s.g.GatherTestInformation -    Skipped: 18
[0] INFO Flacoco - Running Flacoco...
[207] WARN Processor - ClassNotFoundException: spoon.support.visitor.java.internal.RecordComponentRuntimeBuilderContext
[208] WARN Processor - [file:/root/workspace/INRIA-spoon-master-4322_repo/target/classes/, file:/root/workspace/INRIA-spoon-master-4322_repo/target/test-classes/, file:/root/./workspace/INRIA-spoon-master-4322_repo/.m2/org/eclipse/jdt/org.eclipse.jdt.core/3.27.0/org.eclipse.jdt.core-3.27.0.jar, file:/root/./workspace/INRIA-spoon-master-4322_repo/.m2/com/martiansoftware/jsap/2.1/jsap-2.1.jar, file:/root/./workspace/INRIA-spoon-master-4322_repo/.m2/org/slf4j/slf4j-api/1.7.32/slf4j-api-1.7.32.jar, file:/root/./workspace/INRIA-spoon-master-4322_repo/.m2/commons-io/commons-io/2.11.0/commons-io-2.11.0.jar, file:/root/./workspace/INRIA-spoon-master-4322_repo/.m2/org/apache/maven/maven-model/3.8.4/maven-model-3.8.4.jar, file:/root/./workspace/INRIA-spoon-master-4322_repo/.m2/org/codehaus/plexus/plexus-utils/3.3.0/plexus-utils-3.3.0.jar, file:/root/./workspace/INRIA-spoon-master-4322_repo/.m2/org/apache/commons/commons-lang3/3.12.0/commons-lang3-3.12.0.jar, file:/root/./workspace/INRIA-spoon-master-4322_repo/.m2/org/tukaani/xz/1.9/xz-1.9.jar, file:/root/./workspace/INRIA-spoon-master-4322_repo/.m2/com/fasterxml/jackson/core/jackson-databind/2.13.0/jackson-databind-2.13.0.jar, file:/root/./workspace/INRIA-spoon-master-4322_repo/.m2/com/fasterxml/jackson/core/jackson-annotations/2.13.0/jackson-annotations-2.13.0.jar, file:/root/./workspace/INRIA-spoon-master-4322_repo/.m2/com/fasterxml/jackson/core/jackson-core/2.13.0/jackson-core-2.13.0.jar, file:/root/./workspace/INRIA-spoon-master-4322_repo/.m2/org/apache/commons/commons-compress/1.21/commons-compress-1.21.jar, file:/root/./workspace/INRIA-spoon-master-4322_repo/.m2/com/google/guava/guava/31.0.1-jre/guava-31.0.1-jre.jar, file:/root/./workspace/INRIA-spoon-master-4322_repo/.m2/com/google/guava/failureaccess/1.0.1/failureaccess-1.0.1.jar, file:/root/./workspace/INRIA-spoon-master-4322_repo/.m2/com/google/guava/listenablefuture/9999.0-empty-to-avoid-conflict-with-guava/listenablefuture-9999.0-empty-to-avoid-conflict-with-guava.jar, file:/root/./workspace/INRIA-spoon-master-4322_repo/.m2/com/google/code/findbugs/jsr305/3.0.2/jsr305-3.0.2.jar, file:/root/./workspace/INRIA-spoon-master-4322_repo/.m2/org/checkerframework/checker-qual/3.12.0/checker-qual-3.12.0.jar, file:/root/./workspace/INRIA-spoon-master-4322_repo/.m2/com/google/errorprone/error_prone_annotations/2.7.1/error_prone_annotations-2.7.1.jar, file:/root/./workspace/INRIA-spoon-master-4322_repo/.m2/com/google/j2objc/j2objc-annotations/1.3/j2objc-annotations-1.3.jar, file:/root/./workspace/INRIA-spoon-master-4322_repo/.m2/ch/qos/logback/logback-classic/1.2.7/logback-classic-1.2.7.jar, file:/root/./workspace/INRIA-spoon-master-4322_repo/.m2/ch/qos/logback/logback-core/1.2.7/logback-core-1.2.7.jar, file:/root/./workspace/INRIA-spoon-master-4322_repo/.m2/com/mysema/querydsl/querydsl-core/3.6.9/querydsl-core-3.6.9.jar, file:/root/./workspace/INRIA-spoon-master-4322_repo/.m2/org/apache/maven/shared/maven-invoker/3.1.0/maven-invoker-3.1.0.jar, file:/root/./workspace/INRIA-spoon-master-4322_repo/.m2/org/apache/maven/shared/maven-shared-utils/3.3.3/maven-shared-utils-3.3.3.jar, file:/root/./workspace/INRIA-spoon-master-4322_repo/.m2/javax/inject/javax.inject/1/javax.inject-1.jar, file:/root/./workspace/INRIA-spoon-master-4322_repo/.m2/javax/validation/validation-api/2.0.1.Final/validation-api-2.0.1.Final.jar, file:/root/./workspace/INRIA-spoon-master-4322_repo/.m2/com/google/code/gson/gson/2.8.9/gson-2.8.9.jar, file:/root/./workspace/INRIA-spoon-master-4322_repo/.m2/uk/org/lidalia/slf4j-test/1.2.0/slf4j-test-1.2.0.jar, file:/root/./workspace/INRIA-spoon-master-4322_repo/.m2/uk/org/lidalia/lidalia-lang/1.0.0/lidalia-lang-1.0.0.jar, file:/root/./workspace/INRIA-spoon-master-4322_repo/.m2/uk/org/lidalia/lidalia-slf4j-ext/1.0.0/lidalia-slf4j-ext-1.0.0.jar, file:/root/./workspace/INRIA-spoon-master-4322_repo/.m2/joda-time/joda-time/2.2/joda-time-2.2.jar, file:/root/./workspace/INRIA-spoon-master-4322_repo/.m2/org/junit/vintage/junit-vintage-engine/5.8.2/junit-vintage-engine-5.8.2.jar, file:/root/./workspace/INRIA-spoon-master-4322_repo/.m2/org/junit/platform/junit-platform-engine/1.8.2/junit-platform-engine-1.8.2.jar, file:/root/./workspace/INRIA-spoon-master-4322_repo/.m2/org/opentest4j/opentest4j/1.2.0/opentest4j-1.2.0.jar, file:/root/./workspace/INRIA-spoon-master-4322_repo/.m2/org/junit/platform/junit-platform-commons/1.8.2/junit-platform-commons-1.8.2.jar, file:/root/./workspace/INRIA-spoon-master-4322_repo/.m2/junit/junit/4.13.2/junit-4.13.2.jar, file:/root/./workspace/INRIA-spoon-master-4322_repo/.m2/org/hamcrest/hamcrest-core/1.3/hamcrest-core-1.3.jar, file:/root/./workspace/INRIA-spoon-master-4322_repo/.m2/org/apiguardian/apiguardian-api/1.1.2/apiguardian-api-1.1.2.jar, file:/root/./workspace/INRIA-spoon-master-4322_repo/.m2/org/mockito/mockito-core/4.1.0/mockito-core-4.1.0.jar, file:/root/./workspace/INRIA-spoon-master-4322_repo/.m2/net/bytebuddy/byte-buddy/1.12.1/byte-buddy-1.12.1.jar, file:/root/./workspace/INRIA-spoon-master-4322_repo/.m2/net/bytebuddy/byte-buddy-agent/1.12.1/byte-buddy-agent-1.12.1.jar, file:/root/./workspace/INRIA-spoon-master-4322_repo/.m2/org/objenesis/objenesis/3.2/objenesis-3.2.jar, file:/root/./workspace/INRIA-spoon-master-4322_repo/.m2/org/junit/jupiter/junit-jupiter-engine/5.8.2/junit-jupiter-engine-5.8.2.jar, file:/root/./workspace/INRIA-spoon-master-4322_repo/.m2/org/junit/jupiter/junit-jupiter-api/5.8.2/junit-jupiter-api-5.8.2.jar, file:/root/./workspace/INRIA-spoon-master-4322_repo/.m2/org/junit/jupiter/junit-jupiter-params/5.8.2/junit-jupiter-params-5.8.2.jar, file:/root/./workspace/INRIA-spoon-master-4322_repo/.m2/org/mockito/mockito-junit-jupiter/4.1.0/mockito-junit-jupiter-4.1.0.jar, file:/root/./workspace/INRIA-spoon-master-4322_repo/.m2/com/github/stefanbirkner/system-rules/1.19.0/system-rules-1.19.0.jar, file:/root/./workspace/INRIA-spoon-master-4322_repo/target/classes/, file:/root/./workspace/INRIA-spoon-master-4322_repo/target/test-classes/]
[622] WARN Processor - ClassNotFoundException: spoon.support.visitor.java.internal.RecordComponentRuntimeBuilderContext
[622] WARN Processor - [file:/root/workspace/INRIA-spoon-master-4322_repo/target/classes/, file:/root/workspace/INRIA-spoon-master-4322_repo/target/test-classes/, file:/root/./workspace/INRIA-spoon-master-4322_repo/.m2/org/eclipse/jdt/org.eclipse.jdt.core/3.27.0/org.eclipse.jdt.core-3.27.0.jar, file:/root/./workspace/INRIA-spoon-master-4322_repo/.m2/com/martiansoftware/jsap/2.1/jsap-2.1.jar, file:/root/./workspace/INRIA-spoon-master-4322_repo/.m2/org/slf4j/slf4j-api/1.7.32/slf4j-api-1.7.32.jar, file:/root/./workspace/INRIA-spoon-master-4322_repo/.m2/commons-io/commons-io/2.11.0/commons-io-2.11.0.jar, file:/root/./workspace/INRIA-spoon-master-4322_repo/.m2/org/apache/maven/maven-model/3.8.4/maven-model-3.8.4.jar, file:/root/./workspace/INRIA-spoon-master-4322_repo/.m2/org/codehaus/plexus/plexus-utils/3.3.0/plexus-utils-3.3.0.jar, file:/root/./workspace/INRIA-spoon-master-4322_repo/.m2/org/apache/commons/commons-lang3/3.12.0/commons-lang3-3.12.0.jar, file:/root/./workspace/INRIA-spoon-master-4322_repo/.m2/org/tukaani/xz/1.9/xz-1.9.jar, file:/root/./workspace/INRIA-spoon-master-4322_repo/.m2/com/fasterxml/jackson/core/jackson-databind/2.13.0/jackson-databind-2.13.0.jar, file:/root/./workspace/INRIA-spoon-master-4322_repo/.m2/com/fasterxml/jackson/core/jackson-annotations/2.13.0/jackson-annotations-2.13.0.jar, file:/root/./workspace/INRIA-spoon-master-4322_repo/.m2/com/fasterxml/jackson/core/jackson-core/2.13.0/jackson-core-2.13.0.jar, file:/root/./workspace/INRIA-spoon-master-4322_repo/.m2/org/apache/commons/commons-compress/1.21/commons-compress-1.21.jar, file:/root/./workspace/INRIA-spoon-master-4322_repo/.m2/com/google/guava/guava/31.0.1-jre/guava-31.0.1-jre.jar, file:/root/./workspace/INRIA-spoon-master-4322_repo/.m2/com/google/guava/failureaccess/1.0.1/failureaccess-1.0.1.jar, file:/root/./workspace/INRIA-spoon-master-4322_repo/.m2/com/google/guava/listenablefuture/9999.0-empty-to-avoid-conflict-with-guava/listenablefuture-9999.0-empty-to-avoid-conflict-with-guava.jar, file:/root/./workspace/INRIA-spoon-master-4322_repo/.m2/com/google/code/findbugs/jsr305/3.0.2/jsr305-3.0.2.jar, file:/root/./workspace/INRIA-spoon-master-4322_repo/.m2/org/checkerframework/checker-qual/3.12.0/checker-qual-3.12.0.jar, file:/root/./workspace/INRIA-spoon-master-4322_repo/.m2/com/google/errorprone/error_prone_annotations/2.7.1/error_prone_annotations-2.7.1.jar, file:/root/./workspace/INRIA-spoon-master-4322_repo/.m2/com/google/j2objc/j2objc-annotations/1.3/j2objc-annotations-1.3.jar, file:/root/./workspace/INRIA-spoon-master-4322_repo/.m2/ch/qos/logback/logback-classic/1.2.7/logback-classic-1.2.7.jar, file:/root/./workspace/INRIA-spoon-master-4322_repo/.m2/ch/qos/logback/logback-core/1.2.7/logback-core-1.2.7.jar, file:/root/./workspace/INRIA-spoon-master-4322_repo/.m2/com/mysema/querydsl/querydsl-core/3.6.9/querydsl-core-3.6.9.jar, file:/root/./workspace/INRIA-spoon-master-4322_repo/.m2/org/apache/maven/shared/maven-invoker/3.1.0/maven-invoker-3.1.0.jar, file:/root/./workspace/INRIA-spoon-master-4322_repo/.m2/org/apache/maven/shared/maven-shared-utils/3.3.3/maven-shared-utils-3.3.3.jar, file:/root/./workspace/INRIA-spoon-master-4322_repo/.m2/javax/inject/javax.inject/1/javax.inject-1.jar, file:/root/./workspace/INRIA-spoon-master-4322_repo/.m2/javax/validation/validation-api/2.0.1.Final/validation-api-2.0.1.Final.jar, file:/root/./workspace/INRIA-spoon-master-4322_repo/.m2/com/google/code/gson/gson/2.8.9/gson-2.8.9.jar, file:/root/./workspace/INRIA-spoon-master-4322_repo/.m2/uk/org/lidalia/slf4j-test/1.2.0/slf4j-test-1.2.0.jar, file:/root/./workspace/INRIA-spoon-master-4322_repo/.m2/uk/org/lidalia/lidalia-lang/1.0.0/lidalia-lang-1.0.0.jar, file:/root/./workspace/INRIA-spoon-master-4322_repo/.m2/uk/org/lidalia/lidalia-slf4j-ext/1.0.0/lidalia-slf4j-ext-1.0.0.jar, file:/root/./workspace/INRIA-spoon-master-4322_repo/.m2/joda-time/joda-time/2.2/joda-time-2.2.jar, file:/root/./workspace/INRIA-spoon-master-4322_repo/.m2/org/junit/vintage/junit-vintage-engine/5.8.2/junit-vintage-engine-5.8.2.jar, file:/root/./workspace/INRIA-spoon-master-4322_repo/.m2/org/junit/platform/junit-platform-engine/1.8.2/junit-platform-engine-1.8.2.jar, file:/root/./workspace/INRIA-spoon-master-4322_repo/.m2/org/opentest4j/opentest4j/1.2.0/opentest4j-1.2.0.jar, file:/root/./workspace/INRIA-spoon-master-4322_repo/.m2/org/junit/platform/junit-platform-commons/1.8.2/junit-platform-commons-1.8.2.jar, file:/root/./workspace/INRIA-spoon-master-4322_repo/.m2/junit/junit/4.13.2/junit-4.13.2.jar, file:/root/./workspace/INRIA-spoon-master-4322_repo/.m2/org/hamcrest/hamcrest-core/1.3/hamcrest-core-1.3.jar, file:/root/./workspace/INRIA-spoon-master-4322_repo/.m2/org/apiguardian/apiguardian-api/1.1.2/apiguardian-api-1.1.2.jar, file:/root/./workspace/INRIA-spoon-master-4322_repo/.m2/org/mockito/mockito-core/4.1.0/mockito-core-4.1.0.jar, file:/root/./workspace/INRIA-spoon-master-4322_repo/.m2/net/bytebuddy/byte-buddy/1.12.1/byte-buddy-1.12.1.jar, file:/root/./workspace/INRIA-spoon-master-4322_repo/.m2/net/bytebuddy/byte-buddy-agent/1.12.1/byte-buddy-agent-1.12.1.jar, file:/root/./workspace/INRIA-spoon-master-4322_repo/.m2/org/objenesis/objenesis/3.2/objenesis-3.2.jar, file:/root/./workspace/INRIA-spoon-master-4322_repo/.m2/org/junit/jupiter/junit-jupiter-engine/5.8.2/junit-jupiter-engine-5.8.2.jar, file:/root/./workspace/INRIA-spoon-master-4322_repo/.m2/org/junit/jupiter/junit-jupiter-api/5.8.2/junit-jupiter-api-5.8.2.jar, file:/root/./workspace/INRIA-spoon-master-4322_repo/.m2/org/junit/jupiter/junit-jupiter-params/5.8.2/junit-jupiter-params-5.8.2.jar, file:/root/./workspace/INRIA-spoon-master-4322_repo/.m2/org/mockito/mockito-junit-jupiter/4.1.0/mockito-junit-jupiter-4.1.0.jar, file:/root/./workspace/INRIA-spoon-master-4322_repo/.m2/com/github/stefanbirkner/system-rules/1.19.0/system-rules-1.19.0.jar, file:/root/./workspace/INRIA-spoon-master-4322_repo/target/classes/, file:/root/./workspace/INRIA-spoon-master-4322_repo/target/test-classes/]
[683] WARN Processor - ClassNotFoundException: spoon.support.visitor.java.internal.RecordComponentRuntimeBuilderContext
[683] WARN Processor - [file:/root/workspace/INRIA-spoon-master-4322_repo/target/classes/, file:/root/workspace/INRIA-spoon-master-4322_repo/target/test-classes/, file:/root/./workspace/INRIA-spoon-master-4322_repo/.m2/org/eclipse/jdt/org.eclipse.jdt.core/3.27.0/org.eclipse.jdt.core-3.27.0.jar, file:/root/./workspace/INRIA-spoon-master-4322_repo/.m2/com/martiansoftware/jsap/2.1/jsap-2.1.jar, file:/root/./workspace/INRIA-spoon-master-4322_repo/.m2/org/slf4j/slf4j-api/1.7.32/slf4j-api-1.7.32.jar, file:/root/./workspace/INRIA-spoon-master-4322_repo/.m2/commons-io/commons-io/2.11.0/commons-io-2.11.0.jar, file:/root/./workspace/INRIA-spoon-master-4322_repo/.m2/org/apache/maven/maven-model/3.8.4/maven-model-3.8.4.jar, file:/root/./workspace/INRIA-spoon-master-4322_repo/.m2/org/codehaus/plexus/plexus-utils/3.3.0/plexus-utils-3.3.0.jar, file:/root/./workspace/INRIA-spoon-master-4322_repo/.m2/org/apache/commons/commons-lang3/3.12.0/commons-lang3-3.12.0.jar, file:/root/./workspace/INRIA-spoon-master-4322_repo/.m2/org/tukaani/xz/1.9/xz-1.9.jar, file:/root/./workspace/INRIA-spoon-master-4322_repo/.m2/com/fasterxml/jackson/core/jackson-databind/2.13.0/jackson-databind-2.13.0.jar, file:/root/./workspace/INRIA-spoon-master-4322_repo/.m2/com/fasterxml/jackson/core/jackson-annotations/2.13.0/jackson-annotations-2.13.0.jar, file:/root/./workspace/INRIA-spoon-master-4322_repo/.m2/com/fasterxml/jackson/core/jackson-core/2.13.0/jackson-core-2.13.0.jar, file:/root/./workspace/INRIA-spoon-master-4322_repo/.m2/org/apache/commons/commons-compress/1.21/commons-compress-1.21.jar, file:/root/./workspace/INRIA-spoon-master-4322_repo/.m2/com/google/guava/guava/31.0.1-jre/guava-31.0.1-jre.jar, file:/root/./workspace/INRIA-spoon-master-4322_repo/.m2/com/google/guava/failureaccess/1.0.1/failureaccess-1.0.1.jar, file:/root/./workspace/INRIA-spoon-master-4322_repo/.m2/com/google/guava/listenablefuture/9999.0-empty-to-avoid-conflict-with-guava/listenablefuture-9999.0-empty-to-avoid-conflict-with-guava.jar, file:/root/./workspace/INRIA-spoon-master-4322_repo/.m2/com/google/code/findbugs/jsr305/3.0.2/jsr305-3.0.2.jar, file:/root/./workspace/INRIA-spoon-master-4322_repo/.m2/org/checkerframework/checker-qual/3.12.0/checker-qual-3.12.0.jar, file:/root/./workspace/INRIA-spoon-master-4322_repo/.m2/com/google/errorprone/error_prone_annotations/2.7.1/error_prone_annotations-2.7.1.jar, file:/root/./workspace/INRIA-spoon-master-4322_repo/.m2/com/google/j2objc/j2objc-annotations/1.3/j2objc-annotations-1.3.jar, file:/root/./workspace/INRIA-spoon-master-4322_repo/.m2/ch/qos/logback/logback-classic/1.2.7/logback-classic-1.2.7.jar, file:/root/./workspace/INRIA-spoon-master-4322_repo/.m2/ch/qos/logback/logback-core/1.2.7/logback-core-1.2.7.jar, file:/root/./workspace/INRIA-spoon-master-4322_repo/.m2/com/mysema/querydsl/querydsl-core/3.6.9/querydsl-core-3.6.9.jar, file:/root/./workspace/INRIA-spoon-master-4322_repo/.m2/org/apache/maven/shared/maven-invoker/3.1.0/maven-invoker-3.1.0.jar, file:/root/./workspace/INRIA-spoon-master-4322_repo/.m2/org/apache/maven/shared/maven-shared-utils/3.3.3/maven-shared-utils-3.3.3.jar, file:/root/./workspace/INRIA-spoon-master-4322_repo/.m2/javax/inject/javax.inject/1/javax.inject-1.jar, file:/root/./workspace/INRIA-spoon-master-4322_repo/.m2/javax/validation/validation-api/2.0.1.Final/validation-api-2.0.1.Final.jar, file:/root/./workspace/INRIA-spoon-master-4322_repo/.m2/com/google/code/gson/gson/2.8.9/gson-2.8.9.jar, file:/root/./workspace/INRIA-spoon-master-4322_repo/.m2/uk/org/lidalia/slf4j-test/1.2.0/slf4j-test-1.2.0.jar, file:/root/./workspace/INRIA-spoon-master-4322_repo/.m2/uk/org/lidalia/lidalia-lang/1.0.0/lidalia-lang-1.0.0.jar, file:/root/./workspace/INRIA-spoon-master-4322_repo/.m2/uk/org/lidalia/lidalia-slf4j-ext/1.0.0/lidalia-slf4j-ext-1.0.0.jar, file:/root/./workspace/INRIA-spoon-master-4322_repo/.m2/joda-time/joda-time/2.2/joda-time-2.2.jar, file:/root/./workspace/INRIA-spoon-master-4322_repo/.m2/org/junit/vintage/junit-vintage-engine/5.8.2/junit-vintage-engine-5.8.2.jar, file:/root/./workspace/INRIA-spoon-master-4322_repo/.m2/org/junit/platform/junit-platform-engine/1.8.2/junit-platform-engine-1.8.2.jar, file:/root/./workspace/INRIA-spoon-master-4322_repo/.m2/org/opentest4j/opentest4j/1.2.0/opentest4j-1.2.0.jar, file:/root/./workspace/INRIA-spoon-master-4322_repo/.m2/org/junit/platform/junit-platform-commons/1.8.2/junit-platform-commons-1.8.2.jar, file:/root/./workspace/INRIA-spoon-master-4322_repo/.m2/junit/junit/4.13.2/junit-4.13.2.jar, file:/root/./workspace/INRIA-spoon-master-4322_repo/.m2/org/hamcrest/hamcrest-core/1.3/hamcrest-core-1.3.jar, file:/root/./workspace/INRIA-spoon-master-4322_repo/.m2/org/apiguardian/apiguardian-api/1.1.2/apiguardian-api-1.1.2.jar, file:/root/./workspace/INRIA-spoon-master-4322_repo/.m2/org/mockito/mockito-core/4.1.0/mockito-core-4.1.0.jar, file:/root/./workspace/INRIA-spoon-master-4322_repo/.m2/net/bytebuddy/byte-buddy/1.12.1/byte-buddy-1.12.1.jar, file:/root/./workspace/INRIA-spoon-master-4322_repo/.m2/net/bytebuddy/byte-buddy-agent/1.12.1/byte-buddy-agent-1.12.1.jar, file:/root/./workspace/INRIA-spoon-master-4322_repo/.m2/org/objenesis/objenesis/3.2/objenesis-3.2.jar, file:/root/./workspace/INRIA-spoon-master-4322_repo/.m2/org/junit/jupiter/junit-jupiter-engine/5.8.2/junit-jupiter-engine-5.8.2.jar, file:/root/./workspace/INRIA-spoon-master-4322_repo/.m2/org/junit/jupiter/junit-jupiter-api/5.8.2/junit-jupiter-api-5.8.2.jar, file:/root/./workspace/INRIA-spoon-master-4322_repo/.m2/org/junit/jupiter/junit-jupiter-params/5.8.2/junit-jupiter-params-5.8.2.jar, file:/root/./workspace/INRIA-spoon-master-4322_repo/.m2/org/mockito/mockito-junit-jupiter/4.1.0/mockito-junit-jupiter-4.1.0.jar, file:/root/./workspace/INRIA-spoon-master-4322_repo/.m2/com/github/stefanbirkner/system-rules/1.19.0/system-rules-1.19.0.jar, file:/root/./workspace/INRIA-spoon-master-4322_repo/target/classes/, file:/root/./workspace/INRIA-spoon-master-4322_repo/target/test-classes/]
[734] WARN Processor - ClassNotFoundException: spoon.support.visitor.java.internal.RecordComponentRuntimeBuilderContext
[734] WARN Processor - [file:/root/workspace/INRIA-spoon-master-4322_repo/target/classes/, file:/root/workspace/INRIA-spoon-master-4322_repo/target/test-classes/, file:/root/./workspace/INRIA-spoon-master-4322_repo/.m2/org/eclipse/jdt/org.eclipse.jdt.core/3.27.0/org.eclipse.jdt.core-3.27.0.jar, file:/root/./workspace/INRIA-spoon-master-4322_repo/.m2/com/martiansoftware/jsap/2.1/jsap-2.1.jar, file:/root/./workspace/INRIA-spoon-master-4322_repo/.m2/org/slf4j/slf4j-api/1.7.32/slf4j-api-1.7.32.jar, file:/root/./workspace/INRIA-spoon-master-4322_repo/.m2/commons-io/commons-io/2.11.0/commons-io-2.11.0.jar, file:/root/./workspace/INRIA-spoon-master-4322_repo/.m2/org/apache/maven/maven-model/3.8.4/maven-model-3.8.4.jar, file:/root/./workspace/INRIA-spoon-master-4322_repo/.m2/org/codehaus/plexus/plexus-utils/3.3.0/plexus-utils-3.3.0.jar, file:/root/./workspace/INRIA-spoon-master-4322_repo/.m2/org/apache/commons/commons-lang3/3.12.0/commons-lang3-3.12.0.jar, file:/root/./workspace/INRIA-spoon-master-4322_repo/.m2/org/tukaani/xz/1.9/xz-1.9.jar, file:/root/./workspace/INRIA-spoon-master-4322_repo/.m2/com/fasterxml/jackson/core/jackson-databind/2.13.0/jackson-databind-2.13.0.jar, file:/root/./workspace/INRIA-spoon-master-4322_repo/.m2/com/fasterxml/jackson/core/jackson-annotations/2.13.0/jackson-annotations-2.13.0.jar, file:/root/./workspace/INRIA-spoon-master-4322_repo/.m2/com/fasterxml/jackson/core/jackson-core/2.13.0/jackson-core-2.13.0.jar, file:/root/./workspace/INRIA-spoon-master-4322_repo/.m2/org/apache/commons/commons-compress/1.21/commons-compress-1.21.jar, file:/root/./workspace/INRIA-spoon-master-4322_repo/.m2/com/google/guava/guava/31.0.1-jre/guava-31.0.1-jre.jar, file:/root/./workspace/INRIA-spoon-master-4322_repo/.m2/com/google/guava/failureaccess/1.0.1/failureaccess-1.0.1.jar, file:/root/./workspace/INRIA-spoon-master-4322_repo/.m2/com/google/guava/listenablefuture/9999.0-empty-to-avoid-conflict-with-guava/listenablefuture-9999.0-empty-to-avoid-conflict-with-guava.jar, file:/root/./workspace/INRIA-spoon-master-4322_repo/.m2/com/google/code/findbugs/jsr305/3.0.2/jsr305-3.0.2.jar, file:/root/./workspace/INRIA-spoon-master-4322_repo/.m2/org/checkerframework/checker-qual/3.12.0/checker-qual-3.12.0.jar, file:/root/./workspace/INRIA-spoon-master-4322_repo/.m2/com/google/errorprone/error_prone_annotations/2.7.1/error_prone_annotations-2.7.1.jar, file:/root/./workspace/INRIA-spoon-master-4322_repo/.m2/com/google/j2objc/j2objc-annotations/1.3/j2objc-annotations-1.3.jar, file:/root/./workspace/INRIA-spoon-master-4322_repo/.m2/ch/qos/logback/logback-classic/1.2.7/logback-classic-1.2.7.jar, file:/root/./workspace/INRIA-spoon-master-4322_repo/.m2/ch/qos/logback/logback-core/1.2.7/logback-core-1.2.7.jar, file:/root/./workspace/INRIA-spoon-master-4322_repo/.m2/com/mysema/querydsl/querydsl-core/3.6.9/querydsl-core-3.6.9.jar, file:/root/./workspace/INRIA-spoon-master-4322_repo/.m2/org/apache/maven/shared/maven-invoker/3.1.0/maven-invoker-3.1.0.jar, file:/root/./workspace/INRIA-spoon-master-4322_repo/.m2/org/apache/maven/shared/maven-shared-utils/3.3.3/maven-shared-utils-3.3.3.jar, file:/root/./workspace/INRIA-spoon-master-4322_repo/.m2/javax/inject/javax.inject/1/javax.inject-1.jar, file:/root/./workspace/INRIA-spoon-master-4322_repo/.m2/javax/validation/validation-api/2.0.1.Final/validation-api-2.0.1.Final.jar, file:/root/./workspace/INRIA-spoon-master-4322_repo/.m2/com/google/code/gson/gson/2.8.9/gson-2.8.9.jar, file:/root/./workspace/INRIA-spoon-master-4322_repo/.m2/uk/org/lidalia/slf4j-test/1.2.0/slf4j-test-1.2.0.jar, file:/root/./workspace/INRIA-spoon-master-4322_repo/.m2/uk/org/lidalia/lidalia-lang/1.0.0/lidalia-lang-1.0.0.jar, file:/root/./workspace/INRIA-spoon-master-4322_repo/.m2/uk/org/lidalia/lidalia-slf4j-ext/1.0.0/lidalia-slf4j-ext-1.0.0.jar, file:/root/./workspace/INRIA-spoon-master-4322_repo/.m2/joda-time/joda-time/2.2/joda-time-2.2.jar, file:/root/./workspace/INRIA-spoon-master-4322_repo/.m2/org/junit/vintage/junit-vintage-engine/5.8.2/junit-vintage-engine-5.8.2.jar, file:/root/./workspace/INRIA-spoon-master-4322_repo/.m2/org/junit/platform/junit-platform-engine/1.8.2/junit-platform-engine-1.8.2.jar, file:/root/./workspace/INRIA-spoon-master-4322_repo/.m2/org/opentest4j/opentest4j/1.2.0/opentest4j-1.2.0.jar, file:/root/./workspace/INRIA-spoon-master-4322_repo/.m2/org/junit/platform/junit-platform-commons/1.8.2/junit-platform-commons-1.8.2.jar, file:/root/./workspace/INRIA-spoon-master-4322_repo/.m2/junit/junit/4.13.2/junit-4.13.2.jar, file:/root/./workspace/INRIA-spoon-master-4322_repo/.m2/org/hamcrest/hamcrest-core/1.3/hamcrest-core-1.3.jar, file:/root/./workspace/INRIA-spoon-master-4322_repo/.m2/org/apiguardian/apiguardian-api/1.1.2/apiguardian-api-1.1.2.jar, file:/root/./workspace/INRIA-spoon-master-4322_repo/.m2/org/mockito/mockito-core/4.1.0/mockito-core-4.1.0.jar, file:/root/./workspace/INRIA-spoon-master-4322_repo/.m2/net/bytebuddy/byte-buddy/1.12.1/byte-buddy-1.12.1.jar, file:/root/./workspace/INRIA-spoon-master-4322_repo/.m2/net/bytebuddy/byte-buddy-agent/1.12.1/byte-buddy-agent-1.12.1.jar, file:/root/./workspace/INRIA-spoon-master-4322_repo/.m2/org/objenesis/objenesis/3.2/objenesis-3.2.jar, file:/root/./workspace/INRIA-spoon-master-4322_repo/.m2/org/junit/jupiter/junit-jupiter-engine/5.8.2/junit-jupiter-engine-5.8.2.jar, file:/root/./workspace/INRIA-spoon-master-4322_repo/.m2/org/junit/jupiter/junit-jupiter-api/5.8.2/junit-jupiter-api-5.8.2.jar, file:/root/./workspace/INRIA-spoon-master-4322_repo/.m2/org/junit/jupiter/junit-jupiter-params/5.8.2/junit-jupiter-params-5.8.2.jar, file:/root/./workspace/INRIA-spoon-master-4322_repo/.m2/org/mockito/mockito-junit-jupiter/4.1.0/mockito-junit-jupiter-4.1.0.jar, file:/root/./workspace/INRIA-spoon-master-4322_repo/.m2/com/github/stefanbirkner/system-rules/1.19.0/system-rules-1.19.0.jar, file:/root/./workspace/INRIA-spoon-master-4322_repo/target/classes/, file:/root/./workspace/INRIA-spoon-master-4322_repo/target/test-classes/]
[30502] WARN CoverageRunner - Test [Manual]TestMethod=spoon.MavenLauncherTest#testTypeResolution result was not reported by test-runner.
[46445] WARN CoverageRunner - Test [Manual]TestMethod=spoon.reflect.visitor.CtInheritanceScannerTest#testCtInheritanceScanner result was not reported by test-runner.
[214934] WARN CoverageRunner - Test [Manual]TestMethod=spoon.test.intercession.IntercessionTest#testResetCollectionInSetters result was not reported by test-runner.
[214934] WARN CoverageRunner - Test [Manual]TestMethod=spoon.test.intercession.OneCanCallSetterWithNullParameterizedTest#testContract result was not reported by test-runner.
[284913] WARN CoverageRunner - Test [Manual]TestMethod=spoon.test.UnresolvedBugTest#checkGithubIssueAnnotations result was not reported by test-runner.
[341080] WARN CoverageRunner - Test [Manual]TestMethod=spoon.test.spoonifier.SpoonifierTest#testOnAllTestClasses result was not reported by test-runner.
[342709] WARN CoverageRunner - Test [Manual]TestMethod=spoon.test.spoonifier.SpoonifierTest#testSpoonifierElement result was not reported by test-runner.
[383956] WARN CoverageRunner - Test [Manual]TestMethod=spoon.test.replace.ReplaceParametrizedTest#testContract result was not reported by test-runner.
[482423] WARN CoverageRunner - Test [Manual]TestMethod=spoon.test.parent.SetParentTest#testContract result was not reported by test-runner.
[486939] WARN CoverageRunner - Test [Manual]TestMethod=spoon.test.parent.ContractOnSettersParametrizedTest#testContract result was not reported by test-runner.
[492565] WARN CoverageRunner - Test [Manual]TestMethod=spoon.test.parent.ParentTest#testParentSetInSetter result was not reported by test-runner.
[526938] WARN CoverageRunner - Test [Manual]TestMethod=spoon.test.issue3321.AnnotationPositionTest#testUsageOfTypeAnnotationOnParameterInMethod result was not reported by test-runner.
[526938] WARN CoverageRunner - Test [Manual]TestMethod=spoon.test.issue3321.AnnotationPositionTest#testSneakyAnnotationsOnParameters result was not reported by test-runner.
[605934] WARN CoverageRunner - Test [Manual]TestMethod=spoon.test.prettyprinter.LoopSniperJavaPrettyPrinterTest#whileWithBraces result was not reported by test-runner.
[655912] WARN CoverageRunner - Test [Manual]TestMethod=spoon.test.prettyprinter.DefaultPrettyPrinterTest#testCheckstyleCompliance result was not reported by test-runner.
[655912] WARN CoverageRunner - Test [Manual]TestMethod=spoon.test.module.TestModule#testCompleteModuleInfoContentNoClasspath result was not reported by test-runner.
[655912] WARN CoverageRunner - Test [Manual]TestMethod=spoon.test.module.TestModule#testModuleInfoShouldBeCorrectlyPrettyPrinted result was not reported by test-runner.
[655912] WARN CoverageRunner - Test [Manual]TestMethod=spoon.test.module.TestModule#testModuleInfoWithComments result was not reported by test-runner.
[655912] WARN CoverageRunner - Test [Manual]TestMethod=spoon.test.module.TestModule#testDirectiveOrders result was not reported by test-runner.
[655912] WARN CoverageRunner - Test [Manual]TestMethod=spoon.test.module.TestModule#testGetParentOfRootPackageOfModule result was not reported by test-runner.
[655912] WARN CoverageRunner - Test [Manual]TestMethod=spoon.test.module.TestModule#testGetModuleAfterChangingItsName result was not reported by test-runner.
[655912] WARN CoverageRunner - Test [Manual]TestMethod=spoon.test.module.TestModule#testModuleNames result was not reported by test-runner.
[655912] WARN CoverageRunner - Test [Manual]TestMethod=spoon.test.module.TestModule#testMultipleModulesAndParents result was not reported by test-runner.
[655912] WARN CoverageRunner - Test [Manual]TestMethod=spoon.test.module.TestModule#testModuleComplianceLevelException result was not reported by test-runner.
[655912] WARN CoverageRunner - Test [Manual]TestMethod=spoon.test.module.TestModule#testModuleOverlappingPackages result was not reported by test-runner.
[902632] WARN CoverageRunner - Test [Manual]TestMethod=spoon.MavenLauncherTest#testTypeResolution result was not reported by test-runner.
[918125] WARN CoverageRunner - Test [Manual]TestMethod=spoon.reflect.visitor.CtInheritanceScannerTest#testCtInheritanceScanner result was not reported by test-runner.
[1084866] WARN CoverageRunner - Test [Manual]TestMethod=spoon.test.intercession.IntercessionTest#testResetCollectionInSetters result was not reported by test-runner.
[1084866] WARN CoverageRunner - Test [Manual]TestMethod=spoon.test.intercession.OneCanCallSetterWithNullParameterizedTest#testContract result was not reported by test-runner.
[1154362] WARN CoverageRunner - Test [Manual]TestMethod=spoon.test.UnresolvedBugTest#checkGithubIssueAnnotations result was not reported by test-runner.
[1209878] WARN CoverageRunner - Test [Manual]TestMethod=spoon.test.spoonifier.SpoonifierTest#testOnAllTestClasses result was not reported by test-runner.
[1211474] WARN CoverageRunner - Test [Manual]TestMethod=spoon.test.spoonifier.SpoonifierTest#testSpoonifierElement result was not reported by test-runner.
[1251651] WARN CoverageRunner - Test [Manual]TestMethod=spoon.test.replace.ReplaceParametrizedTest#testContract result was not reported by test-runner.
[1347953] WARN CoverageRunner - Test [Manual]TestMethod=spoon.test.parent.SetParentTest#testContract result was not reported by test-runner.
[1352409] WARN CoverageRunner - Test [Manual]TestMethod=spoon.test.parent.ContractOnSettersParametrizedTest#testContract result was not reported by test-runner.
[1357839] WARN CoverageRunner - Test [Manual]TestMethod=spoon.test.parent.ParentTest#testParentSetInSetter result was not reported by test-runner.
[1391786] WARN CoverageRunner - Test [Manual]TestMethod=spoon.test.issue3321.AnnotationPositionTest#testUsageOfTypeAnnotationOnParameterInMethod result was not reported by test-runner.
[1391786] WARN CoverageRunner - Test [Manual]TestMethod=spoon.test.issue3321.AnnotationPositionTest#testSneakyAnnotationsOnParameters result was not reported by test-runner.
[1470038] WARN CoverageRunner - Test [Manual]TestMethod=spoon.test.prettyprinter.LoopSniperJavaPrettyPrinterTest#whileWithBraces result was not reported by test-runner.
[1519161] WARN CoverageRunner - Test [Manual]TestMethod=spoon.test.prettyprinter.DefaultPrettyPrinterTest#testCheckstyleCompliance result was not reported by test-runner.
[1519161] WARN CoverageRunner - Test [Manual]TestMethod=spoon.test.module.TestModule#testCompleteModuleInfoContentNoClasspath result was not reported by test-runner.
[1519161] WARN CoverageRunner - Test [Manual]TestMethod=spoon.test.module.TestModule#testModuleInfoShouldBeCorrectlyPrettyPrinted result was not reported by test-runner.
[1519161] WARN CoverageRunner - Test [Manual]TestMethod=spoon.test.module.TestModule#testModuleInfoWithComments result was not reported by test-runner.
[1519161] WARN CoverageRunner - Test [Manual]TestMethod=spoon.test.module.TestModule#testDirectiveOrders result was not reported by test-runner.
[1519161] WARN CoverageRunner - Test [Manual]TestMethod=spoon.test.module.TestModule#testGetParentOfRootPackageOfModule result was not reported by test-runner.
[1519161] WARN CoverageRunner - Test [Manual]TestMethod=spoon.test.module.TestModule#testGetModuleAfterChangingItsName result was not reported by test-runner.
[1519161] WARN CoverageRunner - Test [Manual]TestMethod=spoon.test.module.TestModule#testModuleNames result was not reported by test-runner.
[1519161] WARN CoverageRunner - Test [Manual]TestMethod=spoon.test.module.TestModule#testMultipleModulesAndParents result was not reported by test-runner.
[1519161] WARN CoverageRunner - Test [Manual]TestMethod=spoon.test.module.TestModule#testModuleComplianceLevelException result was not reported by test-runner.
[1519161] WARN CoverageRunner - Test [Manual]TestMethod=spoon.test.module.TestModule#testModuleOverlappingPackages result was not reported by test-runner.
[1791451] WARN CoverageRunner - Test [Manual]TestMethod=spoon.generating.CorrectIdentifierTest#keyWord result was not reported by test-runner.
[1791451] WARN CoverageRunner - Test [Manual]TestMethod=spoon.generating.CorrectIdentifierTest#keyWord2 result was not reported by test-runner.
[1791451] WARN CoverageRunner - Test [Manual]TestMethod=spoon.generating.CorrectIdentifierTest#keyWord3 result was not reported by test-runner.
[1800004] WARN CoverageRunner - Test [Manual]TestMethod=spoon.support.visitor.java.JavaReflectionTreeBuilderTest#testShadowRecords result was not reported by test-runner.
[2038835] WARN CoverageRunner - Test [Manual]TestMethod=spoon.test.comment.CommentTest#testDocumentationContract result was not reported by test-runner.
[2096179] WARN CoverageRunner - Test [Manual]TestMethod=spoon.test.prettyprinter.TestSniperPrinter#testRoundBracketPrintingInComplexArithmeticExpression result was not reported by test-runner.
[2256103] WARN CoverageRunner - Test [Manual]TestMethod=spoon.generating.CorrectIdentifierTest#keyWord result was not reported by test-runner.
[2256103] WARN CoverageRunner - Test [Manual]TestMethod=spoon.generating.CorrectIdentifierTest#keyWord2 result was not reported by test-runner.
[2256103] WARN CoverageRunner - Test [Manual]TestMethod=spoon.generating.CorrectIdentifierTest#keyWord3 result was not reported by test-runner.
[2264498] WARN CoverageRunner - Test [Manual]TestMethod=spoon.support.visitor.java.JavaReflectionTreeBuilderTest#testShadowRecords result was not reported by test-runner.
[2501455] WARN CoverageRunner - Test [Manual]TestMethod=spoon.test.comment.CommentTest#testDocumentationContract result was not reported by test-runner.
[2559209] WARN CoverageRunner - Test [Manual]TestMethod=spoon.test.prettyprinter.TestSniperPrinter#testRoundBracketPrintingInComplexArithmeticExpression result was not reported by test-runner.
[2686862] INFO CoverageRunner - Tests found: 3092
[2686862] INFO CoverageRunner - Tests executed: 3030
00:43:32.085 [main] INFO  fr.inria.jtravis.JTravis - GitHub ratelimit: Limit: 5000 Remaining: 4775 Reset hour: 00:06:44
00:43:33.201 [main] WARN  f.i.s.r.p.s.p.PushFaultLocalizationSuggestions - Flacoco has found 6746 suspicious lines, but none were matched to the diff
00:43:33.202 [main] INFO  f.i.s.r.p.s.f.FlacocoLocalization - 
00:43:34.064 [main] INFO  f.i.s.r.p.i.ProjectInspector - ----------------------------------------------------------------------
00:43:34.064 [main] INFO  f.i.s.r.p.i.ProjectInspector - PIPELINE EXECUTION SUMMARY
00:43:34.064 [main] INFO  f.i.s.r.p.i.ProjectInspector - ----------------------------------------------------------------------
00:43:34.064 [main] INFO  f.i.s.r.p.i.ProjectInspector - CloneCheckoutGitPullRequest.........................SUCCESS [   10 s ]
00:43:34.064 [main] INFO  f.i.s.r.p.i.ProjectInspector - BuildProject........................................SUCCESS [   66 s ]
00:43:34.064 [main] INFO  f.i.s.r.p.i.ProjectInspector - TestProject.........................................SUCCESS [  224 s ]
00:43:34.064 [main] INFO  f.i.s.r.p.i.ProjectInspector - ComputeClasspath....................................SUCCESS [    4 s ]
00:43:34.064 [main] INFO  f.i.s.r.p.i.ProjectInspector - ComputeSourceDir....................................SUCCESS [    0 s ]
00:43:34.064 [main] INFO  f.i.s.r.p.i.ProjectInspector - ComputeTestDir......................................SUCCESS [    0 s ]
00:43:34.064 [main] INFO  f.i.s.r.p.i.ProjectInspector - GatherTestInformation...............................SUCCESS [    0 s ]
00:43:34.064 [main] INFO  f.i.s.r.p.i.ProjectInspector - FlacocoLocalization.................................SUCCESS [ 2687 s ]
00:43:34.064 [main] INFO  f.i.s.r.p.i.ProjectInspector - PushFaultLocalizationSuggestions....................SKIPPED           
00:43:34.065 [main] INFO  f.i.s.r.p.i.ProjectInspector - ----------------------------------------------------------------------
00:43:34.065 [main] INFO  f.i.s.r.p.i.ProjectInspector - PIPELINE FINDING: TEST FAILURE
00:43:34.065 [main] INFO  f.i.s.r.p.i.ProjectInspector - ----------------------------------------------------------------------
00:43:34.065 [main] INFO  f.i.s.r.p.github.GithubMainProcess - Inspector is finished. The process will exit now.